<?xml version="1.0" encoding="UTF-8"?>
<!-- Generated by org.testng.reporters.JUnitXMLReporter -->
<testsuite hostname="Sambeets-MacBook-Air.local" ignored="28" name="UI_Catalog_Test" tests="15" failures="0" timestamp="08 Aug 2017 00:55:39 GMT" time="770.489" errors="0">
  <testcase name="test_01_Launch_UI_Catalog_HomePage" time="35.837" classname="iOS.UI_Catalog.scripts.Test_01_Launch_UI_Catalog_HomePage"/>
  <testcase name="test_02_UI_Catalog_ActionSheets" time="34.614" classname="iOS.UI_Catalog.scripts.Test_02_UI_Catalog_ActionSheets"/>
  <testcase name="test_03_UI_Catalog_ActivityIndicators" time="13.203" classname="iOS.UI_Catalog.scripts.Test_03_UI_Catalog_ActivityIndicators"/>
  <testcase name="test_04_UI_Catalog_AlertViews" time="86.803" classname="iOS.UI_Catalog.scripts.Test_04_UI_Catalog_AlertViews"/>
  <testcase name="test_05_UI_Catalog_Buttons" time="23.386" classname="iOS.UI_Catalog.scripts.Test_05_UI_Catalog_Buttons"/>
  <testcase name="test_06_UI_Catalog_DatePicker" time="22.308" classname="iOS.UI_Catalog.scripts.Test_06_UI_Catalog_DatePicker"/>
  <testcase name="test_07_UI_Catalog_SegmentedControls" time="68.464" classname="iOS.UI_Catalog.scripts.Test_07_UI_Catalog_SegmentedControls"/>
  <testcase name="test_08_UI_Catalog_Sliders" time="17.435" classname="iOS.UI_Catalog.scripts.Test_08_UI_Catalog_Sliders"/>
  <testcase name="test_09_UI_Catalog_Steppers" time="177.593" classname="iOS.UI_Catalog.scripts.Test_09_UI_Catalog_Steppers"/>
  <testcase name="test_10_UI_Catalog_Switches" time="26.74" classname="iOS.UI_Catalog.scripts.Test_10_UI_Catalog_Switches"/>
  <testcase name="test_11_UI_Catalog_TextFields" time="73.345" classname="iOS.UI_Catalog.scripts.Test_11_UI_Catalog_TextFields"/>
  <testcase name="test_12_UI_Catalog_TextView" time="32.955" classname="iOS.UI_Catalog.scripts.Test_12_UI_Catalog_TextView"/>
  <testcase name="test_13_UI_Catalog_TextView" time="56.457" classname="iOS.UI_Catalog.scripts.Test_13_UI_Catalog_SearchBars"/>
  <testcase name="test_14_UI_Catalog_ToolBars" time="61.69" classname="iOS.UI_Catalog.scripts.Test_14_UI_Catalog_ToolBars"/>
  <testcase name="test_15_UI_Catalog_WebView" time="39.502" classname="iOS.UI_Catalog.scripts.Test_15_UI_Catalog_WebView"/>
  <testcase name="@AfterSuite after_Suite" time="0.0" classname="iOS.BaseClass.Base_Class">
    <ignored/>
  </testcase> <!-- @AfterSuite after_Suite -->
  <testcase name="@AfterSuite after_Suite" time="0.0" classname="iOS.BaseClass.Base_Class">
    <ignored/>
  </testcase> <!-- @AfterSuite after_Suite -->
  <testcase name="@AfterSuite after_Suite" time="0.0" classname="iOS.BaseClass.Base_Class">
    <ignored/>
  </testcase> <!-- @AfterSuite after_Suite -->
  <testcase name="@AfterSuite after_Suite" time="0.0" classname="iOS.BaseClass.Base_Class">
    <ignored/>
  </testcase> <!-- @AfterSuite after_Suite -->
  <testcase name="@AfterSuite after_Suite" time="0.0" classname="iOS.BaseClass.Base_Class">
    <ignored/>
  </testcase> <!-- @AfterSuite after_Suite -->
  <testcase name="@AfterSuite after_Suite" time="0.0" classname="iOS.BaseClass.Base_Class">
    <ignored/>
  </testcase> <!-- @AfterSuite after_Suite -->
  <testcase name="@AfterSuite after_Suite" time="0.0" classname="iOS.BaseClass.Base_Class">
    <ignored/>
  </testcase> <!-- @AfterSuite after_Suite -->
  <testcase name="@AfterSuite after_Suite" time="0.0" classname="iOS.BaseClass.Base_Class">
    <ignored/>
  </testcase> <!-- @AfterSuite after_Suite -->
  <testcase name="@AfterSuite after_Suite" time="0.0" classname="iOS.BaseClass.Base_Class">
    <ignored/>
  </testcase> <!-- @AfterSuite after_Suite -->
  <testcase name="@AfterSuite after_Suite" time="0.0" classname="iOS.BaseClass.Base_Class">
    <ignored/>
  </testcase> <!-- @AfterSuite after_Suite -->
  <testcase name="@AfterSuite after_Suite" time="0.0" classname="iOS.BaseClass.Base_Class">
    <ignored/>
  </testcase> <!-- @AfterSuite after_Suite -->
  <testcase name="@AfterSuite after_Suite" time="0.0" classname="iOS.BaseClass.Base_Class">
    <ignored/>
  </testcase> <!-- @AfterSuite after_Suite -->
  <testcase name="@AfterSuite after_Suite" time="0.0" classname="iOS.BaseClass.Base_Class">
    <ignored/>
  </testcase> <!-- @AfterSuite after_Suite -->
  <testcase name="@AfterSuite after_Suite" time="0.0" classname="iOS.BaseClass.Base_Class">
    <ignored/>
  </testcase> <!-- @AfterSuite after_Suite -->
  <testcase name="@BeforeSuite before_Suite" time="0.0" classname="iOS.BaseClass.Base_Class">
    <ignored/>
  </testcase> <!-- @BeforeSuite before_Suite -->
  <testcase name="@BeforeSuite before_Suite" time="0.0" classname="iOS.BaseClass.Base_Class">
    <ignored/>
  </testcase> <!-- @BeforeSuite before_Suite -->
  <testcase name="@BeforeSuite before_Suite" time="0.0" classname="iOS.BaseClass.Base_Class">
    <ignored/>
  </testcase> <!-- @BeforeSuite before_Suite -->
  <testcase name="@BeforeSuite before_Suite" time="0.0" classname="iOS.BaseClass.Base_Class">
    <ignored/>
  </testcase> <!-- @BeforeSuite before_Suite -->
  <testcase name="@BeforeSuite before_Suite" time="0.0" classname="iOS.BaseClass.Base_Class">
    <ignored/>
  </testcase> <!-- @BeforeSuite before_Suite -->
  <testcase name="@BeforeSuite before_Suite" time="0.0" classname="iOS.BaseClass.Base_Class">
    <ignored/>
  </testcase> <!-- @BeforeSuite before_Suite -->
  <testcase name="@BeforeSuite before_Suite" time="0.0" classname="iOS.BaseClass.Base_Class">
    <ignored/>
  </testcase> <!-- @BeforeSuite before_Suite -->
  <testcase name="@BeforeSuite before_Suite" time="0.0" classname="iOS.BaseClass.Base_Class">
    <ignored/>
  </testcase> <!-- @BeforeSuite before_Suite -->
  <testcase name="@BeforeSuite before_Suite" time="0.0" classname="iOS.BaseClass.Base_Class">
    <ignored/>
  </testcase> <!-- @BeforeSuite before_Suite -->
  <testcase name="@BeforeSuite before_Suite" time="0.0" classname="iOS.BaseClass.Base_Class">
    <ignored/>
  </testcase> <!-- @BeforeSuite before_Suite -->
  <testcase name="@BeforeSuite before_Suite" time="0.0" classname="iOS.BaseClass.Base_Class">
    <ignored/>
  </testcase> <!-- @BeforeSuite before_Suite -->
  <testcase name="@BeforeSuite before_Suite" time="0.0" classname="iOS.BaseClass.Base_Class">
    <ignored/>
  </testcase> <!-- @BeforeSuite before_Suite -->
  <testcase name="@BeforeSuite before_Suite" time="0.0" classname="iOS.BaseClass.Base_Class">
    <ignored/>
  </testcase> <!-- @BeforeSuite before_Suite -->
  <testcase name="@BeforeSuite before_Suite" time="0.0" classname="iOS.BaseClass.Base_Class">
    <ignored/>
  </testcase> <!-- @BeforeSuite before_Suite -->
</testsuite> <!-- UI_Catalog_Test -->
