<?xml version="1.0" encoding="UTF-8"?>
<testng-results skipped="0" failed="0" ignored="28" total="43" passed="15">
  <reporter-output>
    <line>
      <![CDATA[Worksheet for TestData :  /Users/sambeetmohapatra/Downloads/GIT/iOS_Multi_Apps_Project/App_Data_Objects/UI_Catalog/TestData.xls]]>
    </line>
    <line>
      <![CDATA[Page Objects for Test :  /Users/sambeetmohapatra/Downloads/GIT/iOS_Multi_Apps_Project/App_Data_Objects/UI_Catalog/UI_Catalog_PageObjects.json]]>
    </line>
    <line>
      <![CDATA[08_05_2017_07_46_16_941 ***** Suite Execution Started ***** ]]>
    </line>
    <line>
      <![CDATA[08_05_2017_07_46_17_911 -  Waiting for : 10 second(s)]]>
    </line>
    <line>
      <![CDATA[08_05_2017_07_46_27_969 Setting Desired Capabilities - iOS on : iPhone]]>
    </line>
    <line>
      <![CDATA[08_05_2017_07_46_27_973 Launching iOSDriver with capabilities : Capabilities [{noReset=true, platformVersion=10.3, bundleId=com.example.apple-samplecode.UICatalog, platformName=iOS, deviceName=iPhone 7}]]]>
    </line>
    <line>
      <![CDATA[********************* IOS.UI_CATALOG.SCRIPTS.TEST_01_LAUNCH_UI_CATALOG_HOMEPAGE *********************]]>
    </line>
    <line>
      <![CDATA[08_05_2017_07_46_52_636 -  Started Test : test_01_Launch_UI_Catalog_HomePage]]>
    </line>
    <line>
      <![CDATA[08_05_2017_07_46_52_936 -  Waiting For Element : [[IOSDriver:  on MAC (9f462daf-40b9-4efb-99cb-ea7d38e166c0)] -> accessibility id: Action Sheets]]]>
    </line>
    <line>
      <![CDATA[08_05_2017_07_46_53_245 -  Is the Element Displayed on Screen : [[IOSDriver:  on MAC (9f462daf-40b9-4efb-99cb-ea7d38e166c0)] -> accessibility id: Action Sheets]]]>
    </line>
    <line>
      <![CDATA[08_05_2017_07_46_53_502 -  Waiting For Element : [[IOSDriver:  on MAC (9f462daf-40b9-4efb-99cb-ea7d38e166c0)] -> accessibility id: Action Sheets]]]>
    </line>
    <line>
      <![CDATA[08_05_2017_07_46_53_748 -  Fetching the text : [[IOSDriver:  on MAC (9f462daf-40b9-4efb-99cb-ea7d38e166c0)] -> accessibility id: Action Sheets]]]>
    </line>
    <line>
      <![CDATA[08_05_2017_07_46_53_998 -  Waiting For Element : [[IOSDriver:  on MAC (9f462daf-40b9-4efb-99cb-ea7d38e166c0)] -> accessibility id: Action Sheets]]]>
    </line>
    <line>
      <![CDATA[08_05_2017_07_46_54_946 -  Clicked :  [[IOSDriver:  on MAC (9f462daf-40b9-4efb-99cb-ea7d38e166c0)] -> accessibility id: Action Sheets]]]>
    </line>
    <line>
      <![CDATA[08_05_2017_07_46_54_947 -  Waiting for : 1 second(s)]]>
    </line>
    <line>
      <![CDATA[08_05_2017_07_46_56_014 - Capturing Screenshot and Adding to Extent Reports]]>
    </line>
    <line>
      <![CDATA[08_05_2017_07_46_57_239 -  Go Back]]>
    </line>
    <line>
      <![CDATA[08_05_2017_07_46_57_240 -  Is the Element Displayed on Screen : [[IOSDriver:  on MAC (9f462daf-40b9-4efb-99cb-ea7d38e166c0)] -> accessibility id: Action Sheets]]]>
    </line>
    <line>
      <![CDATA[08_05_2017_07_46_57_550 -  Waiting For Element : [[IOSDriver:  on MAC (9f462daf-40b9-4efb-99cb-ea7d38e166c0)] -> accessibility id: Action Sheets]]]>
    </line>
    <line>
      <![CDATA[08_05_2017_07_46_57_881 -  Fetching the text : [[IOSDriver:  on MAC (9f462daf-40b9-4efb-99cb-ea7d38e166c0)] -> accessibility id: Action Sheets]]]>
    </line>
    <line>
      <![CDATA[08_05_2017_07_46_58_986 -  Swiping Down to Element[[IOSDriver:  on MAC (9f462daf-40b9-4efb-99cb-ea7d38e166c0)] -> accessibility id: Toolbars]]]>
    </line>
    <line>
      <![CDATA[08_05_2017_07_47_03_343 -  Swiping Down to Element[[IOSDriver:  on MAC (9f462daf-40b9-4efb-99cb-ea7d38e166c0)] -> accessibility id: Toolbars]]]>
    </line>
    <line>
      <![CDATA[08_05_2017_07_47_10_178 -  Single Tap On Element : [[IOSDriver:  on MAC (9f462daf-40b9-4efb-99cb-ea7d38e166c0)] -> accessibility id: Toolbars]]]>
    </line>
    <line>
      <![CDATA[08_05_2017_07_47_10_408 -  Waiting For Element : [[IOSDriver:  on MAC (9f462daf-40b9-4efb-99cb-ea7d38e166c0)] -> accessibility id: Toolbars]]]>
    </line>
    <line>
      <![CDATA[08_05_2017_07_47_10_577 -  Waiting for : 1 second(s)]]>
    </line>
    <line>
      <![CDATA[08_05_2017_07_47_11_644 - Capturing Screenshot and Adding to Extent Reports]]>
    </line>
    <line>
      <![CDATA[08_05_2017_07_47_12_979 -  Go Back]]>
    </line>
    <line>
      <![CDATA[08_05_2017_07_47_12_979 -  Waiting For Element : [[IOSDriver:  on MAC (9f462daf-40b9-4efb-99cb-ea7d38e166c0)] -> accessibility id: Toolbars]]]>
    </line>
    <line>
      <![CDATA[08_05_2017_07_47_13_287 -  Fetching the text : [[IOSDriver:  on MAC (9f462daf-40b9-4efb-99cb-ea7d38e166c0)] -> accessibility id: Toolbars]]]>
    </line>
    <line>
      <![CDATA[08_05_2017_07_47_14_435 -  Swiping Down to Element[[IOSDriver:  on MAC (9f462daf-40b9-4efb-99cb-ea7d38e166c0)] -> accessibility id: Action Sheets]]]>
    </line>
    <line>
      <![CDATA[08_05_2017_07_47_19_024 -  Swiping Down to Element[[IOSDriver:  on MAC (9f462daf-40b9-4efb-99cb-ea7d38e166c0)] -> accessibility id: Action Sheets]]]>
    </line>
    <line>
      <![CDATA[08_05_2017_07_47_23_466 -  Test Passed :  test_01_Launch_UI_Catalog_HomePage]]>
    </line>
    <line>
      <![CDATA[08_05_2017_07_47_23_467    ***************** Execution Complete : TEST_01_LAUNCH_UI_CATALOG_HOMEPAGE ******************]]>
    </line>
    <line>
      <![CDATA[********************* IOS.UI_CATALOG.SCRIPTS.TEST_02_UI_CATALOG_ACTIONSHEETS *********************]]>
    </line>
    <line>
      <![CDATA[08_05_2017_07_47_23_471 -  Started Test : test_02_UI_Catalog_ActionSheets]]>
    </line>
    <line>
      <![CDATA[08_05_2017_07_47_23_746 -  Waiting For Element : [[IOSDriver:  on MAC (9f462daf-40b9-4efb-99cb-ea7d38e166c0)] -> accessibility id: Action Sheets]]]>
    </line>
    <line>
      <![CDATA[08_05_2017_07_47_23_997 -  Is the Element Displayed on Screen : [[IOSDriver:  on MAC (9f462daf-40b9-4efb-99cb-ea7d38e166c0)] -> accessibility id: Action Sheets]]]>
    </line>
    <line>
      <![CDATA[08_05_2017_07_47_24_249 -  Waiting For Element : [[IOSDriver:  on MAC (9f462daf-40b9-4efb-99cb-ea7d38e166c0)] -> accessibility id: Action Sheets]]]>
    </line>
    <line>
      <![CDATA[08_05_2017_07_47_24_523 -  Fetching the text : [[IOSDriver:  on MAC (9f462daf-40b9-4efb-99cb-ea7d38e166c0)] -> accessibility id: Action Sheets]]]>
    </line>
    <line>
      <![CDATA[08_05_2017_07_47_24_824 -  Waiting For Element : [[IOSDriver:  on MAC (9f462daf-40b9-4efb-99cb-ea7d38e166c0)] -> accessibility id: Action Sheets]]]>
    </line>
    <line>
      <![CDATA[08_05_2017_07_47_25_763 -  Clicked :  [[IOSDriver:  on MAC (9f462daf-40b9-4efb-99cb-ea7d38e166c0)] -> accessibility id: Action Sheets]]]>
    </line>
    <line>
      <![CDATA[08_05_2017_07_47_26_117 -  Waiting For Element : [[IOSDriver:  on MAC (9f462daf-40b9-4efb-99cb-ea7d38e166c0)] -> accessibility id: Action Sheets]]]>
    </line>
    <line>
      <![CDATA[08_05_2017_07_47_26_362 -  Is the Element Displayed on Screen : [[IOSDriver:  on MAC (9f462daf-40b9-4efb-99cb-ea7d38e166c0)] -> accessibility id: Action Sheets]]]>
    </line>
    <line>
      <![CDATA[08_05_2017_07_47_26_752 -  Waiting For Element : [[IOSDriver:  on MAC (9f462daf-40b9-4efb-99cb-ea7d38e166c0)] -> accessibility id: Okay / Cancel]]]>
    </line>
    <line>
      <![CDATA[08_05_2017_07_47_26_931 -  Is the Element Displayed on Screen : [[IOSDriver:  on MAC (9f462daf-40b9-4efb-99cb-ea7d38e166c0)] -> accessibility id: Okay / Cancel]]]>
    </line>
    <line>
      <![CDATA[08_05_2017_07_47_27_301 -  Waiting For Element : [[IOSDriver:  on MAC (9f462daf-40b9-4efb-99cb-ea7d38e166c0)] -> accessibility id: Other]]]>
    </line>
    <line>
      <![CDATA[08_05_2017_07_47_27_466 -  Is the Element Displayed on Screen : [[IOSDriver:  on MAC (9f462daf-40b9-4efb-99cb-ea7d38e166c0)] -> accessibility id: Other]]]>
    </line>
    <line>
      <![CDATA[08_05_2017_07_47_27_856 -  Waiting For Element : [[IOSDriver:  on MAC (9f462daf-40b9-4efb-99cb-ea7d38e166c0)] -> accessibility id: Back]]]>
    </line>
    <line>
      <![CDATA[08_05_2017_07_47_28_017 -  Is the Element Displayed on Screen : [[IOSDriver:  on MAC (9f462daf-40b9-4efb-99cb-ea7d38e166c0)] -> accessibility id: Back]]]>
    </line>
    <line>
      <![CDATA[08_05_2017_07_47_28_376 -  Waiting For Element : [[IOSDriver:  on MAC (9f462daf-40b9-4efb-99cb-ea7d38e166c0)] -> accessibility id: UICatalog]]]>
    </line>
    <line>
      <![CDATA[08_05_2017_07_47_28_554 -  Is the Element Displayed on Screen : [[IOSDriver:  on MAC (9f462daf-40b9-4efb-99cb-ea7d38e166c0)] -> accessibility id: UICatalog]]]>
    </line>
    <line>
      <![CDATA[08_05_2017_07_47_28_931 -  Waiting For Element : [[IOSDriver:  on MAC (9f462daf-40b9-4efb-99cb-ea7d38e166c0)] -> accessibility id: Okay / Cancel]]]>
    </line>
    <line>
      <![CDATA[08_05_2017_07_47_29_638 -  Clicked :  [[IOSDriver:  on MAC (9f462daf-40b9-4efb-99cb-ea7d38e166c0)] -> accessibility id: Okay / Cancel]]]>
    </line>
    <line>
      <![CDATA[08_05_2017_07_47_29_875 -  Waiting For Element : [[IOSDriver:  on MAC (9f462daf-40b9-4efb-99cb-ea7d38e166c0)] -> accessibility id: OK]]]>
    </line>
    <line>
      <![CDATA[08_05_2017_07_47_30_025 -  Is the Element Displayed on Screen : [[IOSDriver:  on MAC (9f462daf-40b9-4efb-99cb-ea7d38e166c0)] -> accessibility id: OK]]]>
    </line>
    <line>
      <![CDATA[08_05_2017_07_47_30_319 -  Waiting For Element : [[IOSDriver:  on MAC (9f462daf-40b9-4efb-99cb-ea7d38e166c0)] -> accessibility id: Cancel]]]>
    </line>
    <line>
      <![CDATA[08_05_2017_07_47_30_447 -  Is the Element Displayed on Screen : [[IOSDriver:  on MAC (9f462daf-40b9-4efb-99cb-ea7d38e166c0)] -> accessibility id: Cancel]]]>
    </line>
    <line>
      <![CDATA[08_05_2017_07_47_30_724 -  Waiting For Element : [[IOSDriver:  on MAC (9f462daf-40b9-4efb-99cb-ea7d38e166c0)] -> accessibility id: OK]]]>
    </line>
    <line>
      <![CDATA[08_05_2017_07_47_30_849 -  Fetching the text : [[IOSDriver:  on MAC (9f462daf-40b9-4efb-99cb-ea7d38e166c0)] -> accessibility id: OK]]]>
    </line>
    <line>
      <![CDATA[08_05_2017_07_47_30_964 -  Waiting for : 1 second(s)]]>
    </line>
    <line>
      <![CDATA[08_05_2017_07_47_32_032 - Capturing Screenshot and Adding to Extent Reports]]>
    </line>
    <line>
      <![CDATA[08_05_2017_07_47_32_255 -  Waiting For Element : [[IOSDriver:  on MAC (9f462daf-40b9-4efb-99cb-ea7d38e166c0)] -> accessibility id: OK]]]>
    </line>
    <line>
      <![CDATA[08_05_2017_07_47_32_967 -  Clicked :  [[IOSDriver:  on MAC (9f462daf-40b9-4efb-99cb-ea7d38e166c0)] -> accessibility id: OK]]]>
    </line>
    <line>
      <![CDATA[08_05_2017_07_47_43_633 -  Waiting For Element : [[IOSDriver:  on MAC (9f462daf-40b9-4efb-99cb-ea7d38e166c0)] -> accessibility id: Action Sheets]]]>
    </line>
    <line>
      <![CDATA[08_05_2017_07_47_43_822 -  Is the Element Displayed on Screen : [[IOSDriver:  on MAC (9f462daf-40b9-4efb-99cb-ea7d38e166c0)] -> accessibility id: Action Sheets]]]>
    </line>
    <line>
      <![CDATA[08_05_2017_07_47_44_200 -  Waiting For Element : [[IOSDriver:  on MAC (9f462daf-40b9-4efb-99cb-ea7d38e166c0)] -> accessibility id: Okay / Cancel]]]>
    </line>
    <line>
      <![CDATA[08_05_2017_07_47_44_968 -  Clicked :  [[IOSDriver:  on MAC (9f462daf-40b9-4efb-99cb-ea7d38e166c0)] -> accessibility id: Okay / Cancel]]]>
    </line>
    <line>
      <![CDATA[08_05_2017_07_47_45_139 -  Waiting For Element : [[IOSDriver:  on MAC (9f462daf-40b9-4efb-99cb-ea7d38e166c0)] -> accessibility id: Cancel]]]>
    </line>
    <line>
      <![CDATA[08_05_2017_07_47_45_905 -  Clicked :  [[IOSDriver:  on MAC (9f462daf-40b9-4efb-99cb-ea7d38e166c0)] -> accessibility id: Cancel]]]>
    </line>
    <line>
      <![CDATA[08_05_2017_07_47_56_376 -  Waiting For Element : [[IOSDriver:  on MAC (9f462daf-40b9-4efb-99cb-ea7d38e166c0)] -> accessibility id: Action Sheets]]]>
    </line>
    <line>
      <![CDATA[08_05_2017_07_47_56_567 -  Is the Element Displayed on Screen : [[IOSDriver:  on MAC (9f462daf-40b9-4efb-99cb-ea7d38e166c0)] -> accessibility id: Action Sheets]]]>
    </line>
    <line>
      <![CDATA[08_05_2017_07_47_59_293 -  Single Tap On Element : [[IOSDriver:  on MAC (9f462daf-40b9-4efb-99cb-ea7d38e166c0)] -> accessibility id: Other]]]>
    </line>
    <line>
      <![CDATA[08_05_2017_07_47_59_427 -  Waiting For Element : [[IOSDriver:  on MAC (9f462daf-40b9-4efb-99cb-ea7d38e166c0)] -> accessibility id: Safe Choice]]]>
    </line>
    <line>
      <![CDATA[08_05_2017_07_47_59_543 -  Is the Element Displayed on Screen : [[IOSDriver:  on MAC (9f462daf-40b9-4efb-99cb-ea7d38e166c0)] -> accessibility id: Safe Choice]]]>
    </line>
    <line>
      <![CDATA[08_05_2017_07_47_59_824 -  Waiting For Element : [[IOSDriver:  on MAC (9f462daf-40b9-4efb-99cb-ea7d38e166c0)] -> accessibility id: Destructive Choice]]]>
    </line>
    <line>
      <![CDATA[08_05_2017_07_47_59_958 -  Is the Element Displayed on Screen : [[IOSDriver:  on MAC (9f462daf-40b9-4efb-99cb-ea7d38e166c0)] -> accessibility id: Destructive Choice]]]>
    </line>
    <line>
      <![CDATA[08_05_2017_07_48_00_236 -  Waiting For Element : [[IOSDriver:  on MAC (9f462daf-40b9-4efb-99cb-ea7d38e166c0)] -> accessibility id: Safe Choice]]]>
    </line>
    <line>
      <![CDATA[08_05_2017_07_48_00_355 -  Fetching the text : [[IOSDriver:  on MAC (9f462daf-40b9-4efb-99cb-ea7d38e166c0)] -> accessibility id: Safe Choice]]]>
    </line>
    <line>
      <![CDATA[08_05_2017_07_48_00_617 -  Waiting For Element : [[IOSDriver:  on MAC (9f462daf-40b9-4efb-99cb-ea7d38e166c0)] -> accessibility id: Destructive Choice]]]>
    </line>
    <line>
      <![CDATA[08_05_2017_07_48_00_752 -  Fetching the text : [[IOSDriver:  on MAC (9f462daf-40b9-4efb-99cb-ea7d38e166c0)] -> accessibility id: Destructive Choice]]]>
    </line>
    <line>
      <![CDATA[08_05_2017_07_48_00_857 -  Waiting for : 1 second(s)]]>
    </line>
    <line>
      <![CDATA[08_05_2017_07_48_01_858 - Capturing Screenshot and Adding to Extent Reports]]>
    </line>
    <line>
      <![CDATA[08_05_2017_07_48_04_465 -  Single Tap On Element : [[IOSDriver:  on MAC (9f462daf-40b9-4efb-99cb-ea7d38e166c0)] -> accessibility id: Safe Choice]]]>
    </line>
    <line>
      <![CDATA[08_05_2017_07_48_07_059 -  Single Tap On Element : [[IOSDriver:  on MAC (9f462daf-40b9-4efb-99cb-ea7d38e166c0)] -> accessibility id: Other]]]>
    </line>
    <line>
      <![CDATA[08_05_2017_07_48_09_496 -  Single Tap On Element : [[IOSDriver:  on MAC (9f462daf-40b9-4efb-99cb-ea7d38e166c0)] -> accessibility id: Destructive Choice]]]>
    </line>
    <line>
      <![CDATA[08_05_2017_07_48_10_615 -  Go Back]]>
    </line>
    <line>
      <![CDATA[08_05_2017_07_48_10_616 -  Waiting For Element : [[IOSDriver:  on MAC (9f462daf-40b9-4efb-99cb-ea7d38e166c0)] -> accessibility id: Action Sheets]]]>
    </line>
    <line>
      <![CDATA[08_05_2017_07_48_11_668 -  Clicked :  [[IOSDriver:  on MAC (9f462daf-40b9-4efb-99cb-ea7d38e166c0)] -> accessibility id: Action Sheets]]]>
    </line>
    <line>
      <![CDATA[08_05_2017_07_48_14_505 -  Single Tap On Element : [[IOSDriver:  on MAC (9f462daf-40b9-4efb-99cb-ea7d38e166c0)] -> accessibility id: Back]]]>
    </line>
    <line>
      <![CDATA[08_05_2017_07_48_14_506 -  Test Passed :  test_02_UI_Catalog_ActionSheets]]>
    </line>
    <line>
      <![CDATA[08_05_2017_07_48_14_506    ***************** Execution Complete : TEST_02_UI_CATALOG_ACTIONSHEETS ******************]]>
    </line>
    <line>
      <![CDATA[********************* IOS.UI_CATALOG.SCRIPTS.TEST_03_UI_CATALOG_ACTIVITYINDICATORS *********************]]>
    </line>
    <line>
      <![CDATA[08_05_2017_07_48_14_507 -  Started Test : test_03_UI_Catalog_ActivityIndicators]]>
    </line>
    <line>
      <![CDATA[08_05_2017_07_48_14_808 -  Waiting For Element : [[IOSDriver:  on MAC (9f462daf-40b9-4efb-99cb-ea7d38e166c0)] -> accessibility id: Activity Indicators]]]>
    </line>
    <line>
      <![CDATA[08_05_2017_07_48_15_090 -  Is the Element Displayed on Screen : [[IOSDriver:  on MAC (9f462daf-40b9-4efb-99cb-ea7d38e166c0)] -> accessibility id: Activity Indicators]]]>
    </line>
    <line>
      <![CDATA[08_05_2017_07_48_15_415 -  Waiting For Element : [[IOSDriver:  on MAC (9f462daf-40b9-4efb-99cb-ea7d38e166c0)] -> accessibility id: Activity Indicators]]]>
    </line>
    <line>
      <![CDATA[08_05_2017_07_48_15_690 -  Fetching the text : [[IOSDriver:  on MAC (9f462daf-40b9-4efb-99cb-ea7d38e166c0)] -> accessibility id: Activity Indicators]]]>
    </line>
    <line>
      <![CDATA[08_05_2017_07_48_15_952 -  Waiting For Element : [[IOSDriver:  on MAC (9f462daf-40b9-4efb-99cb-ea7d38e166c0)] -> accessibility id: Activity Indicators]]]>
    </line>
    <line>
      <![CDATA[08_05_2017_07_48_16_911 -  Clicked :  [[IOSDriver:  on MAC (9f462daf-40b9-4efb-99cb-ea7d38e166c0)] -> accessibility id: Activity Indicators]]]>
    </line>
    <line>
      <![CDATA[08_05_2017_07_48_17_335 -  Waiting For Element : [[IOSDriver:  on MAC (9f462daf-40b9-4efb-99cb-ea7d38e166c0)] -> accessibility id: Activity Indicators]]]>
    </line>
    <line>
      <![CDATA[08_05_2017_07_48_17_641 -  Is the Element Displayed on Screen : [[IOSDriver:  on MAC (9f462daf-40b9-4efb-99cb-ea7d38e166c0)] -> accessibility id: Activity Indicators]]]>
    </line>
    <line>
      <![CDATA[08_05_2017_07_48_18_097 -  Waiting For Element : [[IOSDriver:  on MAC (9f462daf-40b9-4efb-99cb-ea7d38e166c0)] -> accessibility id: GRAY]]]>
    </line>
    <line>
      <![CDATA[08_05_2017_07_48_18_313 -  Is the Element Displayed on Screen : [[IOSDriver:  on MAC (9f462daf-40b9-4efb-99cb-ea7d38e166c0)] -> accessibility id: GRAY]]]>
    </line>
    <line>
      <![CDATA[08_05_2017_07_48_18_710 -  Waiting For Element : [[IOSDriver:  on MAC (9f462daf-40b9-4efb-99cb-ea7d38e166c0)] -> accessibility id: TINTED]]]>
    </line>
    <line>
      <![CDATA[08_05_2017_07_48_18_898 -  Is the Element Displayed on Screen : [[IOSDriver:  on MAC (9f462daf-40b9-4efb-99cb-ea7d38e166c0)] -> accessibility id: TINTED]]]>
    </line>
    <line>
      <![CDATA[08_05_2017_07_48_19_887 -  Waiting For Element : [[IOSDriver:  on MAC (9f462daf-40b9-4efb-99cb-ea7d38e166c0)] -> xpath: //XCUIElementTypeActivityIndicator[1]]]]>
    </line>
    <line>
      <![CDATA[08_05_2017_07_48_20_824 -  Waiting for : 1 second(s)]]>
    </line>
    <line>
      <![CDATA[08_05_2017_07_48_21_877 - Capturing Screenshot and Adding to Extent Reports]]>
    </line>
    <line>
      <![CDATA[08_05_2017_07_48_23_655 -  Go Back]]>
    </line>
    <line>
      <![CDATA[08_05_2017_07_48_23_655 -  Waiting For Element : [[IOSDriver:  on MAC (9f462daf-40b9-4efb-99cb-ea7d38e166c0)] -> accessibility id: Activity Indicators]]]>
    </line>
    <line>
      <![CDATA[08_05_2017_07_48_24_776 -  Clicked :  [[IOSDriver:  on MAC (9f462daf-40b9-4efb-99cb-ea7d38e166c0)] -> accessibility id: Activity Indicators]]]>
    </line>
    <line>
      <![CDATA[08_05_2017_07_48_27_594 -  Single Tap On Element : [[IOSDriver:  on MAC (9f462daf-40b9-4efb-99cb-ea7d38e166c0)] -> accessibility id: Back]]]>
    </line>
    <line>
      <![CDATA[08_05_2017_07_48_27_595 -  Test Passed :  test_03_UI_Catalog_ActivityIndicators]]>
    </line>
    <line>
      <![CDATA[08_05_2017_07_48_27_595    ***************** Execution Complete : TEST_03_UI_CATALOG_ACTIVITYINDICATORS ******************]]>
    </line>
    <line>
      <![CDATA[********************* IOS.UI_CATALOG.SCRIPTS.TEST_04_UI_CATALOG_ALERTVIEWS *********************]]>
    </line>
    <line>
      <![CDATA[08_05_2017_07_48_27_611 -  Started Test : test_04_UI_Catalog_AlertViews]]>
    </line>
    <line>
      <![CDATA[08_05_2017_07_48_27_891 -  Waiting For Element : [[IOSDriver:  on MAC (9f462daf-40b9-4efb-99cb-ea7d38e166c0)] -> accessibility id: Alert Views]]]>
    </line>
    <line>
      <![CDATA[08_05_2017_07_48_28_156 -  Is the Element Displayed on Screen : [[IOSDriver:  on MAC (9f462daf-40b9-4efb-99cb-ea7d38e166c0)] -> accessibility id: Alert Views]]]>
    </line>
    <line>
      <![CDATA[08_05_2017_07_48_28_446 -  Waiting For Element : [[IOSDriver:  on MAC (9f462daf-40b9-4efb-99cb-ea7d38e166c0)] -> accessibility id: Alert Views]]]>
    </line>
    <line>
      <![CDATA[08_05_2017_07_48_28_746 -  Fetching the text : [[IOSDriver:  on MAC (9f462daf-40b9-4efb-99cb-ea7d38e166c0)] -> accessibility id: Alert Views]]]>
    </line>
    <line>
      <![CDATA[08_05_2017_07_48_29_010 -  Waiting For Element : [[IOSDriver:  on MAC (9f462daf-40b9-4efb-99cb-ea7d38e166c0)] -> accessibility id: Alert Views]]]>
    </line>
    <line>
      <![CDATA[08_05_2017_07_48_29_979 -  Clicked :  [[IOSDriver:  on MAC (9f462daf-40b9-4efb-99cb-ea7d38e166c0)] -> accessibility id: Alert Views]]]>
    </line>
    <line>
      <![CDATA[08_05_2017_07_48_30_370 -  Waiting For Element : [[IOSDriver:  on MAC (9f462daf-40b9-4efb-99cb-ea7d38e166c0)] -> accessibility id: Alert Views]]]>
    </line>
    <line>
      <![CDATA[08_05_2017_07_48_30_651 -  Is the Element Displayed on Screen : [[IOSDriver:  on MAC (9f462daf-40b9-4efb-99cb-ea7d38e166c0)] -> accessibility id: Alert Views]]]>
    </line>
    <line>
      <![CDATA[08_05_2017_07_48_31_123 -  Waiting For Element : [[IOSDriver:  on MAC (9f462daf-40b9-4efb-99cb-ea7d38e166c0)] -> accessibility id: Simple]]]>
    </line>
    <line>
      <![CDATA[08_05_2017_07_48_31_311 -  Is the Element Displayed on Screen : [[IOSDriver:  on MAC (9f462daf-40b9-4efb-99cb-ea7d38e166c0)] -> accessibility id: Simple]]]>
    </line>
    <line>
      <![CDATA[08_05_2017_07_48_31_732 -  Waiting For Element : [[IOSDriver:  on MAC (9f462daf-40b9-4efb-99cb-ea7d38e166c0)] -> accessibility id: Okay / Cancel]]]>
    </line>
    <line>
      <![CDATA[08_05_2017_07_48_31_923 -  Is the Element Displayed on Screen : [[IOSDriver:  on MAC (9f462daf-40b9-4efb-99cb-ea7d38e166c0)] -> accessibility id: Okay / Cancel]]]>
    </line>
    <line>
      <![CDATA[08_05_2017_07_48_32_327 -  Waiting For Element : [[IOSDriver:  on MAC (9f462daf-40b9-4efb-99cb-ea7d38e166c0)] -> accessibility id: Other]]]>
    </line>
    <line>
      <![CDATA[08_05_2017_07_48_32_539 -  Is the Element Displayed on Screen : [[IOSDriver:  on MAC (9f462daf-40b9-4efb-99cb-ea7d38e166c0)] -> accessibility id: Other]]]>
    </line>
    <line>
      <![CDATA[08_05_2017_07_48_32_967 -  Waiting For Element : [[IOSDriver:  on MAC (9f462daf-40b9-4efb-99cb-ea7d38e166c0)] -> accessibility id: Text Entry]]]>
    </line>
    <line>
      <![CDATA[08_05_2017_07_48_33_174 -  Is the Element Displayed on Screen : [[IOSDriver:  on MAC (9f462daf-40b9-4efb-99cb-ea7d38e166c0)] -> accessibility id: Text Entry]]]>
    </line>
    <line>
      <![CDATA[08_05_2017_07_48_33_595 -  Waiting For Element : [[IOSDriver:  on MAC (9f462daf-40b9-4efb-99cb-ea7d38e166c0)] -> accessibility id: Secure Text Entry]]]>
    </line>
    <line>
      <![CDATA[08_05_2017_07_48_33_759 -  Is the Element Displayed on Screen : [[IOSDriver:  on MAC (9f462daf-40b9-4efb-99cb-ea7d38e166c0)] -> accessibility id: Secure Text Entry]]]>
    </line>
    <line>
      <![CDATA[08_05_2017_07_48_34_158 -  Waiting For Element : [[IOSDriver:  on MAC (9f462daf-40b9-4efb-99cb-ea7d38e166c0)] -> accessibility id: Simple]]]>
    </line>
    <line>
      <![CDATA[08_05_2017_07_48_34_886 -  Clicked :  [[IOSDriver:  on MAC (9f462daf-40b9-4efb-99cb-ea7d38e166c0)] -> accessibility id: Simple]]]>
    </line>
    <line>
      <![CDATA[08_05_2017_07_48_34_887 -  Waiting For alert to be displayed ]]>
    </line>
    <line>
      <![CDATA[08_05_2017_07_48_35_378 -  Waiting for : 1 second(s)]]>
    </line>
    <line>
      <![CDATA[08_05_2017_07_48_36_450 - Capturing Screenshot and Adding to Extent Reports]]>
    </line>
    <line>
      <![CDATA[08_05_2017_07_48_36_741 -  Waiting For Element : [[IOSDriver:  on MAC (9f462daf-40b9-4efb-99cb-ea7d38e166c0)] -> accessibility id: A Short Title Is Best]]]>
    </line>
    <line>
      <![CDATA[08_05_2017_07_48_36_871 -  Is the Element Displayed on Screen : [[IOSDriver:  on MAC (9f462daf-40b9-4efb-99cb-ea7d38e166c0)] -> accessibility id: A Short Title Is Best]]]>
    </line>
    <line>
      <![CDATA[08_05_2017_07_48_37_003 -  Waiting For Element : [[IOSDriver:  on MAC (9f462daf-40b9-4efb-99cb-ea7d38e166c0)] -> accessibility id: A Short Title Is Best]]]>
    </line>
    <line>
      <![CDATA[08_05_2017_07_48_37_152 -  Fetching the text : [[IOSDriver:  on MAC (9f462daf-40b9-4efb-99cb-ea7d38e166c0)] -> accessibility id: A Short Title Is Best]]]>
    </line>
    <line>
      <![CDATA[08_05_2017_07_48_37_286 -  Waiting For Element : [[IOSDriver:  on MAC (9f462daf-40b9-4efb-99cb-ea7d38e166c0)] -> accessibility id: A Short Title Is Best]]]>
    </line>
    <line>
      <![CDATA[08_05_2017_07_48_37_407 -  Fetching the text : [[IOSDriver:  on MAC (9f462daf-40b9-4efb-99cb-ea7d38e166c0)] -> accessibility id: A Short Title Is Best]]]>
    </line>
    <line>
      <![CDATA[08_05_2017_07_48_37_699 -  Waiting For Element : [[IOSDriver:  on MAC (9f462daf-40b9-4efb-99cb-ea7d38e166c0)] -> accessibility id: A message should be a short, complete sentence.]]]>
    </line>
    <line>
      <![CDATA[08_05_2017_07_48_37_820 -  Is the Element Displayed on Screen : [[IOSDriver:  on MAC (9f462daf-40b9-4efb-99cb-ea7d38e166c0)] -> accessibility id: A message should be a short, complete sentence.]]]>
    </line>
    <line>
      <![CDATA[08_05_2017_07_48_37_947 -  Waiting For Element : [[IOSDriver:  on MAC (9f462daf-40b9-4efb-99cb-ea7d38e166c0)] -> accessibility id: A message should be a short, complete sentence.]]]>
    </line>
    <line>
      <![CDATA[08_05_2017_07_48_38_084 -  Fetching the text : [[IOSDriver:  on MAC (9f462daf-40b9-4efb-99cb-ea7d38e166c0)] -> accessibility id: A message should be a short, complete sentence.]]]>
    </line>
    <line>
      <![CDATA[08_05_2017_07_48_38_219 -  Waiting For Element : [[IOSDriver:  on MAC (9f462daf-40b9-4efb-99cb-ea7d38e166c0)] -> accessibility id: A message should be a short, complete sentence.]]]>
    </line>
    <line>
      <![CDATA[08_05_2017_07_48_38_341 -  Fetching the text : [[IOSDriver:  on MAC (9f462daf-40b9-4efb-99cb-ea7d38e166c0)] -> accessibility id: A message should be a short, complete sentence.]]]>
    </line>
    <line>
      <![CDATA[08_05_2017_07_48_38_629 -  Waiting For Element : [[IOSDriver:  on MAC (9f462daf-40b9-4efb-99cb-ea7d38e166c0)] -> accessibility id: OK]]]>
    </line>
    <line>
      <![CDATA[08_05_2017_07_48_38_777 -  Is the Element Displayed on Screen : [[IOSDriver:  on MAC (9f462daf-40b9-4efb-99cb-ea7d38e166c0)] -> accessibility id: OK]]]>
    </line>
    <line>
      <![CDATA[08_05_2017_07_48_40_055 -  Accepted Alert]]>
    </line>
    <line>
      <![CDATA[08_05_2017_07_48_41_102 -  Waiting For Element : [[IOSDriver:  on MAC (9f462daf-40b9-4efb-99cb-ea7d38e166c0)] -> xpath: //XCUIElementTypeStaticText[@name='Okay / Cancel']]]]>
    </line>
    <line>
      <![CDATA[08_05_2017_07_48_41_861 -  Clicked :  [[IOSDriver:  on MAC (9f462daf-40b9-4efb-99cb-ea7d38e166c0)] -> xpath: //XCUIElementTypeStaticText[@name='Okay / Cancel']]]]>
    </line>
    <line>
      <![CDATA[08_05_2017_07_48_41_861 -  Waiting For alert to be displayed ]]>
    </line>
    <line>
      <![CDATA[08_05_2017_07_48_42_429 -  Waiting for : 1 second(s)]]>
    </line>
    <line>
      <![CDATA[08_05_2017_07_48_43_484 - Capturing Screenshot and Adding to Extent Reports]]>
    </line>
    <line>
      <![CDATA[08_05_2017_07_48_43_573 -  Is the Element Displayed on Screen : [[IOSDriver:  on MAC (9f462daf-40b9-4efb-99cb-ea7d38e166c0)] -> accessibility id: A Short Title Is Best]]]>
    </line>
    <line>
      <![CDATA[08_05_2017_07_48_43_710 -  Waiting For Element : [[IOSDriver:  on MAC (9f462daf-40b9-4efb-99cb-ea7d38e166c0)] -> accessibility id: A Short Title Is Best]]]>
    </line>
    <line>
      <![CDATA[08_05_2017_07_48_43_859 -  Fetching the text : [[IOSDriver:  on MAC (9f462daf-40b9-4efb-99cb-ea7d38e166c0)] -> accessibility id: A Short Title Is Best]]]>
    </line>
    <line>
      <![CDATA[08_05_2017_07_48_44_027 -  Is the Element Displayed on Screen : [[IOSDriver:  on MAC (9f462daf-40b9-4efb-99cb-ea7d38e166c0)] -> accessibility id: A message should be a short, complete sentence.]]]>
    </line>
    <line>
      <![CDATA[08_05_2017_07_48_44_150 -  Waiting For Element : [[IOSDriver:  on MAC (9f462daf-40b9-4efb-99cb-ea7d38e166c0)] -> accessibility id: A message should be a short, complete sentence.]]]>
    </line>
    <line>
      <![CDATA[08_05_2017_07_48_44_291 -  Fetching the text : [[IOSDriver:  on MAC (9f462daf-40b9-4efb-99cb-ea7d38e166c0)] -> accessibility id: A message should be a short, complete sentence.]]]>
    </line>
    <line>
      <![CDATA[08_05_2017_07_48_45_762 -  Accepted Alert]]>
    </line>
    <line>
      <![CDATA[08_05_2017_07_48_46_598 -  Waiting For Element : [[IOSDriver:  on MAC (9f462daf-40b9-4efb-99cb-ea7d38e166c0)] -> xpath: //XCUIElementTypeStaticText[@name='Okay / Cancel']]]]>
    </line>
    <line>
      <![CDATA[08_05_2017_07_48_47_416 -  Clicked :  [[IOSDriver:  on MAC (9f462daf-40b9-4efb-99cb-ea7d38e166c0)] -> xpath: //XCUIElementTypeStaticText[@name='Okay / Cancel']]]]>
    </line>
    <line>
      <![CDATA[08_05_2017_07_48_47_417 -  Waiting For alert to be displayed ]]>
    </line>
    <line>
      <![CDATA[08_05_2017_07_48_49_285 -  Dismissed Alert]]>
    </line>
    <line>
      <![CDATA[08_05_2017_07_48_49_533 -  Waiting For Element : [[IOSDriver:  on MAC (9f462daf-40b9-4efb-99cb-ea7d38e166c0)] -> accessibility id: Other]]]>
    </line>
    <line>
      <![CDATA[08_05_2017_07_48_50_411 -  Clicked :  [[IOSDriver:  on MAC (9f462daf-40b9-4efb-99cb-ea7d38e166c0)] -> accessibility id: Other]]]>
    </line>
    <line>
      <![CDATA[08_05_2017_07_48_50_411 -  Waiting For alert to be displayed ]]>
    </line>
    <line>
      <![CDATA[08_05_2017_07_48_51_086 -  Is the Element Displayed on Screen : [[IOSDriver:  on MAC (9f462daf-40b9-4efb-99cb-ea7d38e166c0)] -> accessibility id: A Short Title Is Best]]]>
    </line>
    <line>
      <![CDATA[08_05_2017_07_48_51_227 -  Waiting For Element : [[IOSDriver:  on MAC (9f462daf-40b9-4efb-99cb-ea7d38e166c0)] -> accessibility id: A Short Title Is Best]]]>
    </line>
    <line>
      <![CDATA[08_05_2017_07_48_51_375 -  Fetching the text : [[IOSDriver:  on MAC (9f462daf-40b9-4efb-99cb-ea7d38e166c0)] -> accessibility id: A Short Title Is Best]]]>
    </line>
    <line>
      <![CDATA[08_05_2017_07_48_51_518 -  Is the Element Displayed on Screen : [[IOSDriver:  on MAC (9f462daf-40b9-4efb-99cb-ea7d38e166c0)] -> accessibility id: A message should be a short, complete sentence.]]]>
    </line>
    <line>
      <![CDATA[08_05_2017_07_48_51_659 -  Waiting For Element : [[IOSDriver:  on MAC (9f462daf-40b9-4efb-99cb-ea7d38e166c0)] -> accessibility id: A message should be a short, complete sentence.]]]>
    </line>
    <line>
      <![CDATA[08_05_2017_07_48_51_803 -  Fetching the text : [[IOSDriver:  on MAC (9f462daf-40b9-4efb-99cb-ea7d38e166c0)] -> accessibility id: A message should be a short, complete sentence.]]]>
    </line>
    <line>
      <![CDATA[08_05_2017_07_48_52_157 -  Waiting For Element : [[IOSDriver:  on MAC (9f462daf-40b9-4efb-99cb-ea7d38e166c0)] -> accessibility id: Choice One]]]>
    </line>
    <line>
      <![CDATA[08_05_2017_07_48_52_290 -  Is the Element Displayed on Screen : [[IOSDriver:  on MAC (9f462daf-40b9-4efb-99cb-ea7d38e166c0)] -> accessibility id: Choice One]]]>
    </line>
    <line>
      <![CDATA[08_05_2017_07_48_53_720 -  Waiting For Element : [[IOSDriver:  on MAC (9f462daf-40b9-4efb-99cb-ea7d38e166c0)] -> xpath: //XCUIElementTypeButton[@name='Choice Two']]]]>
    </line>
    <line>
      <![CDATA[08_05_2017_07_48_53_857 -  Is the Element Displayed on Screen : [[IOSDriver:  on MAC (9f462daf-40b9-4efb-99cb-ea7d38e166c0)] -> xpath: //XCUIElementTypeButton[@name='Choice Two']]]]>
    </line>
    <line>
      <![CDATA[08_05_2017_07_48_56_532 -  Single Tap On Element : [[IOSDriver:  on MAC (9f462daf-40b9-4efb-99cb-ea7d38e166c0)] -> accessibility id: Choice One]]]>
    </line>
    <line>
      <![CDATA[08_05_2017_07_48_56_745 -  Waiting For Element : [[IOSDriver:  on MAC (9f462daf-40b9-4efb-99cb-ea7d38e166c0)] -> accessibility id: Other]]]>
    </line>
    <line>
      <![CDATA[08_05_2017_07_48_57_524 -  Clicked :  [[IOSDriver:  on MAC (9f462daf-40b9-4efb-99cb-ea7d38e166c0)] -> accessibility id: Other]]]>
    </line>
    <line>
      <![CDATA[08_05_2017_07_48_57_525 -  Waiting For alert to be displayed ]]>
    </line>
    <line>
      <![CDATA[08_05_2017_07_48_58_243 -  Waiting for : 1 second(s)]]>
    </line>
    <line>
      <![CDATA[08_05_2017_07_48_59_318 - Capturing Screenshot and Adding to Extent Reports]]>
    </line>
    <line>
      <![CDATA[08_05_2017_07_49_04_118 -  Single Tap On Element : [[IOSDriver:  on MAC (9f462daf-40b9-4efb-99cb-ea7d38e166c0)] -> xpath: //XCUIElementTypeButton[@name='Choice Two']]]]>
    </line>
    <line>
      <![CDATA[08_05_2017_07_49_04_363 -  Waiting For Element : [[IOSDriver:  on MAC (9f462daf-40b9-4efb-99cb-ea7d38e166c0)] -> accessibility id: Other]]]>
    </line>
    <line>
      <![CDATA[08_05_2017_07_49_05_213 -  Clicked :  [[IOSDriver:  on MAC (9f462daf-40b9-4efb-99cb-ea7d38e166c0)] -> accessibility id: Other]]]>
    </line>
    <line>
      <![CDATA[08_05_2017_07_49_05_213 -  Waiting For alert to be displayed ]]>
    </line>
    <line>
      <![CDATA[08_05_2017_07_49_07_603 -  Dismissed Alert]]>
    </line>
    <line>
      <![CDATA[08_05_2017_07_49_08_100 -  Waiting For Element : [[IOSDriver:  on MAC (9f462daf-40b9-4efb-99cb-ea7d38e166c0)] -> accessibility id: Text Entry]]]>
    </line>
    <line>
      <![CDATA[08_05_2017_07_49_08_944 -  Clicked :  [[IOSDriver:  on MAC (9f462daf-40b9-4efb-99cb-ea7d38e166c0)] -> accessibility id: Text Entry]]]>
    </line>
    <line>
      <![CDATA[08_05_2017_07_49_08_945 -  Waiting For alert to be displayed ]]>
    </line>
    <line>
      <![CDATA[08_05_2017_07_49_10_705 -  Waiting For Element : [[IOSDriver:  on MAC (9f462daf-40b9-4efb-99cb-ea7d38e166c0)] -> accessibility id: A Short Title Is Best]]]>
    </line>
    <line>
      <![CDATA[08_05_2017_07_49_10_938 -  Fetching the text : [[IOSDriver:  on MAC (9f462daf-40b9-4efb-99cb-ea7d38e166c0)] -> accessibility id: A Short Title Is Best]]]>
    </line>
    <line>
      <![CDATA[08_05_2017_07_49_11_213 -  Waiting For Element : [[IOSDriver:  on MAC (9f462daf-40b9-4efb-99cb-ea7d38e166c0)] -> accessibility id: A message should be a short, complete sentence.]]]>
    </line>
    <line>
      <![CDATA[08_05_2017_07_49_11_512 -  Fetching the text : [[IOSDriver:  on MAC (9f462daf-40b9-4efb-99cb-ea7d38e166c0)] -> accessibility id: A message should be a short, complete sentence.]]]>
    </line>
    <line>
      <![CDATA[08_05_2017_07_49_14_633 -  Waiting For Element : [[IOSDriver:  on MAC (9f462daf-40b9-4efb-99cb-ea7d38e166c0)] -> xpath: //XCUIElementTypeAlert[@name='A Short Title Is Best']//XCUIElementTypeTextField]]]>
    </line>
    <line>
      <![CDATA[08_05_2017_07_49_14_817 -  Is the Element Displayed on Screen : [[IOSDriver:  on MAC (9f462daf-40b9-4efb-99cb-ea7d38e166c0)] -> xpath: //XCUIElementTypeAlert[@name='A Short Title Is Best']//XCUIElementTypeTextField]]]>
    </line>
    <line>
      <![CDATA[08_05_2017_07_49_18_819 -  Waiting for : 1 second(s)]]>
    </line>
    <line>
      <![CDATA[08_05_2017_07_49_19_876 - Capturing Screenshot and Adding to Extent Reports]]>
    </line>
    <line>
      <![CDATA[08_05_2017_07_49_23_480 -  Accepted Alert]]>
    </line>
    <line>
      <![CDATA[08_05_2017_07_49_23_703 -  Waiting For Element : [[IOSDriver:  on MAC (9f462daf-40b9-4efb-99cb-ea7d38e166c0)] -> accessibility id: Text Entry]]]>
    </line>
    <line>
      <![CDATA[08_05_2017_07_49_24_638 -  Clicked :  [[IOSDriver:  on MAC (9f462daf-40b9-4efb-99cb-ea7d38e166c0)] -> accessibility id: Text Entry]]]>
    </line>
    <line>
      <![CDATA[08_05_2017_07_49_24_639 -  Waiting For alert to be displayed ]]>
    </line>
    <line>
      <![CDATA[08_05_2017_07_49_31_869 -  Dismissed Alert]]>
    </line>
    <line>
      <![CDATA[08_05_2017_07_49_32_339 -  Waiting For Element : [[IOSDriver:  on MAC (9f462daf-40b9-4efb-99cb-ea7d38e166c0)] -> accessibility id: Secure Text Entry]]]>
    </line>
    <line>
      <![CDATA[08_05_2017_07_49_33_397 -  Clicked :  [[IOSDriver:  on MAC (9f462daf-40b9-4efb-99cb-ea7d38e166c0)] -> accessibility id: Secure Text Entry]]]>
    </line>
    <line>
      <![CDATA[08_05_2017_07_49_33_398 -  Waiting For alert to be displayed ]]>
    </line>
    <line>
      <![CDATA[08_05_2017_07_49_34_654 -  Waiting For Element : [[IOSDriver:  on MAC (9f462daf-40b9-4efb-99cb-ea7d38e166c0)] -> accessibility id: A Short Title Is Best]]]>
    </line>
    <line>
      <![CDATA[08_05_2017_07_49_34_870 -  Fetching the text : [[IOSDriver:  on MAC (9f462daf-40b9-4efb-99cb-ea7d38e166c0)] -> accessibility id: A Short Title Is Best]]]>
    </line>
    <line>
      <![CDATA[08_05_2017_07_49_35_093 -  Waiting For Element : [[IOSDriver:  on MAC (9f462daf-40b9-4efb-99cb-ea7d38e166c0)] -> accessibility id: A message should be a short, complete sentence.]]]>
    </line>
    <line>
      <![CDATA[08_05_2017_07_49_35_371 -  Fetching the text : [[IOSDriver:  on MAC (9f462daf-40b9-4efb-99cb-ea7d38e166c0)] -> accessibility id: A message should be a short, complete sentence.]]]>
    </line>
    <line>
      <![CDATA[08_05_2017_07_49_37_907 -  Waiting For Element : [[IOSDriver:  on MAC (9f462daf-40b9-4efb-99cb-ea7d38e166c0)] -> xpath: //XCUIElementTypeAlert[@name='A Short Title Is Best']//XCUIElementTypeSecureTextField]]]>
    </line>
    <line>
      <![CDATA[08_05_2017_07_49_38_086 -  Is the Element Displayed on Screen : [[IOSDriver:  on MAC (9f462daf-40b9-4efb-99cb-ea7d38e166c0)] -> xpath: //XCUIElementTypeAlert[@name='A Short Title Is Best']//XCUIElementTypeSecureTextField]]]>
    </line>
    <line>
      <![CDATA[08_05_2017_07_49_42_279 -  Waiting for : 1 second(s)]]>
    </line>
    <line>
      <![CDATA[08_05_2017_07_49_43_334 - Capturing Screenshot and Adding to Extent Reports]]>
    </line>
    <line>
      <![CDATA[08_05_2017_07_49_45_524 -  Accepted Alert]]>
    </line>
    <line>
      <![CDATA[08_05_2017_07_49_45_958 -  Waiting For Element : [[IOSDriver:  on MAC (9f462daf-40b9-4efb-99cb-ea7d38e166c0)] -> accessibility id: Secure Text Entry]]]>
    </line>
    <line>
      <![CDATA[08_05_2017_07_49_46_847 -  Clicked :  [[IOSDriver:  on MAC (9f462daf-40b9-4efb-99cb-ea7d38e166c0)] -> accessibility id: Secure Text Entry]]]>
    </line>
    <line>
      <![CDATA[08_05_2017_07_49_46_847 -  Waiting For alert to be displayed ]]>
    </line>
    <line>
      <![CDATA[08_05_2017_07_49_53_515 -  Dismissed Alert]]>
    </line>
    <line>
      <![CDATA[08_05_2017_07_49_54_973 -  Go Back]]>
    </line>
    <line>
      <![CDATA[08_05_2017_07_49_54_974 -  Test Passed :  test_04_UI_Catalog_AlertViews]]>
    </line>
    <line>
      <![CDATA[08_05_2017_07_49_54_974    ***************** Execution Complete : TEST_04_UI_CATALOG_ALERTVIEWS ******************]]>
    </line>
    <line>
      <![CDATA[********************* IOS.UI_CATALOG.SCRIPTS.TEST_05_UI_CATALOG_BUTTONS *********************]]>
    </line>
    <line>
      <![CDATA[08_05_2017_07_49_54_975 -  Started Test : test_05_UI_Catalog_Buttons]]>
    </line>
    <line>
      <![CDATA[08_05_2017_07_49_55_405 -  Waiting For Element : [[IOSDriver:  on MAC (9f462daf-40b9-4efb-99cb-ea7d38e166c0)] -> accessibility id: Buttons]]]>
    </line>
    <line>
      <![CDATA[08_05_2017_07_49_55_727 -  Is the Element Displayed on Screen : [[IOSDriver:  on MAC (9f462daf-40b9-4efb-99cb-ea7d38e166c0)] -> accessibility id: Buttons]]]>
    </line>
    <line>
      <![CDATA[08_05_2017_07_49_56_052 -  Waiting For Element : [[IOSDriver:  on MAC (9f462daf-40b9-4efb-99cb-ea7d38e166c0)] -> accessibility id: Buttons]]]>
    </line>
    <line>
      <![CDATA[08_05_2017_07_49_56_331 -  Fetching the text : [[IOSDriver:  on MAC (9f462daf-40b9-4efb-99cb-ea7d38e166c0)] -> accessibility id: Buttons]]]>
    </line>
    <line>
      <![CDATA[08_05_2017_07_49_56_612 -  Waiting For Element : [[IOSDriver:  on MAC (9f462daf-40b9-4efb-99cb-ea7d38e166c0)] -> accessibility id: Buttons]]]>
    </line>
    <line>
      <![CDATA[08_05_2017_07_49_57_581 -  Clicked :  [[IOSDriver:  on MAC (9f462daf-40b9-4efb-99cb-ea7d38e166c0)] -> accessibility id: Buttons]]]>
    </line>
    <line>
      <![CDATA[08_05_2017_07_49_57_582 -  Waiting for : 1 second(s)]]>
    </line>
    <line>
      <![CDATA[08_05_2017_07_49_58_587 - Capturing Screenshot and Adding to Extent Reports]]>
    </line>
    <line>
      <![CDATA[08_05_2017_07_49_58_658 -  Is the Element Displayed on Screen : [[IOSDriver:  on MAC (9f462daf-40b9-4efb-99cb-ea7d38e166c0)] -> accessibility id: Buttons]]]>
    </line>
    <line>
      <![CDATA[08_05_2017_07_50_00_002 -  Waiting For Element : [[IOSDriver:  on MAC (9f462daf-40b9-4efb-99cb-ea7d38e166c0)] -> xpath: //XCUIElementTypeOther[@label='SYSTEM (TEXT)']]]]>
    </line>
    <line>
      <![CDATA[08_05_2017_07_50_00_253 -  Is the Element Displayed on Screen : [[IOSDriver:  on MAC (9f462daf-40b9-4efb-99cb-ea7d38e166c0)] -> xpath: //XCUIElementTypeOther[@label='SYSTEM (TEXT)']]]]>
    </line>
    <line>
      <![CDATA[08_05_2017_07_50_01_710 -  Waiting For Element : [[IOSDriver:  on MAC (9f462daf-40b9-4efb-99cb-ea7d38e166c0)] -> xpath: //XCUIElementTypeButton[@name='Button']]]]>
    </line>
    <line>
      <![CDATA[08_05_2017_07_50_02_023 -  Is the Element Displayed on Screen : [[IOSDriver:  on MAC (9f462daf-40b9-4efb-99cb-ea7d38e166c0)] -> xpath: //XCUIElementTypeButton[@name='Button']]]]>
    </line>
    <line>
      <![CDATA[08_05_2017_07_50_03_318 -  Waiting For Element : [[IOSDriver:  on MAC (9f462daf-40b9-4efb-99cb-ea7d38e166c0)] -> xpath: //XCUIElementTypeOther[@label='SYSTEM (CONTACT ADD)']]]]>
    </line>
    <line>
      <![CDATA[08_05_2017_07_50_03_525 -  Is the Element Displayed on Screen : [[IOSDriver:  on MAC (9f462daf-40b9-4efb-99cb-ea7d38e166c0)] -> xpath: //XCUIElementTypeOther[@label='SYSTEM (CONTACT ADD)']]]]>
    </line>
    <line>
      <![CDATA[08_05_2017_07_50_04_032 -  Waiting For Element : [[IOSDriver:  on MAC (9f462daf-40b9-4efb-99cb-ea7d38e166c0)] -> accessibility id: SYSTEM (DETAIL DISCLOSURE)]]]>
    </line>
    <line>
      <![CDATA[08_05_2017_07_50_04_282 -  Is the Element Displayed on Screen : [[IOSDriver:  on MAC (9f462daf-40b9-4efb-99cb-ea7d38e166c0)] -> accessibility id: SYSTEM (DETAIL DISCLOSURE)]]]>
    </line>
    <line>
      <![CDATA[08_05_2017_07_50_04_802 -  Waiting For Element : [[IOSDriver:  on MAC (9f462daf-40b9-4efb-99cb-ea7d38e166c0)] -> accessibility id: More Info]]]>
    </line>
    <line>
      <![CDATA[08_05_2017_07_50_05_130 -  Is the Element Displayed on Screen : [[IOSDriver:  on MAC (9f462daf-40b9-4efb-99cb-ea7d38e166c0)] -> accessibility id: More Info]]]>
    </line>
    <line>
      <![CDATA[08_05_2017_07_50_05_732 -  Waiting For Element : [[IOSDriver:  on MAC (9f462daf-40b9-4efb-99cb-ea7d38e166c0)] -> accessibility id: X Button]]]>
    </line>
    <line>
      <![CDATA[08_05_2017_07_50_06_014 -  Is the Element Displayed on Screen : [[IOSDriver:  on MAC (9f462daf-40b9-4efb-99cb-ea7d38e166c0)] -> accessibility id: X Button]]]>
    </line>
    <line>
      <![CDATA[08_05_2017_07_50_06_554 -  Waiting For Element : [[IOSDriver:  on MAC (9f462daf-40b9-4efb-99cb-ea7d38e166c0)] -> accessibility id: IMAGE]]]>
    </line>
    <line>
      <![CDATA[08_05_2017_07_50_06_803 -  Is the Element Displayed on Screen : [[IOSDriver:  on MAC (9f462daf-40b9-4efb-99cb-ea7d38e166c0)] -> accessibility id: IMAGE]]]>
    </line>
    <line>
      <![CDATA[08_05_2017_07_50_07_456 -  Waiting For Element : [[IOSDriver:  on MAC (9f462daf-40b9-4efb-99cb-ea7d38e166c0)] -> accessibility id: ATTRIBUTED TEXT]]]>
    </line>
    <line>
      <![CDATA[08_05_2017_07_50_07_743 -  Is the Element Displayed on Screen : [[IOSDriver:  on MAC (9f462daf-40b9-4efb-99cb-ea7d38e166c0)] -> accessibility id: ATTRIBUTED TEXT]]]>
    </line>
    <line>
      <![CDATA[08_05_2017_07_50_08_184 -  Swiping Vertically Down ]]>
    </line>
    <line>
      <![CDATA[08_05_2017_07_50_17_902 -  Go Back]]>
    </line>
    <line>
      <![CDATA[08_05_2017_07_50_17_902 -  Test Passed :  test_05_UI_Catalog_Buttons]]>
    </line>
    <line>
      <![CDATA[08_05_2017_07_50_17_902    ***************** Execution Complete : TEST_05_UI_CATALOG_BUTTONS ******************]]>
    </line>
    <line>
      <![CDATA[********************* IOS.UI_CATALOG.SCRIPTS.TEST_06_UI_CATALOG_DATEPICKER *********************]]>
    </line>
    <line>
      <![CDATA[08_05_2017_07_50_17_904 -  Started Test : test_06_UI_Catalog_DatePicker]]>
    </line>
    <line>
      <![CDATA[08_05_2017_07_50_18_343 -  Waiting For Element : [[IOSDriver:  on MAC (9f462daf-40b9-4efb-99cb-ea7d38e166c0)] -> accessibility id: Date Picker]]]>
    </line>
    <line>
      <![CDATA[08_05_2017_07_50_18_700 -  Is the Element Displayed on Screen : [[IOSDriver:  on MAC (9f462daf-40b9-4efb-99cb-ea7d38e166c0)] -> accessibility id: Date Picker]]]>
    </line>
    <line>
      <![CDATA[08_05_2017_07_50_19_032 -  Waiting For Element : [[IOSDriver:  on MAC (9f462daf-40b9-4efb-99cb-ea7d38e166c0)] -> accessibility id: Date Picker]]]>
    </line>
    <line>
      <![CDATA[08_05_2017_07_50_19_349 -  Fetching the text : [[IOSDriver:  on MAC (9f462daf-40b9-4efb-99cb-ea7d38e166c0)] -> accessibility id: Date Picker]]]>
    </line>
    <line>
      <![CDATA[08_05_2017_07_50_19_646 -  Waiting For Element : [[IOSDriver:  on MAC (9f462daf-40b9-4efb-99cb-ea7d38e166c0)] -> accessibility id: Date Picker]]]>
    </line>
    <line>
      <![CDATA[08_05_2017_07_50_20_735 -  Clicked :  [[IOSDriver:  on MAC (9f462daf-40b9-4efb-99cb-ea7d38e166c0)] -> accessibility id: Date Picker]]]>
    </line>
    <line>
      <![CDATA[08_05_2017_07_50_20_736 -  Waiting for : 1 second(s)]]>
    </line>
    <line>
      <![CDATA[08_05_2017_07_50_21_797 - Capturing Screenshot and Adding to Extent Reports]]>
    </line>
    <line>
      <![CDATA[08_05_2017_07_50_21_879 -  Is the Element Displayed on Screen : [[IOSDriver:  on MAC (9f462daf-40b9-4efb-99cb-ea7d38e166c0)] -> accessibility id: Date Picker]]]>
    </line>
    <line>
      <![CDATA[08_05_2017_07_50_23_287 -  Waiting For Element : [[IOSDriver:  on MAC (9f462daf-40b9-4efb-99cb-ea7d38e166c0)] -> xpath: //XCUIElementTypeStaticText[contains(@name,'2017')]]]]>
    </line>
    <line>
      <![CDATA[08_05_2017_07_50_23_456 -  Is the Element Displayed on Screen : [[IOSDriver:  on MAC (9f462daf-40b9-4efb-99cb-ea7d38e166c0)] -> xpath: //XCUIElementTypeStaticText[contains(@name,'2017')]]]]>
    </line>
    <line>
      <![CDATA[08_05_2017_07_50_24_473 -  Waiting For Elements : [[[IOSDriver:  on MAC (9f462daf-40b9-4efb-99cb-ea7d38e166c0)] -> xpath: //XCUIElementTypeDatePicker/XCUIElementTypeOther/XCUIElementTypePickerWheel], [[IOSDriver:  on MAC (9f462daf-40b9-4efb-99cb-ea7d38e166c0)] -> xpath: //XCUIElementTypeDatePicker/XCUIElementTypeOther/XCUIElementTypePickerWheel], [[IOSDriver:  on MAC (9f462daf-40b9-4efb-99cb-ea7d38e166c0)] -> xpath: //XCUIElementTypeDatePicker/XCUIElementTypeOther/XCUIElementTypePickerWheel], [[IOSDriver:  on MAC (9f462daf-40b9-4efb-99cb-ea7d38e166c0)] -> xpath: //XCUIElementTypeDatePicker/XCUIElementTypeOther/XCUIElementTypePickerWheel]]]]>
    </line>
    <line>
      <![CDATA[08_05_2017_07_50_25_603 -  Is the Element Displayed on Screen : [[IOSDriver:  on MAC (9f462daf-40b9-4efb-99cb-ea7d38e166c0)] -> xpath: //XCUIElementTypeDatePicker/XCUIElementTypeOther/XCUIElementTypePickerWheel]]]>
    </line>
    <line>
      <![CDATA[08_05_2017_07_50_25_801 - Swiping ]]>
    </line>
    <line>
      <![CDATA[08_05_2017_07_50_28_604 -  Is the Element Displayed on Screen : [[IOSDriver:  on MAC (9f462daf-40b9-4efb-99cb-ea7d38e166c0)] -> xpath: //XCUIElementTypeDatePicker/XCUIElementTypeOther/XCUIElementTypePickerWheel]]]>
    </line>
    <line>
      <![CDATA[08_05_2017_07_50_28_775 - Swiping ]]>
    </line>
    <line>
      <![CDATA[08_05_2017_07_50_31_528 -  Is the Element Displayed on Screen : [[IOSDriver:  on MAC (9f462daf-40b9-4efb-99cb-ea7d38e166c0)] -> xpath: //XCUIElementTypeDatePicker/XCUIElementTypeOther/XCUIElementTypePickerWheel]]]>
    </line>
    <line>
      <![CDATA[08_05_2017_07_50_31_706 - Swiping ]]>
    </line>
    <line>
      <![CDATA[08_05_2017_07_50_34_473 -  Is the Element Displayed on Screen : [[IOSDriver:  on MAC (9f462daf-40b9-4efb-99cb-ea7d38e166c0)] -> xpath: //XCUIElementTypeDatePicker/XCUIElementTypeOther/XCUIElementTypePickerWheel]]]>
    </line>
    <line>
      <![CDATA[08_05_2017_07_50_34_647 - Swiping ]]>
    </line>
    <line>
      <![CDATA[08_05_2017_07_50_37_891 -  Waiting for : 1 second(s)]]>
    </line>
    <line>
      <![CDATA[08_05_2017_07_50_38_966 - Capturing Screenshot and Adding to Extent Reports]]>
    </line>
    <line>
      <![CDATA[08_05_2017_07_50_40_279 -  Go Back]]>
    </line>
    <line>
      <![CDATA[08_05_2017_07_50_40_279 -  Test Passed :  test_06_UI_Catalog_DatePicker]]>
    </line>
    <line>
      <![CDATA[08_05_2017_07_50_40_279    ***************** Execution Complete : TEST_06_UI_CATALOG_DATEPICKER ******************]]>
    </line>
    <line>
      <![CDATA[********************* IOS.UI_CATALOG.SCRIPTS.TEST_07_UI_CATALOG_SEGMENTEDCONTROLS *********************]]>
    </line>
    <line>
      <![CDATA[08_05_2017_07_50_40_290 -  Started Test : test_07_UI_Catalog_SegmentedControls]]>
    </line>
    <line>
      <![CDATA[08_05_2017_07_50_40_589 -  Swiping Vertically Down ]]>
    </line>
    <line>
      <![CDATA[08_05_2017_07_50_45_159 -  Waiting For Element : [[IOSDriver:  on MAC (9f462daf-40b9-4efb-99cb-ea7d38e166c0)] -> accessibility id: Segmented Controls]]]>
    </line>
    <line>
      <![CDATA[08_05_2017_07_50_45_436 -  Is the Element Displayed on Screen : [[IOSDriver:  on MAC (9f462daf-40b9-4efb-99cb-ea7d38e166c0)] -> accessibility id: Segmented Controls]]]>
    </line>
    <line>
      <![CDATA[08_05_2017_07_50_45_757 -  Waiting For Element : [[IOSDriver:  on MAC (9f462daf-40b9-4efb-99cb-ea7d38e166c0)] -> accessibility id: Segmented Controls]]]>
    </line>
    <line>
      <![CDATA[08_05_2017_07_50_46_053 -  Fetching the text : [[IOSDriver:  on MAC (9f462daf-40b9-4efb-99cb-ea7d38e166c0)] -> accessibility id: Segmented Controls]]]>
    </line>
    <line>
      <![CDATA[08_05_2017_07_50_46_394 -  Waiting For Element : [[IOSDriver:  on MAC (9f462daf-40b9-4efb-99cb-ea7d38e166c0)] -> accessibility id: Segmented Controls]]]>
    </line>
    <line>
      <![CDATA[08_05_2017_07_50_47_417 -  Clicked :  [[IOSDriver:  on MAC (9f462daf-40b9-4efb-99cb-ea7d38e166c0)] -> accessibility id: Segmented Controls]]]>
    </line>
    <line>
      <![CDATA[08_05_2017_07_50_47_417 -  Waiting for : 1 second(s)]]>
    </line>
    <line>
      <![CDATA[08_05_2017_07_50_48_492 - Capturing Screenshot and Adding to Extent Reports]]>
    </line>
    <line>
      <![CDATA[08_05_2017_07_50_48_573 -  Is the Element Displayed on Screen : [[IOSDriver:  on MAC (9f462daf-40b9-4efb-99cb-ea7d38e166c0)] -> accessibility id: Segmented Controls]]]>
    </line>
    <line>
      <![CDATA[08_05_2017_07_50_50_096 -  Waiting For Element : [[IOSDriver:  on MAC (9f462daf-40b9-4efb-99cb-ea7d38e166c0)] -> xpath: //XCUIElementTypeOther[@name='DEFAULT']]]]>
    </line>
    <line>
      <![CDATA[08_05_2017_07_50_50_372 -  Fetching the text : [[IOSDriver:  on MAC (9f462daf-40b9-4efb-99cb-ea7d38e166c0)] -> xpath: //XCUIElementTypeOther[@name='DEFAULT']]]]>
    </line>
    <line>
      <![CDATA[08_05_2017_07_50_51_873 -  Waiting For Element : [[IOSDriver:  on MAC (9f462daf-40b9-4efb-99cb-ea7d38e166c0)] -> xpath: //XCUIElementTypeCell[1]//XCUIElementTypeButton[@name='Check']]]]>
    </line>
    <line>
      <![CDATA[08_05_2017_07_50_52_126 -  Waiting For Element : [[IOSDriver:  on MAC (9f462daf-40b9-4efb-99cb-ea7d38e166c0)] -> xpath: //XCUIElementTypeCell[1]//XCUIElementTypeButton[@name='Check']]]]>
    </line>
    <line>
      <![CDATA[08_05_2017_07_50_52_396 -  Fetching the Attribute : name - Element : [[IOSDriver:  on MAC (9f462daf-40b9-4efb-99cb-ea7d38e166c0)] -> xpath: //XCUIElementTypeCell[1]//XCUIElementTypeButton[@name='Check']]]]>
    </line>
    <line>
      <![CDATA[08_05_2017_07_50_52_622 -  Waiting For Element : [[IOSDriver:  on MAC (9f462daf-40b9-4efb-99cb-ea7d38e166c0)] -> xpath: //XCUIElementTypeCell[1]//XCUIElementTypeButton[@name='Check']]]]>
    </line>
    <line>
      <![CDATA[08_05_2017_07_50_53_563 -  Clicked :  [[IOSDriver:  on MAC (9f462daf-40b9-4efb-99cb-ea7d38e166c0)] -> xpath: //XCUIElementTypeCell[1]//XCUIElementTypeButton[@name='Check']]]]>
    </line>
    <line>
      <![CDATA[08_05_2017_07_50_54_790 -  Waiting For Element : [[IOSDriver:  on MAC (9f462daf-40b9-4efb-99cb-ea7d38e166c0)] -> xpath: //XCUIElementTypeCell[1]//XCUIElementTypeButton[@name='Search']]]]>
    </line>
    <line>
      <![CDATA[08_05_2017_07_50_55_053 -  Waiting For Element : [[IOSDriver:  on MAC (9f462daf-40b9-4efb-99cb-ea7d38e166c0)] -> xpath: //XCUIElementTypeCell[1]//XCUIElementTypeButton[@name='Search']]]]>
    </line>
    <line>
      <![CDATA[08_05_2017_07_50_55_312 -  Fetching the Attribute : name - Element : [[IOSDriver:  on MAC (9f462daf-40b9-4efb-99cb-ea7d38e166c0)] -> xpath: //XCUIElementTypeCell[1]//XCUIElementTypeButton[@name='Search']]]]>
    </line>
    <line>
      <![CDATA[08_05_2017_07_50_55_549 -  Waiting For Element : [[IOSDriver:  on MAC (9f462daf-40b9-4efb-99cb-ea7d38e166c0)] -> xpath: //XCUIElementTypeCell[1]//XCUIElementTypeButton[@name='Search']]]]>
    </line>
    <line>
      <![CDATA[08_05_2017_07_50_56_507 -  Clicked :  [[IOSDriver:  on MAC (9f462daf-40b9-4efb-99cb-ea7d38e166c0)] -> xpath: //XCUIElementTypeCell[1]//XCUIElementTypeButton[@name='Search']]]]>
    </line>
    <line>
      <![CDATA[08_05_2017_07_50_57_798 -  Waiting For Element : [[IOSDriver:  on MAC (9f462daf-40b9-4efb-99cb-ea7d38e166c0)] -> xpath: //XCUIElementTypeCell[1]//XCUIElementTypeButton[@name='Tools']]]]>
    </line>
    <line>
      <![CDATA[08_05_2017_07_50_58_059 -  Waiting For Element : [[IOSDriver:  on MAC (9f462daf-40b9-4efb-99cb-ea7d38e166c0)] -> xpath: //XCUIElementTypeCell[1]//XCUIElementTypeButton[@name='Tools']]]]>
    </line>
    <line>
      <![CDATA[08_05_2017_07_50_58_318 -  Fetching the Attribute : name - Element : [[IOSDriver:  on MAC (9f462daf-40b9-4efb-99cb-ea7d38e166c0)] -> xpath: //XCUIElementTypeCell[1]//XCUIElementTypeButton[@name='Tools']]]]>
    </line>
    <line>
      <![CDATA[08_05_2017_07_50_58_535 -  Waiting For Element : [[IOSDriver:  on MAC (9f462daf-40b9-4efb-99cb-ea7d38e166c0)] -> xpath: //XCUIElementTypeCell[1]//XCUIElementTypeButton[@name='Tools']]]]>
    </line>
    <line>
      <![CDATA[08_05_2017_07_50_59_425 -  Clicked :  [[IOSDriver:  on MAC (9f462daf-40b9-4efb-99cb-ea7d38e166c0)] -> xpath: //XCUIElementTypeCell[1]//XCUIElementTypeButton[@name='Tools']]]]>
    </line>
    <line>
      <![CDATA[08_05_2017_07_51_00_666 -  Waiting For Element : [[IOSDriver:  on MAC (9f462daf-40b9-4efb-99cb-ea7d38e166c0)] -> xpath: //XCUIElementTypeOther[@name='TINTED']]]]>
    </line>
    <line>
      <![CDATA[08_05_2017_07_51_00_914 -  Fetching the text : [[IOSDriver:  on MAC (9f462daf-40b9-4efb-99cb-ea7d38e166c0)] -> xpath: //XCUIElementTypeOther[@name='TINTED']]]]>
    </line>
    <line>
      <![CDATA[08_05_2017_07_51_02_412 -  Waiting For Element : [[IOSDriver:  on MAC (9f462daf-40b9-4efb-99cb-ea7d38e166c0)] -> xpath: //XCUIElementTypeCell[2]//XCUIElementTypeButton[@name='Check']]]]>
    </line>
    <line>
      <![CDATA[08_05_2017_07_51_02_656 -  Waiting For Element : [[IOSDriver:  on MAC (9f462daf-40b9-4efb-99cb-ea7d38e166c0)] -> xpath: //XCUIElementTypeCell[2]//XCUIElementTypeButton[@name='Check']]]]>
    </line>
    <line>
      <![CDATA[08_05_2017_07_51_02_901 -  Fetching the Attribute : name - Element : [[IOSDriver:  on MAC (9f462daf-40b9-4efb-99cb-ea7d38e166c0)] -> xpath: //XCUIElementTypeCell[2]//XCUIElementTypeButton[@name='Check']]]]>
    </line>
    <line>
      <![CDATA[08_05_2017_07_51_03_159 -  Waiting For Element : [[IOSDriver:  on MAC (9f462daf-40b9-4efb-99cb-ea7d38e166c0)] -> xpath: //XCUIElementTypeCell[2]//XCUIElementTypeButton[@name='Check']]]]>
    </line>
    <line>
      <![CDATA[08_05_2017_07_51_04_053 -  Clicked :  [[IOSDriver:  on MAC (9f462daf-40b9-4efb-99cb-ea7d38e166c0)] -> xpath: //XCUIElementTypeCell[2]//XCUIElementTypeButton[@name='Check']]]]>
    </line>
    <line>
      <![CDATA[08_05_2017_07_51_05_281 -  Waiting For Element : [[IOSDriver:  on MAC (9f462daf-40b9-4efb-99cb-ea7d38e166c0)] -> xpath: //XCUIElementTypeCell[2]//XCUIElementTypeButton[@name='Search']]]]>
    </line>
    <line>
      <![CDATA[08_05_2017_07_51_05_526 -  Waiting For Element : [[IOSDriver:  on MAC (9f462daf-40b9-4efb-99cb-ea7d38e166c0)] -> xpath: //XCUIElementTypeCell[2]//XCUIElementTypeButton[@name='Search']]]]>
    </line>
    <line>
      <![CDATA[08_05_2017_07_51_05_788 -  Fetching the Attribute : name - Element : [[IOSDriver:  on MAC (9f462daf-40b9-4efb-99cb-ea7d38e166c0)] -> xpath: //XCUIElementTypeCell[2]//XCUIElementTypeButton[@name='Search']]]]>
    </line>
    <line>
      <![CDATA[08_05_2017_07_51_06_018 -  Waiting For Element : [[IOSDriver:  on MAC (9f462daf-40b9-4efb-99cb-ea7d38e166c0)] -> xpath: //XCUIElementTypeCell[2]//XCUIElementTypeButton[@name='Search']]]]>
    </line>
    <line>
      <![CDATA[08_05_2017_07_51_06_928 -  Clicked :  [[IOSDriver:  on MAC (9f462daf-40b9-4efb-99cb-ea7d38e166c0)] -> xpath: //XCUIElementTypeCell[2]//XCUIElementTypeButton[@name='Search']]]]>
    </line>
    <line>
      <![CDATA[08_05_2017_07_51_06_928 -  Waiting for : 1 second(s)]]>
    </line>
    <line>
      <![CDATA[08_05_2017_07_51_08_002 - Capturing Screenshot and Adding to Extent Reports]]>
    </line>
    <line>
      <![CDATA[08_05_2017_07_51_09_371 -  Waiting For Element : [[IOSDriver:  on MAC (9f462daf-40b9-4efb-99cb-ea7d38e166c0)] -> xpath: //XCUIElementTypeCell[2]//XCUIElementTypeButton[@name='Tools']]]]>
    </line>
    <line>
      <![CDATA[08_05_2017_07_51_09_605 -  Waiting For Element : [[IOSDriver:  on MAC (9f462daf-40b9-4efb-99cb-ea7d38e166c0)] -> xpath: //XCUIElementTypeCell[2]//XCUIElementTypeButton[@name='Tools']]]]>
    </line>
    <line>
      <![CDATA[08_05_2017_07_51_09_883 -  Fetching the Attribute : name - Element : [[IOSDriver:  on MAC (9f462daf-40b9-4efb-99cb-ea7d38e166c0)] -> xpath: //XCUIElementTypeCell[2]//XCUIElementTypeButton[@name='Tools']]]]>
    </line>
    <line>
      <![CDATA[08_05_2017_07_51_10_130 -  Waiting For Element : [[IOSDriver:  on MAC (9f462daf-40b9-4efb-99cb-ea7d38e166c0)] -> xpath: //XCUIElementTypeCell[2]//XCUIElementTypeButton[@name='Tools']]]]>
    </line>
    <line>
      <![CDATA[08_05_2017_07_51_11_093 -  Clicked :  [[IOSDriver:  on MAC (9f462daf-40b9-4efb-99cb-ea7d38e166c0)] -> xpath: //XCUIElementTypeCell[2]//XCUIElementTypeButton[@name='Tools']]]]>
    </line>
    <line>
      <![CDATA[08_05_2017_07_51_12_388 -  Waiting For Element : [[IOSDriver:  on MAC (9f462daf-40b9-4efb-99cb-ea7d38e166c0)] -> xpath: //XCUIElementTypeOther[@name='CUSTOM SEGMENTS']]]]>
    </line>
    <line>
      <![CDATA[08_05_2017_07_51_12_638 -  Fetching the text : [[IOSDriver:  on MAC (9f462daf-40b9-4efb-99cb-ea7d38e166c0)] -> xpath: //XCUIElementTypeOther[@name='CUSTOM SEGMENTS']]]]>
    </line>
    <line>
      <![CDATA[08_05_2017_07_51_14_097 -  Waiting For Element : [[IOSDriver:  on MAC (9f462daf-40b9-4efb-99cb-ea7d38e166c0)] -> xpath: //XCUIElementTypeCell[3]//XCUIElementTypeButton[@name='Done']]]]>
    </line>
    <line>
      <![CDATA[08_05_2017_07_51_14_342 -  Waiting For Element : [[IOSDriver:  on MAC (9f462daf-40b9-4efb-99cb-ea7d38e166c0)] -> xpath: //XCUIElementTypeCell[3]//XCUIElementTypeButton[@name='Done']]]]>
    </line>
    <line>
      <![CDATA[08_05_2017_07_51_14_584 -  Fetching the Attribute : name - Element : [[IOSDriver:  on MAC (9f462daf-40b9-4efb-99cb-ea7d38e166c0)] -> xpath: //XCUIElementTypeCell[3]//XCUIElementTypeButton[@name='Done']]]]>
    </line>
    <line>
      <![CDATA[08_05_2017_07_51_14_814 -  Waiting For Element : [[IOSDriver:  on MAC (9f462daf-40b9-4efb-99cb-ea7d38e166c0)] -> xpath: //XCUIElementTypeCell[3]//XCUIElementTypeButton[@name='Done']]]]>
    </line>
    <line>
      <![CDATA[08_05_2017_07_51_15_742 -  Clicked :  [[IOSDriver:  on MAC (9f462daf-40b9-4efb-99cb-ea7d38e166c0)] -> xpath: //XCUIElementTypeCell[3]//XCUIElementTypeButton[@name='Done']]]]>
    </line>
    <line>
      <![CDATA[08_05_2017_07_51_16_933 -  Waiting For Element : [[IOSDriver:  on MAC (9f462daf-40b9-4efb-99cb-ea7d38e166c0)] -> xpath: //XCUIElementTypeCell[3]//XCUIElementTypeButton[@name='Search']]]]>
    </line>
    <line>
      <![CDATA[08_05_2017_07_51_17_183 -  Waiting For Element : [[IOSDriver:  on MAC (9f462daf-40b9-4efb-99cb-ea7d38e166c0)] -> xpath: //XCUIElementTypeCell[3]//XCUIElementTypeButton[@name='Search']]]]>
    </line>
    <line>
      <![CDATA[08_05_2017_07_51_17_467 -  Fetching the Attribute : name - Element : [[IOSDriver:  on MAC (9f462daf-40b9-4efb-99cb-ea7d38e166c0)] -> xpath: //XCUIElementTypeCell[3]//XCUIElementTypeButton[@name='Search']]]]>
    </line>
    <line>
      <![CDATA[08_05_2017_07_51_17_695 -  Waiting For Element : [[IOSDriver:  on MAC (9f462daf-40b9-4efb-99cb-ea7d38e166c0)] -> xpath: //XCUIElementTypeCell[3]//XCUIElementTypeButton[@name='Search']]]]>
    </line>
    <line>
      <![CDATA[08_05_2017_07_51_18_609 -  Clicked :  [[IOSDriver:  on MAC (9f462daf-40b9-4efb-99cb-ea7d38e166c0)] -> xpath: //XCUIElementTypeCell[3]//XCUIElementTypeButton[@name='Search']]]]>
    </line>
    <line>
      <![CDATA[08_05_2017_07_51_19_912 -  Waiting For Element : [[IOSDriver:  on MAC (9f462daf-40b9-4efb-99cb-ea7d38e166c0)] -> xpath: //XCUIElementTypeCell[3]//XCUIElementTypeButton[@name='Settings']]]]>
    </line>
    <line>
      <![CDATA[08_05_2017_07_51_20_184 -  Waiting For Element : [[IOSDriver:  on MAC (9f462daf-40b9-4efb-99cb-ea7d38e166c0)] -> xpath: //XCUIElementTypeCell[3]//XCUIElementTypeButton[@name='Settings']]]]>
    </line>
    <line>
      <![CDATA[08_05_2017_07_51_20_436 -  Fetching the Attribute : name - Element : [[IOSDriver:  on MAC (9f462daf-40b9-4efb-99cb-ea7d38e166c0)] -> xpath: //XCUIElementTypeCell[3]//XCUIElementTypeButton[@name='Settings']]]]>
    </line>
    <line>
      <![CDATA[08_05_2017_07_51_20_702 -  Waiting For Element : [[IOSDriver:  on MAC (9f462daf-40b9-4efb-99cb-ea7d38e166c0)] -> xpath: //XCUIElementTypeCell[3]//XCUIElementTypeButton[@name='Settings']]]]>
    </line>
    <line>
      <![CDATA[08_05_2017_07_51_21_598 -  Clicked :  [[IOSDriver:  on MAC (9f462daf-40b9-4efb-99cb-ea7d38e166c0)] -> xpath: //XCUIElementTypeCell[3]//XCUIElementTypeButton[@name='Settings']]]]>
    </line>
    <line>
      <![CDATA[08_05_2017_07_51_21_821 -  Swiping Vertically Down ]]>
    </line>
    <line>
      <![CDATA[08_05_2017_07_51_27_288 -  Is the Element Displayed on Screen : [[IOSDriver:  on MAC (9f462daf-40b9-4efb-99cb-ea7d38e166c0)] -> xpath: //XCUIElementTypeOther[@name='CUSTOM SEGMENTS']/../following-sibling::XCUIElementTypeOther[1]]]]>
    </line>
    <line>
      <![CDATA[08_05_2017_07_51_28_768 -  Waiting For Element : [[IOSDriver:  on MAC (9f462daf-40b9-4efb-99cb-ea7d38e166c0)] -> xpath: //XCUIElementTypeCell[4]//XCUIElementTypeButton[@name='Check']]]]>
    </line>
    <line>
      <![CDATA[08_05_2017_07_51_29_039 -  Waiting For Element : [[IOSDriver:  on MAC (9f462daf-40b9-4efb-99cb-ea7d38e166c0)] -> xpath: //XCUIElementTypeCell[4]//XCUIElementTypeButton[@name='Check']]]]>
    </line>
    <line>
      <![CDATA[08_05_2017_07_51_29_285 -  Fetching the Attribute : name - Element : [[IOSDriver:  on MAC (9f462daf-40b9-4efb-99cb-ea7d38e166c0)] -> xpath: //XCUIElementTypeCell[4]//XCUIElementTypeButton[@name='Check']]]]>
    </line>
    <line>
      <![CDATA[08_05_2017_07_51_29_505 -  Waiting For Element : [[IOSDriver:  on MAC (9f462daf-40b9-4efb-99cb-ea7d38e166c0)] -> xpath: //XCUIElementTypeCell[4]//XCUIElementTypeButton[@name='Check']]]]>
    </line>
    <line>
      <![CDATA[08_05_2017_07_51_30_385 -  Clicked :  [[IOSDriver:  on MAC (9f462daf-40b9-4efb-99cb-ea7d38e166c0)] -> xpath: //XCUIElementTypeCell[4]//XCUIElementTypeButton[@name='Check']]]]>
    </line>
    <line>
      <![CDATA[08_05_2017_07_51_31_658 -  Waiting For Element : [[IOSDriver:  on MAC (9f462daf-40b9-4efb-99cb-ea7d38e166c0)] -> xpath: //XCUIElementTypeCell[4]//XCUIElementTypeButton[@name='Search']]]]>
    </line>
    <line>
      <![CDATA[08_05_2017_07_51_31_911 -  Waiting For Element : [[IOSDriver:  on MAC (9f462daf-40b9-4efb-99cb-ea7d38e166c0)] -> xpath: //XCUIElementTypeCell[4]//XCUIElementTypeButton[@name='Search']]]]>
    </line>
    <line>
      <![CDATA[08_05_2017_07_51_32_168 -  Fetching the Attribute : name - Element : [[IOSDriver:  on MAC (9f462daf-40b9-4efb-99cb-ea7d38e166c0)] -> xpath: //XCUIElementTypeCell[4]//XCUIElementTypeButton[@name='Search']]]]>
    </line>
    <line>
      <![CDATA[08_05_2017_07_51_32_407 -  Waiting For Element : [[IOSDriver:  on MAC (9f462daf-40b9-4efb-99cb-ea7d38e166c0)] -> xpath: //XCUIElementTypeCell[4]//XCUIElementTypeButton[@name='Search']]]]>
    </line>
    <line>
      <![CDATA[08_05_2017_07_51_33_290 -  Clicked :  [[IOSDriver:  on MAC (9f462daf-40b9-4efb-99cb-ea7d38e166c0)] -> xpath: //XCUIElementTypeCell[4]//XCUIElementTypeButton[@name='Search']]]]>
    </line>
    <line>
      <![CDATA[08_05_2017_07_51_34_549 -  Waiting For Element : [[IOSDriver:  on MAC (9f462daf-40b9-4efb-99cb-ea7d38e166c0)] -> xpath: //XCUIElementTypeCell[4]//XCUIElementTypeButton[@name='Tools']]]]>
    </line>
    <line>
      <![CDATA[08_05_2017_07_51_34_815 -  Waiting For Element : [[IOSDriver:  on MAC (9f462daf-40b9-4efb-99cb-ea7d38e166c0)] -> xpath: //XCUIElementTypeCell[4]//XCUIElementTypeButton[@name='Tools']]]]>
    </line>
    <line>
      <![CDATA[08_05_2017_07_51_35_087 -  Fetching the Attribute : name - Element : [[IOSDriver:  on MAC (9f462daf-40b9-4efb-99cb-ea7d38e166c0)] -> xpath: //XCUIElementTypeCell[4]//XCUIElementTypeButton[@name='Tools']]]]>
    </line>
    <line>
      <![CDATA[08_05_2017_07_51_35_319 -  Waiting For Element : [[IOSDriver:  on MAC (9f462daf-40b9-4efb-99cb-ea7d38e166c0)] -> xpath: //XCUIElementTypeCell[4]//XCUIElementTypeButton[@name='Tools']]]]>
    </line>
    <line>
      <![CDATA[08_05_2017_07_51_36_241 -  Clicked :  [[IOSDriver:  on MAC (9f462daf-40b9-4efb-99cb-ea7d38e166c0)] -> xpath: //XCUIElementTypeCell[4]//XCUIElementTypeButton[@name='Tools']]]]>
    </line>
    <line>
      <![CDATA[08_05_2017_07_51_36_241 -  Waiting for : 1 second(s)]]>
    </line>
    <line>
      <![CDATA[08_05_2017_07_51_37_308 - Capturing Screenshot and Adding to Extent Reports]]>
    </line>
    <line>
      <![CDATA[08_05_2017_07_51_38_939 -  Go Back]]>
    </line>
    <line>
      <![CDATA[08_05_2017_07_51_38_941 -  Test Passed :  test_07_UI_Catalog_SegmentedControls]]>
    </line>
    <line>
      <![CDATA[08_05_2017_07_51_38_941    ***************** Execution Complete : TEST_07_UI_CATALOG_SEGMENTEDCONTROLS ******************]]>
    </line>
    <line>
      <![CDATA[********************* IOS.UI_CATALOG.SCRIPTS.TEST_08_UI_CATALOG_SLIDERS *********************]]>
    </line>
    <line>
      <![CDATA[08_05_2017_07_51_38_942 -  Started Test : test_08_UI_Catalog_Sliders]]>
    </line>
    <line>
      <![CDATA[08_05_2017_07_51_39_309 -  Swiping Vertically Down ]]>
    </line>
    <line>
      <![CDATA[08_05_2017_07_51_44_144 -  Waiting For Element : [[IOSDriver:  on MAC (9f462daf-40b9-4efb-99cb-ea7d38e166c0)] -> accessibility id: Sliders]]]>
    </line>
    <line>
      <![CDATA[08_05_2017_07_51_44_421 -  Is the Element Displayed on Screen : [[IOSDriver:  on MAC (9f462daf-40b9-4efb-99cb-ea7d38e166c0)] -> accessibility id: Sliders]]]>
    </line>
    <line>
      <![CDATA[08_05_2017_07_51_44_718 -  Waiting For Element : [[IOSDriver:  on MAC (9f462daf-40b9-4efb-99cb-ea7d38e166c0)] -> accessibility id: Sliders]]]>
    </line>
    <line>
      <![CDATA[08_05_2017_07_51_45_040 -  Fetching the text : [[IOSDriver:  on MAC (9f462daf-40b9-4efb-99cb-ea7d38e166c0)] -> accessibility id: Sliders]]]>
    </line>
    <line>
      <![CDATA[08_05_2017_07_51_45_309 -  Waiting For Element : [[IOSDriver:  on MAC (9f462daf-40b9-4efb-99cb-ea7d38e166c0)] -> accessibility id: Sliders]]]>
    </line>
    <line>
      <![CDATA[08_05_2017_07_51_46_300 -  Clicked :  [[IOSDriver:  on MAC (9f462daf-40b9-4efb-99cb-ea7d38e166c0)] -> accessibility id: Sliders]]]>
    </line>
    <line>
      <![CDATA[08_05_2017_07_51_46_300 -  Waiting for : 1 second(s)]]>
    </line>
    <line>
      <![CDATA[08_05_2017_07_51_47_374 - Capturing Screenshot and Adding to Extent Reports]]>
    </line>
    <line>
      <![CDATA[08_05_2017_07_51_47_445 -  Is the Element Displayed on Screen : [[IOSDriver:  on MAC (9f462daf-40b9-4efb-99cb-ea7d38e166c0)] -> accessibility id: Sliders]]]>
    </line>
    <line>
      <![CDATA[08_05_2017_07_51_48_517 -  Waiting For Element : [[IOSDriver:  on MAC (9f462daf-40b9-4efb-99cb-ea7d38e166c0)] -> xpath: //XCUIElementTypeCell[1]/XCUIElementTypeSlider]]]>
    </line>
    <line>
      <![CDATA[08_05_2017_07_51_48_758 -  Is the Element Displayed on Screen : [[IOSDriver:  on MAC (9f462daf-40b9-4efb-99cb-ea7d38e166c0)] -> xpath: //XCUIElementTypeCell[1]/XCUIElementTypeSlider]]]>
    </line>
    <line>
      <![CDATA[08_05_2017_07_51_49_939 -  Waiting For Element : [[IOSDriver:  on MAC (9f462daf-40b9-4efb-99cb-ea7d38e166c0)] -> xpath: //XCUIElementTypeCell[2]/XCUIElementTypeSlider]]]>
    </line>
    <line>
      <![CDATA[08_05_2017_07_51_50_188 -  Is the Element Displayed on Screen : [[IOSDriver:  on MAC (9f462daf-40b9-4efb-99cb-ea7d38e166c0)] -> xpath: //XCUIElementTypeCell[2]/XCUIElementTypeSlider]]]>
    </line>
    <line>
      <![CDATA[08_05_2017_07_51_51_288 -  Waiting For Element : [[IOSDriver:  on MAC (9f462daf-40b9-4efb-99cb-ea7d38e166c0)] -> xpath: //XCUIElementTypeCell[3]/XCUIElementTypeSlider]]]>
    </line>
    <line>
      <![CDATA[08_05_2017_07_51_51_509 -  Is the Element Displayed on Screen : [[IOSDriver:  on MAC (9f462daf-40b9-4efb-99cb-ea7d38e166c0)] -> xpath: //XCUIElementTypeCell[3]/XCUIElementTypeSlider]]]>
    </line>
    <line>
      <![CDATA[08_05_2017_07_51_51_743 -  Waiting For Element : [[IOSDriver:  on MAC (9f462daf-40b9-4efb-99cb-ea7d38e166c0)] -> xpath: //XCUIElementTypeCell[1]/XCUIElementTypeSlider]]]>
    </line>
    <line>
      <![CDATA[08_05_2017_07_51_51_940 -  Fetching the Attribute : value - Element : [[IOSDriver:  on MAC (9f462daf-40b9-4efb-99cb-ea7d38e166c0)] -> xpath: //XCUIElementTypeCell[1]/XCUIElementTypeSlider]]]>
    </line>
    <line>
      <![CDATA[08_05_2017_07_51_52_168 -  Waiting For Element : [[IOSDriver:  on MAC (9f462daf-40b9-4efb-99cb-ea7d38e166c0)] -> xpath: //XCUIElementTypeCell[2]/XCUIElementTypeSlider]]]>
    </line>
    <line>
      <![CDATA[08_05_2017_07_51_52_391 -  Fetching the Attribute : value - Element : [[IOSDriver:  on MAC (9f462daf-40b9-4efb-99cb-ea7d38e166c0)] -> xpath: //XCUIElementTypeCell[2]/XCUIElementTypeSlider]]]>
    </line>
    <line>
      <![CDATA[08_05_2017_07_51_52_588 -  Waiting For Element : [[IOSDriver:  on MAC (9f462daf-40b9-4efb-99cb-ea7d38e166c0)] -> xpath: //XCUIElementTypeCell[3]/XCUIElementTypeSlider]]]>
    </line>
    <line>
      <![CDATA[08_05_2017_07_51_52_788 -  Fetching the Attribute : value - Element : [[IOSDriver:  on MAC (9f462daf-40b9-4efb-99cb-ea7d38e166c0)] -> xpath: //XCUIElementTypeCell[3]/XCUIElementTypeSlider]]]>
    </line>
    <line>
      <![CDATA[08_05_2017_07_51_54_296 -  Go Back]]>
    </line>
    <line>
      <![CDATA[08_05_2017_07_51_54_297 -  Test Passed :  test_08_UI_Catalog_Sliders]]>
    </line>
    <line>
      <![CDATA[08_05_2017_07_51_54_297    ***************** Execution Complete : TEST_08_UI_CATALOG_SLIDERS ******************]]>
    </line>
    <line>
      <![CDATA[********************* IOS.UI_CATALOG.SCRIPTS.TEST_09_UI_CATALOG_STEPPERS *********************]]>
    </line>
    <line>
      <![CDATA[08_05_2017_07_51_54_303 -  Started Test : test_09_UI_Catalog_Steppers]]>
    </line>
    <line>
      <![CDATA[08_05_2017_07_51_54_621 -  Swiping Vertically Down ]]>
    </line>
    <line>
      <![CDATA[08_05_2017_07_51_59_542 -  Waiting For Element : [[IOSDriver:  on MAC (9f462daf-40b9-4efb-99cb-ea7d38e166c0)] -> accessibility id: Steppers]]]>
    </line>
    <line>
      <![CDATA[08_05_2017_07_51_59_821 -  Is the Element Displayed on Screen : [[IOSDriver:  on MAC (9f462daf-40b9-4efb-99cb-ea7d38e166c0)] -> accessibility id: Steppers]]]>
    </line>
    <line>
      <![CDATA[08_05_2017_07_52_00_140 -  Waiting For Element : [[IOSDriver:  on MAC (9f462daf-40b9-4efb-99cb-ea7d38e166c0)] -> accessibility id: Steppers]]]>
    </line>
    <line>
      <![CDATA[08_05_2017_07_52_00_417 -  Fetching the text : [[IOSDriver:  on MAC (9f462daf-40b9-4efb-99cb-ea7d38e166c0)] -> accessibility id: Steppers]]]>
    </line>
    <line>
      <![CDATA[08_05_2017_07_52_00_693 -  Waiting For Element : [[IOSDriver:  on MAC (9f462daf-40b9-4efb-99cb-ea7d38e166c0)] -> accessibility id: Steppers]]]>
    </line>
    <line>
      <![CDATA[08_05_2017_07_52_01_702 -  Clicked :  [[IOSDriver:  on MAC (9f462daf-40b9-4efb-99cb-ea7d38e166c0)] -> accessibility id: Steppers]]]>
    </line>
    <line>
      <![CDATA[08_05_2017_07_52_01_702 -  Is the Element Displayed on Screen : [[IOSDriver:  on MAC (9f462daf-40b9-4efb-99cb-ea7d38e166c0)] -> accessibility id: Steppers]]]>
    </line>
    <line>
      <![CDATA[08_05_2017_07_52_02_108 -  Waiting For Element : [[IOSDriver:  on MAC (9f462daf-40b9-4efb-99cb-ea7d38e166c0)] -> accessibility id: Steppers]]]>
    </line>
    <line>
      <![CDATA[08_05_2017_07_52_02_397 -  Fetching the Attribute : name - Element : [[IOSDriver:  on MAC (9f462daf-40b9-4efb-99cb-ea7d38e166c0)] -> accessibility id: Steppers]]]>
    </line>
    <line>
      <![CDATA[08_05_2017_07_52_03_643 -  Waiting For Element : [[IOSDriver:  on MAC (9f462daf-40b9-4efb-99cb-ea7d38e166c0)] -> xpath: //XCUIElementTypeOther[@name='DEFAULT']]]]>
    </line>
    <line>
      <![CDATA[08_05_2017_07_52_03_867 -  Is the Element Displayed on Screen : [[IOSDriver:  on MAC (9f462daf-40b9-4efb-99cb-ea7d38e166c0)] -> xpath: //XCUIElementTypeOther[@name='DEFAULT']]]]>
    </line>
    <line>
      <![CDATA[08_05_2017_07_52_04_108 -  Waiting For Element : [[IOSDriver:  on MAC (9f462daf-40b9-4efb-99cb-ea7d38e166c0)] -> xpath: //XCUIElementTypeOther[@name='DEFAULT']]]]>
    </line>
    <line>
      <![CDATA[08_05_2017_07_52_04_341 -  Fetching the text : [[IOSDriver:  on MAC (9f462daf-40b9-4efb-99cb-ea7d38e166c0)] -> xpath: //XCUIElementTypeOther[@name='DEFAULT']]]]>
    </line>
    <line>
      <![CDATA[08_05_2017_07_52_05_559 -  Waiting For Element : [[IOSDriver:  on MAC (9f462daf-40b9-4efb-99cb-ea7d38e166c0)] -> xpath: //XCUIElementTypeOther[@name='TINTED']]]]>
    </line>
    <line>
      <![CDATA[08_05_2017_07_52_05_791 -  Is the Element Displayed on Screen : [[IOSDriver:  on MAC (9f462daf-40b9-4efb-99cb-ea7d38e166c0)] -> xpath: //XCUIElementTypeOther[@name='TINTED']]]]>
    </line>
    <line>
      <![CDATA[08_05_2017_07_52_06_016 -  Waiting For Element : [[IOSDriver:  on MAC (9f462daf-40b9-4efb-99cb-ea7d38e166c0)] -> xpath: //XCUIElementTypeOther[@name='TINTED']]]]>
    </line>
    <line>
      <![CDATA[08_05_2017_07_52_06_264 -  Fetching the text : [[IOSDriver:  on MAC (9f462daf-40b9-4efb-99cb-ea7d38e166c0)] -> xpath: //XCUIElementTypeOther[@name='TINTED']]]]>
    </line>
    <line>
      <![CDATA[08_05_2017_07_52_07_505 -  Waiting For Element : [[IOSDriver:  on MAC (9f462daf-40b9-4efb-99cb-ea7d38e166c0)] -> xpath: //XCUIElementTypeOther[@name='CUSTOM']]]]>
    </line>
    <line>
      <![CDATA[08_05_2017_07_52_07_742 -  Is the Element Displayed on Screen : [[IOSDriver:  on MAC (9f462daf-40b9-4efb-99cb-ea7d38e166c0)] -> xpath: //XCUIElementTypeOther[@name='CUSTOM']]]]>
    </line>
    <line>
      <![CDATA[08_05_2017_07_52_07_961 -  Waiting For Element : [[IOSDriver:  on MAC (9f462daf-40b9-4efb-99cb-ea7d38e166c0)] -> xpath: //XCUIElementTypeOther[@name='CUSTOM']]]]>
    </line>
    <line>
      <![CDATA[08_05_2017_07_52_08_194 -  Fetching the text : [[IOSDriver:  on MAC (9f462daf-40b9-4efb-99cb-ea7d38e166c0)] -> xpath: //XCUIElementTypeOther[@name='CUSTOM']]]]>
    </line>
    <line>
      <![CDATA[08_05_2017_07_52_08_410 -  Waiting For Element : [[IOSDriver:  on MAC (9f462daf-40b9-4efb-99cb-ea7d38e166c0)] -> xpath: //XCUIElementTypeOther[@name='DEFAULT']]]]>
    </line>
    <line>
      <![CDATA[08_05_2017_07_52_08_623 -  Fetching the text : [[IOSDriver:  on MAC (9f462daf-40b9-4efb-99cb-ea7d38e166c0)] -> xpath: //XCUIElementTypeOther[@name='DEFAULT']]]]>
    </line>
    <line>
      <![CDATA[08_05_2017_07_52_08_849 -  Waiting For Element : [[IOSDriver:  on MAC (9f462daf-40b9-4efb-99cb-ea7d38e166c0)] -> xpath: //XCUIElementTypeOther[@name='TINTED']]]]>
    </line>
    <line>
      <![CDATA[08_05_2017_07_52_09_066 -  Fetching the text : [[IOSDriver:  on MAC (9f462daf-40b9-4efb-99cb-ea7d38e166c0)] -> xpath: //XCUIElementTypeOther[@name='TINTED']]]]>
    </line>
    <line>
      <![CDATA[08_05_2017_07_52_09_291 -  Waiting For Element : [[IOSDriver:  on MAC (9f462daf-40b9-4efb-99cb-ea7d38e166c0)] -> xpath: //XCUIElementTypeOther[@name='CUSTOM']]]]>
    </line>
    <line>
      <![CDATA[08_05_2017_07_52_09_500 -  Fetching the text : [[IOSDriver:  on MAC (9f462daf-40b9-4efb-99cb-ea7d38e166c0)] -> xpath: //XCUIElementTypeOther[@name='CUSTOM']]]]>
    </line>
    <line>
      <![CDATA[08_05_2017_07_52_10_664 -  Waiting For Element : [[IOSDriver:  on MAC (9f462daf-40b9-4efb-99cb-ea7d38e166c0)] -> xpath: //XCUIElementTypeTable/XCUIElementTypeCell[1]/XCUIElementTypeButton[@name='Decrement']]]]>
    </line>
    <line>
      <![CDATA[08_05_2017_07_52_10_908 -  Is the Element Displayed on Screen : [[IOSDriver:  on MAC (9f462daf-40b9-4efb-99cb-ea7d38e166c0)] -> xpath: //XCUIElementTypeTable/XCUIElementTypeCell[1]/XCUIElementTypeButton[@name='Decrement']]]]>
    </line>
    <line>
      <![CDATA[08_05_2017_07_52_12_143 -  Waiting For Element : [[IOSDriver:  on MAC (9f462daf-40b9-4efb-99cb-ea7d38e166c0)] -> xpath: //XCUIElementTypeTable/XCUIElementTypeCell[1]/XCUIElementTypeButton[@name='Increment']]]]>
    </line>
    <line>
      <![CDATA[08_05_2017_07_52_12_371 -  Is the Element Displayed on Screen : [[IOSDriver:  on MAC (9f462daf-40b9-4efb-99cb-ea7d38e166c0)] -> xpath: //XCUIElementTypeTable/XCUIElementTypeCell[1]/XCUIElementTypeButton[@name='Increment']]]]>
    </line>
    <line>
      <![CDATA[08_05_2017_07_52_13_544 -  Waiting For Element : [[IOSDriver:  on MAC (9f462daf-40b9-4efb-99cb-ea7d38e166c0)] -> xpath: //XCUIElementTypeOther[@label='DEFAULT']/../following-sibling::XCUIElementTypeCell[1]/XCUIElementTypeStaticText]]]>
    </line>
    <line>
      <![CDATA[08_05_2017_07_52_13_755 -  Is the Element Displayed on Screen : [[IOSDriver:  on MAC (9f462daf-40b9-4efb-99cb-ea7d38e166c0)] -> xpath: //XCUIElementTypeOther[@label='DEFAULT']/../following-sibling::XCUIElementTypeCell[1]/XCUIElementTypeStaticText]]]>
    </line>
    <line>
      <![CDATA[08_05_2017_07_52_14_944 -  Waiting For Element : [[IOSDriver:  on MAC (9f462daf-40b9-4efb-99cb-ea7d38e166c0)] -> xpath: //XCUIElementTypeTable/XCUIElementTypeCell[2]/XCUIElementTypeButton[@name='Decrement']]]]>
    </line>
    <line>
      <![CDATA[08_05_2017_07_52_15_168 -  Is the Element Displayed on Screen : [[IOSDriver:  on MAC (9f462daf-40b9-4efb-99cb-ea7d38e166c0)] -> xpath: //XCUIElementTypeTable/XCUIElementTypeCell[2]/XCUIElementTypeButton[@name='Decrement']]]]>
    </line>
    <line>
[...]
            </line>
            <line>
              <![CDATA[08_05_2017_07_49_08_945 -  Waiting For alert to be displayed ]]>
            </line>
            <line>
              <![CDATA[08_05_2017_07_49_10_705 -  Waiting For Element : [[IOSDriver:  on MAC (9f462daf-40b9-4efb-99cb-ea7d38e166c0)] -> accessibility id: A Short Title Is Best]]]>
            </line>
            <line>
              <![CDATA[08_05_2017_07_49_10_938 -  Fetching the text : [[IOSDriver:  on MAC (9f462daf-40b9-4efb-99cb-ea7d38e166c0)] -> accessibility id: A Short Title Is Best]]]>
            </line>
            <line>
              <![CDATA[08_05_2017_07_49_11_213 -  Waiting For Element : [[IOSDriver:  on MAC (9f462daf-40b9-4efb-99cb-ea7d38e166c0)] -> accessibility id: A message should be a short, complete sentence.]]]>
            </line>
            <line>
              <![CDATA[08_05_2017_07_49_11_512 -  Fetching the text : [[IOSDriver:  on MAC (9f462daf-40b9-4efb-99cb-ea7d38e166c0)] -> accessibility id: A message should be a short, complete sentence.]]]>
            </line>
            <line>
              <![CDATA[08_05_2017_07_49_14_633 -  Waiting For Element : [[IOSDriver:  on MAC (9f462daf-40b9-4efb-99cb-ea7d38e166c0)] -> xpath: //XCUIElementTypeAlert[@name='A Short Title Is Best']//XCUIElementTypeTextField]]]>
            </line>
            <line>
              <![CDATA[08_05_2017_07_49_14_817 -  Is the Element Displayed on Screen : [[IOSDriver:  on MAC (9f462daf-40b9-4efb-99cb-ea7d38e166c0)] -> xpath: //XCUIElementTypeAlert[@name='A Short Title Is Best']//XCUIElementTypeTextField]]]>
            </line>
            <line>
              <![CDATA[08_05_2017_07_49_18_819 -  Waiting for : 1 second(s)]]>
            </line>
            <line>
              <![CDATA[08_05_2017_07_49_19_876 - Capturing Screenshot and Adding to Extent Reports]]>
            </line>
            <line>
              <![CDATA[08_05_2017_07_49_23_480 -  Accepted Alert]]>
            </line>
            <line>
              <![CDATA[08_05_2017_07_49_23_703 -  Waiting For Element : [[IOSDriver:  on MAC (9f462daf-40b9-4efb-99cb-ea7d38e166c0)] -> accessibility id: Text Entry]]]>
            </line>
            <line>
              <![CDATA[08_05_2017_07_49_24_638 -  Clicked :  [[IOSDriver:  on MAC (9f462daf-40b9-4efb-99cb-ea7d38e166c0)] -> accessibility id: Text Entry]]]>
            </line>
            <line>
              <![CDATA[08_05_2017_07_49_24_639 -  Waiting For alert to be displayed ]]>
            </line>
            <line>
              <![CDATA[08_05_2017_07_49_31_869 -  Dismissed Alert]]>
            </line>
            <line>
              <![CDATA[08_05_2017_07_49_32_339 -  Waiting For Element : [[IOSDriver:  on MAC (9f462daf-40b9-4efb-99cb-ea7d38e166c0)] -> accessibility id: Secure Text Entry]]]>
            </line>
            <line>
              <![CDATA[08_05_2017_07_49_33_397 -  Clicked :  [[IOSDriver:  on MAC (9f462daf-40b9-4efb-99cb-ea7d38e166c0)] -> accessibility id: Secure Text Entry]]]>
            </line>
            <line>
              <![CDATA[08_05_2017_07_49_33_398 -  Waiting For alert to be displayed ]]>
            </line>
            <line>
              <![CDATA[08_05_2017_07_49_34_654 -  Waiting For Element : [[IOSDriver:  on MAC (9f462daf-40b9-4efb-99cb-ea7d38e166c0)] -> accessibility id: A Short Title Is Best]]]>
            </line>
            <line>
              <![CDATA[08_05_2017_07_49_34_870 -  Fetching the text : [[IOSDriver:  on MAC (9f462daf-40b9-4efb-99cb-ea7d38e166c0)] -> accessibility id: A Short Title Is Best]]]>
            </line>
            <line>
              <![CDATA[08_05_2017_07_49_35_093 -  Waiting For Element : [[IOSDriver:  on MAC (9f462daf-40b9-4efb-99cb-ea7d38e166c0)] -> accessibility id: A message should be a short, complete sentence.]]]>
            </line>
            <line>
              <![CDATA[08_05_2017_07_49_35_371 -  Fetching the text : [[IOSDriver:  on MAC (9f462daf-40b9-4efb-99cb-ea7d38e166c0)] -> accessibility id: A message should be a short, complete sentence.]]]>
            </line>
            <line>
              <![CDATA[08_05_2017_07_49_37_907 -  Waiting For Element : [[IOSDriver:  on MAC (9f462daf-40b9-4efb-99cb-ea7d38e166c0)] -> xpath: //XCUIElementTypeAlert[@name='A Short Title Is Best']//XCUIElementTypeSecureTextField]]]>
            </line>
            <line>
              <![CDATA[08_05_2017_07_49_38_086 -  Is the Element Displayed on Screen : [[IOSDriver:  on MAC (9f462daf-40b9-4efb-99cb-ea7d38e166c0)] -> xpath: //XCUIElementTypeAlert[@name='A Short Title Is Best']//XCUIElementTypeSecureTextField]]]>
            </line>
            <line>
              <![CDATA[08_05_2017_07_49_42_279 -  Waiting for : 1 second(s)]]>
            </line>
            <line>
              <![CDATA[08_05_2017_07_49_43_334 - Capturing Screenshot and Adding to Extent Reports]]>
            </line>
            <line>
              <![CDATA[08_05_2017_07_49_45_524 -  Accepted Alert]]>
            </line>
            <line>
              <![CDATA[08_05_2017_07_49_45_958 -  Waiting For Element : [[IOSDriver:  on MAC (9f462daf-40b9-4efb-99cb-ea7d38e166c0)] -> accessibility id: Secure Text Entry]]]>
            </line>
            <line>
              <![CDATA[08_05_2017_07_49_46_847 -  Clicked :  [[IOSDriver:  on MAC (9f462daf-40b9-4efb-99cb-ea7d38e166c0)] -> accessibility id: Secure Text Entry]]]>
            </line>
            <line>
              <![CDATA[08_05_2017_07_49_46_847 -  Waiting For alert to be displayed ]]>
            </line>
            <line>
              <![CDATA[08_05_2017_07_49_53_515 -  Dismissed Alert]]>
            </line>
            <line>
              <![CDATA[08_05_2017_07_49_54_973 -  Go Back]]>
            </line>
            <line>
              <![CDATA[08_05_2017_07_49_54_974 -  Test Passed :  test_04_UI_Catalog_AlertViews]]>
            </line>
          </reporter-output>
        </test-method> <!-- test_04_UI_Catalog_AlertViews -->
        <test-method status="PASS" signature="after_Method(org.testng.ITestResult)[pri:0, instance:iOS.UI_Catalog.scripts.Test_04_UI_Catalog_AlertViews@43a25848]" name="after_Method" is-config="true" duration-ms="0" started-at="2017-08-05T19:49:54Z" finished-at="2017-08-05T19:49:54Z">
          <params>
            <param index="0">
              <value>
                <![CDATA[[TestResult name=test_04_UI_Catalog_AlertViews status=SUCCESS method=Test_04_UI_Catalog_AlertViews.test_04_UI_Catalog_AlertViews(java.util.Map)[pri:0, instance:iOS.UI_Catalog.scripts.Test_04_UI_Catalog_AlertViews@43a25848] output=08_05_2017_07_48_27_611 -  Started Test : test_04_UI_Catalog_AlertViews]]]>
              </value>
            </param>
          </params>
          <reporter-output>
            <line>
              <![CDATA[08_05_2017_07_49_54_974    ***************** Execution Complete : TEST_04_UI_CATALOG_ALERTVIEWS ******************]]>
            </line>
          </reporter-output>
        </test-method> <!-- after_Method -->
      </class> <!-- iOS.UI_Catalog.scripts.Test_04_UI_Catalog_AlertViews -->
      <class name="iOS.UI_Catalog.scripts.Test_14_UI_Catalog_ToolBars">
        <test-method status="PASS" signature="before_Method()[pri:0, instance:iOS.UI_Catalog.scripts.Test_14_UI_Catalog_ToolBars@880ec60]" name="before_Method" is-config="true" duration-ms="0" started-at="2017-08-05T19:57:46Z" finished-at="2017-08-05T19:57:46Z">
          <reporter-output>
            <line>
              <![CDATA[********************* IOS.UI_CATALOG.SCRIPTS.TEST_14_UI_CATALOG_TOOLBARS *********************]]>
            </line>
          </reporter-output>
        </test-method> <!-- before_Method -->
        <test-method status="PASS" signature="test_14_UI_Catalog_ToolBars()[pri:0, instance:iOS.UI_Catalog.scripts.Test_14_UI_Catalog_ToolBars@880ec60]" name="test_14_UI_Catalog_ToolBars" duration-ms="60508" started-at="2017-08-05T19:57:46Z" finished-at="2017-08-05T19:58:47Z">
          <reporter-output>
            <line>
              <![CDATA[08_05_2017_07_57_46_815 -  Started Test : test_14_UI_Catalog_ToolBars]]>
            </line>
            <line>
              <![CDATA[08_05_2017_07_57_47_123 -  Swiping Vertically Down ]]>
            </line>
            <line>
              <![CDATA[08_05_2017_07_58_00_978 -  Waiting For Element : [[IOSDriver:  on MAC (9f462daf-40b9-4efb-99cb-ea7d38e166c0)] -> accessibility id: Toolbars]]]>
            </line>
            <line>
              <![CDATA[08_05_2017_07_58_01_269 -  Is the Element Displayed on Screen : [[IOSDriver:  on MAC (9f462daf-40b9-4efb-99cb-ea7d38e166c0)] -> accessibility id: Toolbars]]]>
            </line>
            <line>
              <![CDATA[08_05_2017_07_58_01_663 -  Waiting For Element : [[IOSDriver:  on MAC (9f462daf-40b9-4efb-99cb-ea7d38e166c0)] -> accessibility id: Toolbars]]]>
            </line>
            <line>
              <![CDATA[08_05_2017_07_58_01_979 -  Fetching the text : [[IOSDriver:  on MAC (9f462daf-40b9-4efb-99cb-ea7d38e166c0)] -> accessibility id: Toolbars]]]>
            </line>
            <line>
              <![CDATA[08_05_2017_07_58_02_312 -  Waiting For Element : [[IOSDriver:  on MAC (9f462daf-40b9-4efb-99cb-ea7d38e166c0)] -> accessibility id: Toolbars]]]>
            </line>
            <line>
              <![CDATA[08_05_2017_07_58_03_318 -  Clicked :  [[IOSDriver:  on MAC (9f462daf-40b9-4efb-99cb-ea7d38e166c0)] -> accessibility id: Toolbars]]]>
            </line>
            <line>
              <![CDATA[08_05_2017_07_58_03_318 -  Is the Element Displayed on Screen : [[IOSDriver:  on MAC (9f462daf-40b9-4efb-99cb-ea7d38e166c0)] -> accessibility id: Toolbars]]]>
            </line>
            <line>
              <![CDATA[08_05_2017_07_58_03_685 -  Waiting For Element : [[IOSDriver:  on MAC (9f462daf-40b9-4efb-99cb-ea7d38e166c0)] -> accessibility id: Toolbars]]]>
            </line>
            <line>
              <![CDATA[08_05_2017_07_58_03_968 -  Fetching the Attribute : name - Element : [[IOSDriver:  on MAC (9f462daf-40b9-4efb-99cb-ea7d38e166c0)] -> accessibility id: Toolbars]]]>
            </line>
            <line>
              <![CDATA[08_05_2017_07_58_04_935 -  Waiting For Element : [[IOSDriver:  on MAC (9f462daf-40b9-4efb-99cb-ea7d38e166c0)] -> xpath: //XCUIElementTypeStaticText[@label='Default']]]]>
            </line>
            <line>
              <![CDATA[08_05_2017_07_58_05_216 -  Is the Element Displayed on Screen : [[IOSDriver:  on MAC (9f462daf-40b9-4efb-99cb-ea7d38e166c0)] -> xpath: //XCUIElementTypeStaticText[@label='Default']]]]>
            </line>
            <line>
              <![CDATA[08_05_2017_07_58_06_228 -  Waiting For Element : [[IOSDriver:  on MAC (9f462daf-40b9-4efb-99cb-ea7d38e166c0)] -> xpath: //XCUIElementTypeStaticText[@label='Tinted']]]]>
            </line>
            <line>
              <![CDATA[08_05_2017_07_58_06_465 -  Is the Element Displayed on Screen : [[IOSDriver:  on MAC (9f462daf-40b9-4efb-99cb-ea7d38e166c0)] -> xpath: //XCUIElementTypeStaticText[@label='Tinted']]]]>
            </line>
            <line>
              <![CDATA[08_05_2017_07_58_07_586 -  Waiting For Element : [[IOSDriver:  on MAC (9f462daf-40b9-4efb-99cb-ea7d38e166c0)] -> xpath: //XCUIElementTypeStaticText[@label='Custom']]]]>
            </line>
            <line>
              <![CDATA[08_05_2017_07_58_07_817 -  Is the Element Displayed on Screen : [[IOSDriver:  on MAC (9f462daf-40b9-4efb-99cb-ea7d38e166c0)] -> xpath: //XCUIElementTypeStaticText[@label='Custom']]]]>
            </line>
            <line>
              <![CDATA[08_05_2017_07_58_08_784 -  Waiting For Element : [[IOSDriver:  on MAC (9f462daf-40b9-4efb-99cb-ea7d38e166c0)] -> xpath: //XCUIElementTypeStaticText[@label='Default']]]]>
            </line>
            <line>
              <![CDATA[08_05_2017_07_58_09_669 -  Clicked :  [[IOSDriver:  on MAC (9f462daf-40b9-4efb-99cb-ea7d38e166c0)] -> xpath: //XCUIElementTypeStaticText[@label='Default']]]]>
            </line>
            <line>
              <![CDATA[08_05_2017_07_58_09_669 -  Waiting for : 1 second(s)]]>
            </line>
            <line>
              <![CDATA[08_05_2017_07_58_10_742 - Capturing Screenshot and Adding to Extent Reports]]>
            </line>
            <line>
              <![CDATA[08_05_2017_07_58_11_616 -  Waiting For Element : [[IOSDriver:  on MAC (9f462daf-40b9-4efb-99cb-ea7d38e166c0)] -> xpath: //XCUIElementTypeButton[@label='Delete']]]]>
            </line>
            <line>
              <![CDATA[08_05_2017_07_58_11_817 -  Is the Element Displayed on Screen : [[IOSDriver:  on MAC (9f462daf-40b9-4efb-99cb-ea7d38e166c0)] -> xpath: //XCUIElementTypeButton[@label='Delete']]]]>
            </line>
            <line>
              <![CDATA[08_05_2017_07_58_12_820 -  Waiting For Element : [[IOSDriver:  on MAC (9f462daf-40b9-4efb-99cb-ea7d38e166c0)] -> xpath: //XCUIElementTypeButton[@label='Action']]]]>
            </line>
            <line>
              <![CDATA[08_05_2017_07_58_13_020 -  Is the Element Displayed on Screen : [[IOSDriver:  on MAC (9f462daf-40b9-4efb-99cb-ea7d38e166c0)] -> xpath: //XCUIElementTypeButton[@label='Action']]]]>
            </line>
            <line>
              <![CDATA[08_05_2017_07_58_16_315 -  Single Tap On Element : [[IOSDriver:  on MAC (9f462daf-40b9-4efb-99cb-ea7d38e166c0)] -> xpath: //XCUIElementTypeButton[@label='Action']]]]>
            </line>
            <line>
              <![CDATA[08_05_2017_07_58_19_315 -  Single Tap On Element : [[IOSDriver:  on MAC (9f462daf-40b9-4efb-99cb-ea7d38e166c0)] -> xpath: //XCUIElementTypeButton[@label='Delete']]]]>
            </line>
            <line>
              <![CDATA[08_05_2017_07_58_20_565 -  Go Back]]>
            </line>
            <line>
              <![CDATA[08_05_2017_07_58_21_476 -  Waiting For Element : [[IOSDriver:  on MAC (9f462daf-40b9-4efb-99cb-ea7d38e166c0)] -> xpath: //XCUIElementTypeStaticText[@label='Tinted']]]]>
            </line>
            <line>
              <![CDATA[08_05_2017_07_58_22_218 -  Clicked :  [[IOSDriver:  on MAC (9f462daf-40b9-4efb-99cb-ea7d38e166c0)] -> xpath: //XCUIElementTypeStaticText[@label='Tinted']]]]>
            </line>
            <line>
              <![CDATA[08_05_2017_07_58_22_218 -  Waiting for : 1 second(s)]]>
            </line>
            <line>
              <![CDATA[08_05_2017_07_58_23_289 - Capturing Screenshot and Adding to Extent Reports]]>
            </line>
            <line>
              <![CDATA[08_05_2017_07_58_24_082 -  Waiting For Element : [[IOSDriver:  on MAC (9f462daf-40b9-4efb-99cb-ea7d38e166c0)] -> xpath: //XCUIElementTypeButton[@label='Refresh']]]]>
            </line>
            <line>
              <![CDATA[08_05_2017_07_58_24_316 -  Is the Element Displayed on Screen : [[IOSDriver:  on MAC (9f462daf-40b9-4efb-99cb-ea7d38e166c0)] -> xpath: //XCUIElementTypeButton[@label='Refresh']]]]>
            </line>
            <line>
              <![CDATA[08_05_2017_07_58_25_131 -  Waiting For Element : [[IOSDriver:  on MAC (9f462daf-40b9-4efb-99cb-ea7d38e166c0)] -> xpath: //XCUIElementTypeButton[@label='Share']]]]>
            </line>
            <line>
              <![CDATA[08_05_2017_07_58_25_370 -  Is the Element Displayed on Screen : [[IOSDriver:  on MAC (9f462daf-40b9-4efb-99cb-ea7d38e166c0)] -> xpath: //XCUIElementTypeButton[@label='Share']]]]>
            </line>
            <line>
              <![CDATA[08_05_2017_07_58_29_283 -  Single Tap On Element : [[IOSDriver:  on MAC (9f462daf-40b9-4efb-99cb-ea7d38e166c0)] -> xpath: //XCUIElementTypeButton[@label='Refresh']]]]>
            </line>
            <line>
              <![CDATA[08_05_2017_07_58_32_375 -  Single Tap On Element : [[IOSDriver:  on MAC (9f462daf-40b9-4efb-99cb-ea7d38e166c0)] -> xpath: //XCUIElementTypeButton[@label='Share']]]]>
            </line>
            <line>
              <![CDATA[08_05_2017_07_58_33_529 -  Go Back]]>
            </line>
            <line>
              <![CDATA[08_05_2017_07_58_34_469 -  Waiting For Element : [[IOSDriver:  on MAC (9f462daf-40b9-4efb-99cb-ea7d38e166c0)] -> xpath: //XCUIElementTypeStaticText[@label='Custom']]]]>
            </line>
            <line>
              <![CDATA[08_05_2017_07_58_35_266 -  Clicked :  [[IOSDriver:  on MAC (9f462daf-40b9-4efb-99cb-ea7d38e166c0)] -> xpath: //XCUIElementTypeStaticText[@label='Custom']]]]>
            </line>
            <line>
              <![CDATA[08_05_2017_07_58_35_266 -  Waiting for : 1 second(s)]]>
            </line>
            <line>
              <![CDATA[08_05_2017_07_58_36_341 - Capturing Screenshot and Adding to Extent Reports]]>
            </line>
            <line>
              <![CDATA[08_05_2017_07_58_37_220 -  Waiting For Element : [[IOSDriver:  on MAC (9f462daf-40b9-4efb-99cb-ea7d38e166c0)] -> xpath: //XCUIElementTypeButton[@label='tools icon']]]]>
            </line>
            <line>
              <![CDATA[08_05_2017_07_58_37_417 -  Is the Element Displayed on Screen : [[IOSDriver:  on MAC (9f462daf-40b9-4efb-99cb-ea7d38e166c0)] -> xpath: //XCUIElementTypeButton[@label='tools icon']]]]>
            </line>
            <line>
              <![CDATA[08_05_2017_07_58_38_317 -  Waiting For Element : [[IOSDriver:  on MAC (9f462daf-40b9-4efb-99cb-ea7d38e166c0)] -> xpath: //XCUIElementTypeButton[@label='Button']]]]>
            </line>
            <line>
              <![CDATA[08_05_2017_07_58_38_525 -  Is the Element Displayed on Screen : [[IOSDriver:  on MAC (9f462daf-40b9-4efb-99cb-ea7d38e166c0)] -> xpath: //XCUIElementTypeButton[@label='Button']]]]>
            </line>
            <line>
              <![CDATA[08_05_2017_07_58_41_817 -  Single Tap On Element : [[IOSDriver:  on MAC (9f462daf-40b9-4efb-99cb-ea7d38e166c0)] -> xpath: //XCUIElementTypeButton[@label='tools icon']]]]>
            </line>
            <line>
              <![CDATA[08_05_2017_07_58_44_778 -  Single Tap On Element : [[IOSDriver:  on MAC (9f462daf-40b9-4efb-99cb-ea7d38e166c0)] -> xpath: //XCUIElementTypeButton[@label='Button']]]]>
            </line>
            <line>
              <![CDATA[08_05_2017_07_58_45_933 -  Go Back]]>
            </line>
            <line>
              <![CDATA[08_05_2017_07_58_47_322 -  Go Back]]>
            </line>
            <line>
              <![CDATA[08_05_2017_07_58_47_323 -  Test Passed :  test_14_UI_Catalog_ToolBars]]>
            </line>
          </reporter-output>
        </test-method> <!-- test_14_UI_Catalog_ToolBars -->
        <test-method status="PASS" signature="after_Method(org.testng.ITestResult)[pri:0, instance:iOS.UI_Catalog.scripts.Test_14_UI_Catalog_ToolBars@880ec60]" name="after_Method" is-config="true" duration-ms="0" started-at="2017-08-05T19:58:47Z" finished-at="2017-08-05T19:58:47Z">
          <params>
            <param index="0">
              <value>
                <![CDATA[[TestResult name=test_14_UI_Catalog_ToolBars status=SUCCESS method=Test_14_UI_Catalog_ToolBars.test_14_UI_Catalog_ToolBars()[pri:0, instance:iOS.UI_Catalog.scripts.Test_14_UI_Catalog_ToolBars@880ec60] output=08_05_2017_07_57_46_815 -  Started Test : test_14_UI_Catalog_ToolBars]]]>
              </value>
            </param>
          </params>
          <reporter-output>
            <line>
              <![CDATA[08_05_2017_07_58_47_323    ***************** Execution Complete : TEST_14_UI_CATALOG_TOOLBARS ******************]]>
            </line>
          </reporter-output>
        </test-method> <!-- after_Method -->
      </class> <!-- iOS.UI_Catalog.scripts.Test_14_UI_Catalog_ToolBars -->
    </test> <!-- UI_Catalog_Test -->
  </suite> <!-- UI_Catalog_Suite -->
  <suite name="AllSuites" duration-ms="0" started-at="2017-08-05T14:29:29Z" finished-at="2017-08-05T14:29:29Z">
    <groups>
    </groups>
  </suite> <!-- AllSuites -->
</testng-results>
