<?xml version="1.0" encoding="UTF-8"?>
<testng-results skipped="0" failed="0" ignored="36" total="58" passed="22">
  <reporter-output>
    <line>
      <![CDATA[Worksheet for TestData :  /Users/sambeetmohapatra/Downloads/GIT/iOS_Multi_Apps_Project/App_Data_Objects/UI_Catalog/TestData.xls]]>
    </line>
    <line>
      <![CDATA[Page Objects for Test :  /Users/sambeetmohapatra/Downloads/GIT/iOS_Multi_Apps_Project/App_Data_Objects/UI_Catalog/UI_Catalog_PageObjects.json]]>
    </line>
    <line>
      <![CDATA[09_19_2017_09_09_47_747    ****** Suite Execution Started ****** ]]>
    </line>
    <line>
      <![CDATA[09_19_2017_09_09_48_363 -  Waiting for : 10 second(s)]]>
    </line>
    <line>
      <![CDATA[Bundle Id for the Application :  /Users/sambeetmohapatra/Downloads/GIT/iOS_Multi_Apps_Project/App_Data_Objects/UI_Catalog/UI_Catalog_PageObjects.json]]>
    </line>
    <line>
      <![CDATA[09_19_2017_09_09_58_451 -  Setting Desired Capabilities - iOS on : iPhone]]>
    </line>
    <line>
      <![CDATA[09_19_2017_09_09_58_453 -  Launching iOSDriver with Capabilities : Capabilities [{noReset=true, platformVersion=10.3, bundleId=com.example.apple-samplecode.UICatalog, platformName=iOS, deviceName=iPhone 7}]]]>
    </line>
    <line>
      <![CDATA[09_19_2017_09_10_28_701    ***************** Execution Started : IOS.UI_CATALOG.SCRIPTS.TEST_01_LAUNCH_UI_CATALOG_HOMEPAGE *********************]]>
    </line>
    <line>
      <![CDATA[09_19_2017_09_10_28_702 -  Started Test : test_01_Launch_UI_Catalog_HomePage]]>
    </line>
    <line>
      <![CDATA[09_19_2017_09_10_29_093 -  Waiting For Element : [[IOSDriver:  on MAC (84a57369-516d-4ba0-9a2a-f50b0e5a77bf)] -> accessibility id: Action Sheets]]]>
    </line>
    <line>
      <![CDATA[09_19_2017_09_10_29_462 -  Is the Element Displayed on Screen : [[IOSDriver:  on MAC (84a57369-516d-4ba0-9a2a-f50b0e5a77bf)] -> accessibility id: Action Sheets]]]>
    </line>
    <line>
      <![CDATA[09_19_2017_09_10_29_789 -  Waiting For Element : [[IOSDriver:  on MAC (84a57369-516d-4ba0-9a2a-f50b0e5a77bf)] -> accessibility id: Action Sheets]]]>
    </line>
    <line>
      <![CDATA[09_19_2017_09_10_30_499 -  Fetching the text : [[IOSDriver:  on MAC (84a57369-516d-4ba0-9a2a-f50b0e5a77bf)] -> accessibility id: Action Sheets]]]>
    </line>
    <line>
      <![CDATA[09_19_2017_09_10_30_779 -  Waiting For Element : [[IOSDriver:  on MAC (84a57369-516d-4ba0-9a2a-f50b0e5a77bf)] -> accessibility id: Action Sheets]]]>
    </line>
    <line>
      <![CDATA[09_19_2017_09_10_31_872 -  Clicked :  [[IOSDriver:  on MAC (84a57369-516d-4ba0-9a2a-f50b0e5a77bf)] -> accessibility id: Action Sheets]]]>
    </line>
    <line>
      <![CDATA[09_19_2017_09_10_31_873 -  Waiting for : 1 second(s)]]>
    </line>
    <line>
      <![CDATA[09_19_2017_09_10_32_947 -  Capturing Screenshot and Adding to Extent Reports]]>
    </line>
    <line>
      <![CDATA[09_19_2017_09_10_34_733 -  Go Back]]>
    </line>
    <line>
      <![CDATA[09_19_2017_09_10_34_733 -  Is the Element Displayed on Screen : [[IOSDriver:  on MAC (84a57369-516d-4ba0-9a2a-f50b0e5a77bf)] -> accessibility id: Action Sheets]]]>
    </line>
    <line>
      <![CDATA[09_19_2017_09_10_35_170 -  Waiting For Element : [[IOSDriver:  on MAC (84a57369-516d-4ba0-9a2a-f50b0e5a77bf)] -> accessibility id: Action Sheets]]]>
    </line>
    <line>
      <![CDATA[09_19_2017_09_10_35_577 -  Fetching the text : [[IOSDriver:  on MAC (84a57369-516d-4ba0-9a2a-f50b0e5a77bf)] -> accessibility id: Action Sheets]]]>
    </line>
    <line>
      <![CDATA[09_19_2017_09_10_36_951 -  Swiping Down to Element[[IOSDriver:  on MAC (84a57369-516d-4ba0-9a2a-f50b0e5a77bf)] -> accessibility id: Toolbars]]]>
    </line>
    <line>
      <![CDATA[09_19_2017_09_10_41_466 -  Swiping Down to Element[[IOSDriver:  on MAC (84a57369-516d-4ba0-9a2a-f50b0e5a77bf)] -> accessibility id: Toolbars]]]>
    </line>
    <line>
      <![CDATA[09_19_2017_09_10_48_507 -  Single Tap On Element : [[IOSDriver:  on MAC (84a57369-516d-4ba0-9a2a-f50b0e5a77bf)] -> accessibility id: Toolbars]]]>
    </line>
    <line>
      <![CDATA[09_19_2017_09_10_48_757 -  Waiting For Element : [[IOSDriver:  on MAC (84a57369-516d-4ba0-9a2a-f50b0e5a77bf)] -> accessibility id: Toolbars]]]>
    </line>
    <line>
      <![CDATA[09_19_2017_09_10_48_944 -  Waiting for : 1 second(s)]]>
    </line>
    <line>
      <![CDATA[09_19_2017_09_10_50_010 -  Capturing Screenshot and Adding to Extent Reports]]>
    </line>
    <line>
      <![CDATA[09_19_2017_09_10_51_453 -  Go Back]]>
    </line>
    <line>
      <![CDATA[09_19_2017_09_10_51_453 -  Waiting For Element : [[IOSDriver:  on MAC (84a57369-516d-4ba0-9a2a-f50b0e5a77bf)] -> accessibility id: Toolbars]]]>
    </line>
    <line>
      <![CDATA[09_19_2017_09_10_51_772 -  Fetching the text : [[IOSDriver:  on MAC (84a57369-516d-4ba0-9a2a-f50b0e5a77bf)] -> accessibility id: Toolbars]]]>
    </line>
    <line>
      <![CDATA[09_19_2017_09_10_53_051 -  Swiping Down to Element[[IOSDriver:  on MAC (84a57369-516d-4ba0-9a2a-f50b0e5a77bf)] -> accessibility id: Action Sheets]]]>
    </line>
    <line>
      <![CDATA[09_19_2017_09_10_57_551 -  Swiping Down to Element[[IOSDriver:  on MAC (84a57369-516d-4ba0-9a2a-f50b0e5a77bf)] -> accessibility id: Action Sheets]]]>
    </line>
    <line>
      <![CDATA[09_19_2017_09_11_02_071 -  Test Passed :  test_01_Launch_UI_Catalog_HomePage]]>
    </line>
    <line>
      <![CDATA[09_19_2017_09_11_02_072    ***************** Execution Complete : TEST_01_LAUNCH_UI_CATALOG_HOMEPAGE ******************]]>
    </line>
    <line>
      <![CDATA[Bundle Id for the Application :  /Users/sambeetmohapatra/Downloads/GIT/iOS_Multi_Apps_Project/App_Data_Objects/UI_Catalog/UI_Catalog_PageObjects.json]]>
    </line>
    <line>
      <![CDATA[09_19_2017_09_11_02_076 -  Setting Desired Capabilities - iOS on : iPhone]]>
    </line>
    <line>
      <![CDATA[09_19_2017_09_11_02_076 -  Launching iOSDriver with Capabilities : Capabilities [{noReset=true, platformVersion=10.3, bundleId=com.example.apple-samplecode.UICatalog, platformName=iOS, deviceName=iPhone 7}]]]>
    </line>
    <line>
      <![CDATA[09_19_2017_09_11_17_154    ***************** Execution Started : IOS.UI_CATALOG.SCRIPTS.TEST_02_UI_CATALOG_ACTIONSHEETS *********************]]>
    </line>
    <line>
      <![CDATA[09_19_2017_09_11_17_154 -  Started Test : test_02_UI_Catalog_ActionSheets]]>
    </line>
    <line>
      <![CDATA[09_19_2017_09_11_17_494 -  Waiting For Element : [[IOSDriver:  on MAC (8bfbe461-6394-4945-a870-fcc2674b64e6)] -> accessibility id: Action Sheets]]]>
    </line>
    <line>
      <![CDATA[09_19_2017_09_11_17_828 -  Is the Element Displayed on Screen : [[IOSDriver:  on MAC (8bfbe461-6394-4945-a870-fcc2674b64e6)] -> accessibility id: Action Sheets]]]>
    </line>
    <line>
      <![CDATA[09_19_2017_09_11_18_138 -  Waiting For Element : [[IOSDriver:  on MAC (8bfbe461-6394-4945-a870-fcc2674b64e6)] -> accessibility id: Action Sheets]]]>
    </line>
    <line>
      <![CDATA[09_19_2017_09_11_18_425 -  Fetching the text : [[IOSDriver:  on MAC (8bfbe461-6394-4945-a870-fcc2674b64e6)] -> accessibility id: Action Sheets]]]>
    </line>
    <line>
      <![CDATA[09_19_2017_09_11_18_721 -  Waiting For Element : [[IOSDriver:  on MAC (8bfbe461-6394-4945-a870-fcc2674b64e6)] -> accessibility id: Action Sheets]]]>
    </line>
    <line>
      <![CDATA[09_19_2017_09_11_19_758 -  Clicked :  [[IOSDriver:  on MAC (8bfbe461-6394-4945-a870-fcc2674b64e6)] -> accessibility id: Action Sheets]]]>
    </line>
    <line>
      <![CDATA[09_19_2017_09_11_20_210 -  Waiting For Element : [[IOSDriver:  on MAC (8bfbe461-6394-4945-a870-fcc2674b64e6)] -> accessibility id: Action Sheets]]]>
    </line>
    <line>
      <![CDATA[09_19_2017_09_11_20_475 -  Is the Element Displayed on Screen : [[IOSDriver:  on MAC (8bfbe461-6394-4945-a870-fcc2674b64e6)] -> accessibility id: Action Sheets]]]>
    </line>
    <line>
      <![CDATA[09_19_2017_09_11_20_862 -  Waiting For Element : [[IOSDriver:  on MAC (8bfbe461-6394-4945-a870-fcc2674b64e6)] -> accessibility id: Okay / Cancel]]]>
    </line>
    <line>
      <![CDATA[09_19_2017_09_11_21_080 -  Is the Element Displayed on Screen : [[IOSDriver:  on MAC (8bfbe461-6394-4945-a870-fcc2674b64e6)] -> accessibility id: Okay / Cancel]]]>
    </line>
    <line>
      <![CDATA[09_19_2017_09_11_21_539 -  Waiting For Element : [[IOSDriver:  on MAC (8bfbe461-6394-4945-a870-fcc2674b64e6)] -> accessibility id: Other]]]>
    </line>
    <line>
      <![CDATA[09_19_2017_09_11_21_716 -  Is the Element Displayed on Screen : [[IOSDriver:  on MAC (8bfbe461-6394-4945-a870-fcc2674b64e6)] -> accessibility id: Other]]]>
    </line>
    <line>
      <![CDATA[09_19_2017_09_11_22_139 -  Waiting For Element : [[IOSDriver:  on MAC (8bfbe461-6394-4945-a870-fcc2674b64e6)] -> accessibility id: Back]]]>
    </line>
    <line>
      <![CDATA[09_19_2017_09_11_22_315 -  Is the Element Displayed on Screen : [[IOSDriver:  on MAC (8bfbe461-6394-4945-a870-fcc2674b64e6)] -> accessibility id: Back]]]>
    </line>
    <line>
      <![CDATA[09_19_2017_09_11_22_722 -  Waiting For Element : [[IOSDriver:  on MAC (8bfbe461-6394-4945-a870-fcc2674b64e6)] -> accessibility id: UICatalog]]]>
    </line>
    <line>
      <![CDATA[09_19_2017_09_11_22_936 -  Is the Element Displayed on Screen : [[IOSDriver:  on MAC (8bfbe461-6394-4945-a870-fcc2674b64e6)] -> accessibility id: UICatalog]]]>
    </line>
    <line>
      <![CDATA[09_19_2017_09_11_23_346 -  Waiting For Element : [[IOSDriver:  on MAC (8bfbe461-6394-4945-a870-fcc2674b64e6)] -> accessibility id: Okay / Cancel]]]>
    </line>
    <line>
      <![CDATA[09_19_2017_09_11_24_162 -  Clicked :  [[IOSDriver:  on MAC (8bfbe461-6394-4945-a870-fcc2674b64e6)] -> accessibility id: Okay / Cancel]]]>
    </line>
    <line>
      <![CDATA[09_19_2017_09_11_24_399 -  Waiting For Element : [[IOSDriver:  on MAC (8bfbe461-6394-4945-a870-fcc2674b64e6)] -> accessibility id: OK]]]>
    </line>
    <line>
      <![CDATA[09_19_2017_09_11_24_607 -  Is the Element Displayed on Screen : [[IOSDriver:  on MAC (8bfbe461-6394-4945-a870-fcc2674b64e6)] -> accessibility id: OK]]]>
    </line>
    <line>
      <![CDATA[09_19_2017_09_11_24_967 -  Waiting For Element : [[IOSDriver:  on MAC (8bfbe461-6394-4945-a870-fcc2674b64e6)] -> accessibility id: Cancel]]]>
    </line>
    <line>
      <![CDATA[09_19_2017_09_11_25_103 -  Is the Element Displayed on Screen : [[IOSDriver:  on MAC (8bfbe461-6394-4945-a870-fcc2674b64e6)] -> accessibility id: Cancel]]]>
    </line>
    <line>
      <![CDATA[09_19_2017_09_11_25_412 -  Waiting For Element : [[IOSDriver:  on MAC (8bfbe461-6394-4945-a870-fcc2674b64e6)] -> accessibility id: OK]]]>
    </line>
    <line>
      <![CDATA[09_19_2017_09_11_25_559 -  Fetching the text : [[IOSDriver:  on MAC (8bfbe461-6394-4945-a870-fcc2674b64e6)] -> accessibility id: OK]]]>
    </line>
    <line>
      <![CDATA[09_19_2017_09_11_25_681 -  Waiting for : 1 second(s)]]>
    </line>
    <line>
      <![CDATA[09_19_2017_09_11_26_745 -  Capturing Screenshot and Adding to Extent Reports]]>
    </line>
    <line>
      <![CDATA[09_19_2017_09_11_26_989 -  Waiting For Element : [[IOSDriver:  on MAC (8bfbe461-6394-4945-a870-fcc2674b64e6)] -> accessibility id: OK]]]>
    </line>
    <line>
      <![CDATA[09_19_2017_09_11_27_741 -  Clicked :  [[IOSDriver:  on MAC (8bfbe461-6394-4945-a870-fcc2674b64e6)] -> accessibility id: OK]]]>
    </line>
    <line>
      <![CDATA[09_19_2017_09_11_32_668 -  Waiting For Element : [[IOSDriver:  on MAC (8bfbe461-6394-4945-a870-fcc2674b64e6)] -> accessibility id: Action Sheets]]]>
    </line>
    <line>
      <![CDATA[09_19_2017_09_11_32_835 -  Is the Element Displayed on Screen : [[IOSDriver:  on MAC (8bfbe461-6394-4945-a870-fcc2674b64e6)] -> accessibility id: Action Sheets]]]>
    </line>
    <line>
      <![CDATA[09_19_2017_09_11_33_215 -  Waiting For Element : [[IOSDriver:  on MAC (8bfbe461-6394-4945-a870-fcc2674b64e6)] -> accessibility id: Okay / Cancel]]]>
    </line>
    <line>
      <![CDATA[09_19_2017_09_11_33_997 -  Clicked :  [[IOSDriver:  on MAC (8bfbe461-6394-4945-a870-fcc2674b64e6)] -> accessibility id: Okay / Cancel]]]>
    </line>
    <line>
      <![CDATA[09_19_2017_09_11_34_177 -  Waiting For Element : [[IOSDriver:  on MAC (8bfbe461-6394-4945-a870-fcc2674b64e6)] -> accessibility id: Cancel]]]>
    </line>
    <line>
      <![CDATA[09_19_2017_09_11_34_975 -  Clicked :  [[IOSDriver:  on MAC (8bfbe461-6394-4945-a870-fcc2674b64e6)] -> accessibility id: Cancel]]]>
    </line>
    <line>
      <![CDATA[09_19_2017_09_11_39_559 -  Waiting For Element : [[IOSDriver:  on MAC (8bfbe461-6394-4945-a870-fcc2674b64e6)] -> accessibility id: Action Sheets]]]>
    </line>
    <line>
      <![CDATA[09_19_2017_09_11_39_752 -  Is the Element Displayed on Screen : [[IOSDriver:  on MAC (8bfbe461-6394-4945-a870-fcc2674b64e6)] -> accessibility id: Action Sheets]]]>
    </line>
    <line>
      <![CDATA[09_19_2017_09_11_42_550 -  Single Tap On Element : [[IOSDriver:  on MAC (8bfbe461-6394-4945-a870-fcc2674b64e6)] -> accessibility id: Other]]]>
    </line>
    <line>
      <![CDATA[09_19_2017_09_11_42_681 -  Waiting For Element : [[IOSDriver:  on MAC (8bfbe461-6394-4945-a870-fcc2674b64e6)] -> accessibility id: Safe Choice]]]>
    </line>
    <line>
      <![CDATA[09_19_2017_09_11_42_801 -  Is the Element Displayed on Screen : [[IOSDriver:  on MAC (8bfbe461-6394-4945-a870-fcc2674b64e6)] -> accessibility id: Safe Choice]]]>
    </line>
    <line>
      <![CDATA[09_19_2017_09_11_43_080 -  Waiting For Element : [[IOSDriver:  on MAC (8bfbe461-6394-4945-a870-fcc2674b64e6)] -> accessibility id: Destructive Choice]]]>
    </line>
    <line>
      <![CDATA[09_19_2017_09_11_43_197 -  Is the Element Displayed on Screen : [[IOSDriver:  on MAC (8bfbe461-6394-4945-a870-fcc2674b64e6)] -> accessibility id: Destructive Choice]]]>
    </line>
    <line>
      <![CDATA[09_19_2017_09_11_43_466 -  Waiting For Element : [[IOSDriver:  on MAC (8bfbe461-6394-4945-a870-fcc2674b64e6)] -> accessibility id: Safe Choice]]]>
    </line>
    <line>
      <![CDATA[09_19_2017_09_11_43_587 -  Fetching the text : [[IOSDriver:  on MAC (8bfbe461-6394-4945-a870-fcc2674b64e6)] -> accessibility id: Safe Choice]]]>
    </line>
    <line>
      <![CDATA[09_19_2017_09_11_43_848 -  Waiting For Element : [[IOSDriver:  on MAC (8bfbe461-6394-4945-a870-fcc2674b64e6)] -> accessibility id: Destructive Choice]]]>
    </line>
    <line>
      <![CDATA[09_19_2017_09_11_43_984 -  Fetching the text : [[IOSDriver:  on MAC (8bfbe461-6394-4945-a870-fcc2674b64e6)] -> accessibility id: Destructive Choice]]]>
    </line>
    <line>
      <![CDATA[09_19_2017_09_11_44_093 -  Waiting for : 1 second(s)]]>
    </line>
    <line>
      <![CDATA[09_19_2017_09_11_45_150 -  Capturing Screenshot and Adding to Extent Reports]]>
    </line>
    <line>
      <![CDATA[09_19_2017_09_11_47_668 -  Single Tap On Element : [[IOSDriver:  on MAC (8bfbe461-6394-4945-a870-fcc2674b64e6)] -> accessibility id: Safe Choice]]]>
    </line>
    <line>
      <![CDATA[09_19_2017_09_11_50_202 -  Single Tap On Element : [[IOSDriver:  on MAC (8bfbe461-6394-4945-a870-fcc2674b64e6)] -> accessibility id: Other]]]>
    </line>
    <line>
      <![CDATA[09_19_2017_09_11_52_645 -  Single Tap On Element : [[IOSDriver:  on MAC (8bfbe461-6394-4945-a870-fcc2674b64e6)] -> accessibility id: Destructive Choice]]]>
    </line>
    <line>
      <![CDATA[09_19_2017_09_11_53_755 -  Go Back]]>
    </line>
    <line>
      <![CDATA[09_19_2017_09_11_53_755 -  Waiting For Element : [[IOSDriver:  on MAC (8bfbe461-6394-4945-a870-fcc2674b64e6)] -> accessibility id: Action Sheets]]]>
    </line>
    <line>
      <![CDATA[09_19_2017_09_11_54_830 -  Clicked :  [[IOSDriver:  on MAC (8bfbe461-6394-4945-a870-fcc2674b64e6)] -> accessibility id: Action Sheets]]]>
    </line>
    <line>
      <![CDATA[09_19_2017_09_11_57_580 -  Single Tap On Element : [[IOSDriver:  on MAC (8bfbe461-6394-4945-a870-fcc2674b64e6)] -> accessibility id: Back]]]>
    </line>
    <line>
      <![CDATA[09_19_2017_09_11_57_580 -  Test Passed :  test_02_UI_Catalog_ActionSheets]]>
    </line>
    <line>
      <![CDATA[09_19_2017_09_11_57_580    ***************** Execution Complete : TEST_02_UI_CATALOG_ACTIONSHEETS ******************]]>
    </line>
    <line>
      <![CDATA[Bundle Id for the Application :  /Users/sambeetmohapatra/Downloads/GIT/iOS_Multi_Apps_Project/App_Data_Objects/UI_Catalog/UI_Catalog_PageObjects.json]]>
    </line>
    <line>
      <![CDATA[09_19_2017_09_11_57_581 -  Setting Desired Capabilities - iOS on : iPhone]]>
    </line>
    <line>
      <![CDATA[09_19_2017_09_11_57_581 -  Launching iOSDriver with Capabilities : Capabilities [{noReset=true, platformVersion=10.3, bundleId=com.example.apple-samplecode.UICatalog, platformName=iOS, deviceName=iPhone 7}]]]>
    </line>
    <line>
      <![CDATA[09_19_2017_09_12_12_539    ***************** Execution Started : IOS.UI_CATALOG.SCRIPTS.TEST_03_UI_CATALOG_ACTIVITYINDICATORS *********************]]>
    </line>
    <line>
      <![CDATA[09_19_2017_09_12_12_539 -  Started Test : test_03_UI_Catalog_ActivityIndicators]]>
    </line>
    <line>
      <![CDATA[09_19_2017_09_12_12_821 -  Waiting For Element : [[IOSDriver:  on MAC (7f1fa1b3-4edf-49a2-86f2-9a05529e0dbb)] -> accessibility id: Activity Indicators]]]>
    </line>
    <line>
      <![CDATA[09_19_2017_09_12_13_090 -  Is the Element Displayed on Screen : [[IOSDriver:  on MAC (7f1fa1b3-4edf-49a2-86f2-9a05529e0dbb)] -> accessibility id: Activity Indicators]]]>
    </line>
    <line>
      <![CDATA[09_19_2017_09_12_13_360 -  Waiting For Element : [[IOSDriver:  on MAC (7f1fa1b3-4edf-49a2-86f2-9a05529e0dbb)] -> accessibility id: Activity Indicators]]]>
    </line>
    <line>
      <![CDATA[09_19_2017_09_12_13_644 -  Fetching the text : [[IOSDriver:  on MAC (7f1fa1b3-4edf-49a2-86f2-9a05529e0dbb)] -> accessibility id: Activity Indicators]]]>
    </line>
    <line>
      <![CDATA[09_19_2017_09_12_14_005 -  Waiting For Element : [[IOSDriver:  on MAC (7f1fa1b3-4edf-49a2-86f2-9a05529e0dbb)] -> accessibility id: Activity Indicators]]]>
    </line>
    <line>
      <![CDATA[09_19_2017_09_12_14_976 -  Clicked :  [[IOSDriver:  on MAC (7f1fa1b3-4edf-49a2-86f2-9a05529e0dbb)] -> accessibility id: Activity Indicators]]]>
    </line>
    <line>
      <![CDATA[09_19_2017_09_12_15_404 -  Waiting For Element : [[IOSDriver:  on MAC (7f1fa1b3-4edf-49a2-86f2-9a05529e0dbb)] -> accessibility id: Activity Indicators]]]>
    </line>
    <line>
      <![CDATA[09_19_2017_09_12_15_660 -  Is the Element Displayed on Screen : [[IOSDriver:  on MAC (7f1fa1b3-4edf-49a2-86f2-9a05529e0dbb)] -> accessibility id: Activity Indicators]]]>
    </line>
    <line>
      <![CDATA[09_19_2017_09_12_16_070 -  Waiting For Element : [[IOSDriver:  on MAC (7f1fa1b3-4edf-49a2-86f2-9a05529e0dbb)] -> accessibility id: GRAY]]]>
    </line>
    <line>
      <![CDATA[09_19_2017_09_12_16_276 -  Is the Element Displayed on Screen : [[IOSDriver:  on MAC (7f1fa1b3-4edf-49a2-86f2-9a05529e0dbb)] -> accessibility id: GRAY]]]>
    </line>
    <line>
      <![CDATA[09_19_2017_09_12_16_675 -  Waiting For Element : [[IOSDriver:  on MAC (7f1fa1b3-4edf-49a2-86f2-9a05529e0dbb)] -> accessibility id: TINTED]]]>
    </line>
    <line>
      <![CDATA[09_19_2017_09_12_16_879 -  Is the Element Displayed on Screen : [[IOSDriver:  on MAC (7f1fa1b3-4edf-49a2-86f2-9a05529e0dbb)] -> accessibility id: TINTED]]]>
    </line>
    <line>
      <![CDATA[09_19_2017_09_12_17_857 -  Waiting For Element : [[IOSDriver:  on MAC (7f1fa1b3-4edf-49a2-86f2-9a05529e0dbb)] -> xpath: //XCUIElementTypeActivityIndicator[1]]]]>
    </line>
    <line>
      <![CDATA[09_19_2017_09_12_18_719 -  Waiting for : 1 second(s)]]>
    </line>
    <line>
      <![CDATA[09_19_2017_09_12_19_793 -  Capturing Screenshot and Adding to Extent Reports]]>
    </line>
    <line>
      <![CDATA[09_19_2017_09_12_21_235 -  Go Back]]>
    </line>
    <line>
      <![CDATA[09_19_2017_09_12_21_237 -  Waiting For Element : [[IOSDriver:  on MAC (7f1fa1b3-4edf-49a2-86f2-9a05529e0dbb)] -> accessibility id: Activity Indicators]]]>
    </line>
    <line>
      <![CDATA[09_19_2017_09_12_22_293 -  Clicked :  [[IOSDriver:  on MAC (7f1fa1b3-4edf-49a2-86f2-9a05529e0dbb)] -> accessibility id: Activity Indicators]]]>
    </line>
    <line>
      <![CDATA[09_19_2017_09_12_25_111 -  Single Tap On Element : [[IOSDriver:  on MAC (7f1fa1b3-4edf-49a2-86f2-9a05529e0dbb)] -> accessibility id: Back]]]>
    </line>
    <line>
      <![CDATA[09_19_2017_09_12_25_111 -  Test Passed :  test_03_UI_Catalog_ActivityIndicators]]>
    </line>
    <line>
      <![CDATA[09_19_2017_09_12_25_112    ***************** Execution Complete : TEST_03_UI_CATALOG_ACTIVITYINDICATORS ******************]]>
    </line>
    <line>
      <![CDATA[Bundle Id for the Application :  /Users/sambeetmohapatra/Downloads/GIT/iOS_Multi_Apps_Project/App_Data_Objects/UI_Catalog/UI_Catalog_PageObjects.json]]>
    </line>
    <line>
      <![CDATA[09_19_2017_09_12_25_112 -  Setting Desired Capabilities - iOS on : iPhone]]>
    </line>
    <line>
      <![CDATA[09_19_2017_09_12_25_112 -  Launching iOSDriver with Capabilities : Capabilities [{noReset=true, platformVersion=10.3, bundleId=com.example.apple-samplecode.UICatalog, platformName=iOS, deviceName=iPhone 7}]]]>
    </line>
    <line>
      <![CDATA[09_19_2017_09_12_43_235    ***************** Execution Started : IOS.UI_CATALOG.SCRIPTS.TEST_04_UI_CATALOG_ALERTVIEWS *********************]]>
    </line>
    <line>
      <![CDATA[09_19_2017_09_12_43_241 -  Started Test : test_04_UI_Catalog_AlertViews]]>
    </line>
    <line>
      <![CDATA[09_19_2017_09_12_43_528 -  Waiting For Element : [[IOSDriver:  on MAC (b0997cbb-7257-4442-97d7-d05a31f30ab7)] -> accessibility id: Alert Views]]]>
    </line>
    <line>
      <![CDATA[09_19_2017_09_12_43_869 -  Is the Element Displayed on Screen : [[IOSDriver:  on MAC (b0997cbb-7257-4442-97d7-d05a31f30ab7)] -> accessibility id: Alert Views]]]>
    </line>
    <line>
      <![CDATA[09_19_2017_09_12_44_140 -  Waiting For Element : [[IOSDriver:  on MAC (b0997cbb-7257-4442-97d7-d05a31f30ab7)] -> accessibility id: Alert Views]]]>
    </line>
    <line>
      <![CDATA[09_19_2017_09_12_44_392 -  Fetching the text : [[IOSDriver:  on MAC (b0997cbb-7257-4442-97d7-d05a31f30ab7)] -> accessibility id: Alert Views]]]>
    </line>
    <line>
      <![CDATA[09_19_2017_09_12_44_651 -  Waiting For Element : [[IOSDriver:  on MAC (b0997cbb-7257-4442-97d7-d05a31f30ab7)] -> accessibility id: Alert Views]]]>
    </line>
    <line>
      <![CDATA[09_19_2017_09_12_45_595 -  Clicked :  [[IOSDriver:  on MAC (b0997cbb-7257-4442-97d7-d05a31f30ab7)] -> accessibility id: Alert Views]]]>
    </line>
    <line>
      <![CDATA[09_19_2017_09_12_45_967 -  Waiting For Element : [[IOSDriver:  on MAC (b0997cbb-7257-4442-97d7-d05a31f30ab7)] -> accessibility id: Alert Views]]]>
    </line>
    <line>
      <![CDATA[09_19_2017_09_12_46_237 -  Is the Element Displayed on Screen : [[IOSDriver:  on MAC (b0997cbb-7257-4442-97d7-d05a31f30ab7)] -> accessibility id: Alert Views]]]>
    </line>
    <line>
      <![CDATA[09_19_2017_09_12_46_651 -  Waiting For Element : [[IOSDriver:  on MAC (b0997cbb-7257-4442-97d7-d05a31f30ab7)] -> accessibility id: Simple]]]>
    </line>
    <line>
      <![CDATA[09_19_2017_09_12_46_861 -  Is the Element Displayed on Screen : [[IOSDriver:  on MAC (b0997cbb-7257-4442-97d7-d05a31f30ab7)] -> accessibility id: Simple]]]>
    </line>
    <line>
      <![CDATA[09_19_2017_09_12_47_257 -  Waiting For Element : [[IOSDriver:  on MAC (b0997cbb-7257-4442-97d7-d05a31f30ab7)] -> accessibility id: Okay / Cancel]]]>
    </line>
    <line>
      <![CDATA[09_19_2017_09_12_47_443 -  Is the Element Displayed on Screen : [[IOSDriver:  on MAC (b0997cbb-7257-4442-97d7-d05a31f30ab7)] -> accessibility id: Okay / Cancel]]]>
    </line>
    <line>
      <![CDATA[09_19_2017_09_12_47_903 -  Waiting For Element : [[IOSDriver:  on MAC (b0997cbb-7257-4442-97d7-d05a31f30ab7)] -> accessibility id: Other]]]>
    </line>
    <line>
      <![CDATA[09_19_2017_09_12_48_079 -  Is the Element Displayed on Screen : [[IOSDriver:  on MAC (b0997cbb-7257-4442-97d7-d05a31f30ab7)] -> accessibility id: Other]]]>
    </line>
    <line>
      <![CDATA[09_19_2017_09_12_48_494 -  Waiting For Element : [[IOSDriver:  on MAC (b0997cbb-7257-4442-97d7-d05a31f30ab7)] -> accessibility id: Text Entry]]]>
    </line>
    <line>
      <![CDATA[09_19_2017_09_12_48_705 -  Is the Element Displayed on Screen : [[IOSDriver:  on MAC (b0997cbb-7257-4442-97d7-d05a31f30ab7)] -> accessibility id: Text Entry]]]>
    </line>
    <line>
      <![CDATA[09_19_2017_09_12_49_126 -  Waiting For Element : [[IOSDriver:  on MAC (b0997cbb-7257-4442-97d7-d05a31f30ab7)] -> accessibility id: Secure Text Entry]]]>
    </line>
    <line>
      <![CDATA[09_19_2017_09_12_49_311 -  Is the Element Displayed on Screen : [[IOSDriver:  on MAC (b0997cbb-7257-4442-97d7-d05a31f30ab7)] -> accessibility id: Secure Text Entry]]]>
    </line>
    <line>
      <![CDATA[09_19_2017_09_12_49_722 -  Waiting For Element : [[IOSDriver:  on MAC (b0997cbb-7257-4442-97d7-d05a31f30ab7)] -> accessibility id: Simple]]]>
    </line>
    <line>
      <![CDATA[09_19_2017_09_12_50_476 -  Clicked :  [[IOSDriver:  on MAC (b0997cbb-7257-4442-97d7-d05a31f30ab7)] -> accessibility id: Simple]]]>
    </line>
    <line>
      <![CDATA[09_19_2017_09_12_50_476 -  Waiting For alert to be displayed ]]>
    </line>
    <line>
      <![CDATA[09_19_2017_09_12_51_022 -  Waiting for : 1 second(s)]]>
    </line>
    <line>
      <![CDATA[09_19_2017_09_12_52_088 -  Capturing Screenshot and Adding to Extent Reports]]>
    </line>
    <line>
      <![CDATA[09_19_2017_09_12_52_317 -  Waiting For Element : [[IOSDriver:  on MAC (b0997cbb-7257-4442-97d7-d05a31f30ab7)] -> accessibility id: A Short Title Is Best]]]>
    </line>
    <line>
      <![CDATA[09_19_2017_09_12_52_440 -  Is the Element Displayed on Screen : [[IOSDriver:  on MAC (b0997cbb-7257-4442-97d7-d05a31f30ab7)] -> accessibility id: A Short Title Is Best]]]>
    </line>
    <line>
      <![CDATA[09_19_2017_09_12_52_569 -  Waiting For Element : [[IOSDriver:  on MAC (b0997cbb-7257-4442-97d7-d05a31f30ab7)] -> accessibility id: A Short Title Is Best]]]>
    </line>
    <line>
      <![CDATA[09_19_2017_09_12_52_695 -  Fetching the text : [[IOSDriver:  on MAC (b0997cbb-7257-4442-97d7-d05a31f30ab7)] -> accessibility id: A Short Title Is Best]]]>
    </line>
    <line>
      <![CDATA[09_19_2017_09_12_52_823 -  Waiting For Element : [[IOSDriver:  on MAC (b0997cbb-7257-4442-97d7-d05a31f30ab7)] -> accessibility id: A Short Title Is Best]]]>
    </line>
    <line>
      <![CDATA[09_19_2017_09_12_52_963 -  Fetching the text : [[IOSDriver:  on MAC (b0997cbb-7257-4442-97d7-d05a31f30ab7)] -> accessibility id: A Short Title Is Best]]]>
    </line>
    <line>
      <![CDATA[09_19_2017_09_12_53_221 -  Waiting For Element : [[IOSDriver:  on MAC (b0997cbb-7257-4442-97d7-d05a31f30ab7)] -> accessibility id: A message should be a short, complete sentence.]]]>
    </line>
    <line>
      <![CDATA[09_19_2017_09_12_53_348 -  Is the Element Displayed on Screen : [[IOSDriver:  on MAC (b0997cbb-7257-4442-97d7-d05a31f30ab7)] -> accessibility id: A message should be a short, complete sentence.]]]>
    </line>
    <line>
      <![CDATA[09_19_2017_09_12_53_472 -  Waiting For Element : [[IOSDriver:  on MAC (b0997cbb-7257-4442-97d7-d05a31f30ab7)] -> accessibility id: A message should be a short, complete sentence.]]]>
    </line>
    <line>
      <![CDATA[09_19_2017_09_12_53_603 -  Fetching the text : [[IOSDriver:  on MAC (b0997cbb-7257-4442-97d7-d05a31f30ab7)] -> accessibility id: A message should be a short, complete sentence.]]]>
    </line>
    <line>
      <![CDATA[09_19_2017_09_12_53_721 -  Waiting For Element : [[IOSDriver:  on MAC (b0997cbb-7257-4442-97d7-d05a31f30ab7)] -> accessibility id: A message should be a short, complete sentence.]]]>
    </line>
    <line>
      <![CDATA[09_19_2017_09_12_53_850 -  Fetching the text : [[IOSDriver:  on MAC (b0997cbb-7257-4442-97d7-d05a31f30ab7)] -> accessibility id: A message should be a short, complete sentence.]]]>
    </line>
    <line>
      <![CDATA[09_19_2017_09_12_54_131 -  Waiting For Element : [[IOSDriver:  on MAC (b0997cbb-7257-4442-97d7-d05a31f30ab7)] -> accessibility id: OK]]]>
    </line>
    <line>
      <![CDATA[09_19_2017_09_12_54_248 -  Is the Element Displayed on Screen : [[IOSDriver:  on MAC (b0997cbb-7257-4442-97d7-d05a31f30ab7)] -> accessibility id: OK]]]>
    </line>
    <line>
      <![CDATA[09_19_2017_09_12_55_555 -  Accepted Alert]]>
    </line>
    <line>
      <![CDATA[09_19_2017_09_12_56_501 -  Waiting For Element : [[IOSDriver:  on MAC (b0997cbb-7257-4442-97d7-d05a31f30ab7)] -> xpath: //XCUIElementTypeStaticText[@name='Okay / Cancel']]]]>
    </line>
    <line>
      <![CDATA[09_19_2017_09_12_57_284 -  Clicked :  [[IOSDriver:  on MAC (b0997cbb-7257-4442-97d7-d05a31f30ab7)] -> xpath: //XCUIElementTypeStaticText[@name='Okay / Cancel']]]]>
    </line>
    <line>
      <![CDATA[09_19_2017_09_12_57_285 -  Waiting For alert to be displayed ]]>
    </line>
    <line>
      <![CDATA[09_19_2017_09_12_57_896 -  Waiting for : 1 second(s)]]>
    </line>
    <line>
      <![CDATA[09_19_2017_09_12_58_955 -  Capturing Screenshot and Adding to Extent Reports]]>
    </line>
    <line>
      <![CDATA[09_19_2017_09_12_59_046 -  Is the Element Displayed on Screen : [[IOSDriver:  on MAC (b0997cbb-7257-4442-97d7-d05a31f30ab7)] -> accessibility id: A Short Title Is Best]]]>
    </line>
    <line>
      <![CDATA[09_19_2017_09_12_59_173 -  Waiting For Element : [[IOSDriver:  on MAC (b0997cbb-7257-4442-97d7-d05a31f30ab7)] -> accessibility id: A Short Title Is Best]]]>
    </line>
    <line>
      <![CDATA[09_19_2017_09_12_59_289 -  Fetching the text : [[IOSDriver:  on MAC (b0997cbb-7257-4442-97d7-d05a31f30ab7)] -> accessibility id: A Short Title Is Best]]]>
    </line>
    <line>
      <![CDATA[09_19_2017_09_12_59_435 -  Is the Element Displayed on Screen : [[IOSDriver:  on MAC (b0997cbb-7257-4442-97d7-d05a31f30ab7)] -> accessibility id: A message should be a short, complete sentence.]]]>
    </line>
    <line>
      <![CDATA[09_19_2017_09_12_59_566 -  Waiting For Element : [[IOSDriver:  on MAC (b0997cbb-7257-4442-97d7-d05a31f30ab7)] -> accessibility id: A message should be a short, complete sentence.]]]>
    </line>
    <line>
      <![CDATA[09_19_2017_09_12_59_734 -  Fetching the text : [[IOSDriver:  on MAC (b0997cbb-7257-4442-97d7-d05a31f30ab7)] -> accessibility id: A message should be a short, complete sentence.]]]>
    </line>
    <line>
      <![CDATA[09_19_2017_09_13_01_300 -  Accepted Alert]]>
    </line>
    <line>
      <![CDATA[09_19_2017_09_13_02_171 -  Waiting For Element : [[IOSDriver:  on MAC (b0997cbb-7257-4442-97d7-d05a31f30ab7)] -> xpath: //XCUIElementTypeStaticText[@name='Okay / Cancel']]]]>
    </line>
    <line>
      <![CDATA[09_19_2017_09_13_02_986 -  Clicked :  [[IOSDriver:  on MAC (b0997cbb-7257-4442-97d7-d05a31f30ab7)] -> xpath: //XCUIElementTypeStaticText[@name='Okay / Cancel']]]]>
    </line>
    <line>
      <![CDATA[09_19_2017_09_13_02_986 -  Waiting For alert to be displayed ]]>
    </line>
    <line>
      <![CDATA[09_19_2017_09_13_05_010 -  Dismissed Alert]]>
    </line>
    <line>
      <![CDATA[09_19_2017_09_13_05_286 -  Waiting For Element : [[IOSDriver:  on MAC (b0997cbb-7257-4442-97d7-d05a31f30ab7)] -> accessibility id: Other]]]>
    </line>
    <line>
      <![CDATA[09_19_2017_09_13_06_112 -  Clicked :  [[IOSDriver:  on MAC (b0997cbb-7257-4442-97d7-d05a31f30ab7)] -> accessibility id: Other]]]>
    </line>
    <line>
      <![CDATA[09_19_2017_09_13_06_112 -  Waiting For alert to be displayed ]]>
    </line>
    <line>
      <![CDATA[09_19_2017_09_13_06_835 -  Is the Element Displayed on Screen : [[IOSDriver:  on MAC (b0997cbb-7257-4442-97d7-d05a31f30ab7)] -> accessibility id: A Short Title Is Best]]]>
    </line>
    <line>
      <![CDATA[09_19_2017_09_13_06_986 -  Waiting For Element : [[IOSDriver:  on MAC (b0997cbb-7257-4442-97d7-d05a31f30ab7)] -> accessibility id: A Short Title Is Best]]]>
    </line>
    <line>
      <![CDATA[09_19_2017_09_13_07_138 -  Fetching the text : [[IOSDriver:  on MAC (b0997cbb-7257-4442-97d7-d05a31f30ab7)] -> accessibility id: A Short Title Is Best]]]>
    </line>
    <line>
      <![CDATA[09_19_2017_09_13_07_284 -  Is the Element Displayed on Screen : [[IOSDriver:  on MAC (b0997cbb-7257-4442-97d7-d05a31f30ab7)] -> accessibility id: A message should be a short, complete sentence.]]]>
    </line>
    <line>
      <![CDATA[09_19_2017_09_13_07_415 -  Waiting For Element : [[IOSDriver:  on MAC (b0997cbb-7257-4442-97d7-d05a31f30ab7)] -> accessibility id: A message should be a short, complete sentence.]]]>
    </line>
    <line>
      <![CDATA[09_19_2017_09_13_07_560 -  Fetching the text : [[IOSDriver:  on MAC (b0997cbb-7257-4442-97d7-d05a31f30ab7)] -> accessibility id: A message should be a short, complete sentence.]]]>
    </line>
    <line>
      <![CDATA[09_19_2017_09_13_07_860 -  Waiting For Element : [[IOSDriver:  on MAC (b0997cbb-7257-4442-97d7-d05a31f30ab7)] -> accessibility id: Choice One]]]>
    </line>
    <line>
      <![CDATA[09_19_2017_09_13_07_995 -  Is the Element Displayed on Screen : [[IOSDriver:  on MAC (b0997cbb-7257-4442-97d7-d05a31f30ab7)] -> accessibility id: Choice One]]]>
    </line>
    <line>
      <![CDATA[09_19_2017_09_13_09_515 -  Waiting For Element : [[IOSDriver:  on MAC (b0997cbb-7257-4442-97d7-d05a31f30ab7)] -> xpath: //XCUIElementTypeButton[@name='Choice Two']]]]>
    </line>
    <line>
      <![CDATA[09_19_2017_09_13_09_662 -  Is the Element Displayed on Screen : [[IOSDriver:  on MAC (b0997cbb-7257-4442-97d7-d05a31f30ab7)] -> xpath: //XCUIElementTypeButton[@name='Choice Two']]]]>
    </line>
    <line>
      <![CDATA[09_19_2017_09_13_12_347 -  Single Tap On Element : [[IOSDriver:  on MAC (b0997cbb-7257-4442-97d7-d05a31f30ab7)] -> accessibility id: Choice One]]]>
    </line>
    <line>
      <![CDATA[09_19_2017_09_13_12_587 -  Waiting For Element : [[IOSDriver:  on MAC (b0997cbb-7257-4442-97d7-d05a31f30ab7)] -> accessibility id: Other]]]>
    </line>
    <line>
      <![CDATA[09_19_2017_09_13_13_378 -  Clicked :  [[IOSDriver:  on MAC (b0997cbb-7257-4442-97d7-d05a31f30ab7)] -> accessibility id: Other]]]>
    </line>
    <line>
      <![CDATA[09_19_2017_09_13_13_378 -  Waiting For alert to be displayed ]]>
    </line>
    <line>
      <![CDATA[09_19_2017_09_13_14_087 -  Waiting for : 1 second(s)]]>
    </line>
    <line>
      <![CDATA[09_19_2017_09_13_15_146 -  Capturing Screenshot and Adding to Extent Reports]]>
    </line>
    <line>
      <![CDATA[09_19_2017_09_13_19_006 -  Single Tap On Element : [[IOSDriver:  on MAC (b0997cbb-7257-4442-97d7-d05a31f30ab7)] -> xpath: //XCUIElementTypeButton[@name='Choice Two']]]]>
    </line>
    <line>
      <![CDATA[09_19_2017_09_13_19_264 -  Waiting For Element : [[IOSDriver:  on MAC (b0997cbb-7257-4442-97d7-d05a31f30ab7)] -> accessibility id: Other]]]>
    </line>
    <line>
      <![CDATA[09_19_2017_09_13_20_066 -  Clicked :  [[IOSDriver:  on MAC (b0997cbb-7257-4442-97d7-d05a31f30ab7)] -> accessibility id: Other]]]>
    </line>
    <line>
      <![CDATA[09_19_2017_09_13_20_066 -  Waiting For alert to be displayed ]]>
    </line>
    <line>
      <![CDATA[09_19_2017_09_13_22_281 -  Dismissed Alert]]>
    </line>
    <line>
      <![CDATA[09_19_2017_09_13_22_591 -  Waiting For Element : [[IOSDriver:  on MAC (b0997cbb-7257-4442-97d7-d05a31f30ab7)] -> accessibility id: Text Entry]]]>
    </line>
    <line>
      <![CDATA[09_19_2017_09_13_23_430 -  Clicked :  [[IOSDriver:  on MAC (b0997cbb-7257-4442-97d7-d05a31f30ab7)] -> accessibility id: Text Entry]]]>
    </line>
    <line>
      <![CDATA[09_19_2017_09_13_23_431 -  Waiting For alert to be displayed ]]>
    </line>
    <line>
      <![CDATA[09_19_2017_09_13_24_795 -  Waiting For Element : [[IOSDriver:  on MAC (b0997cbb-7257-4442-97d7-d05a31f30ab7)] -> accessibility id: A Short Title Is Best]]]>
    </line>
    <line>
      <![CDATA[09_19_2017_09_13_25_061 -  Fetching the text : [[IOSDriver:  on MAC (b0997cbb-7257-4442-97d7-d05a31f30ab7)] -> accessibility id: A Short Title Is Best]]]>
    </line>
    <line>
      <![CDATA[09_19_2017_09_13_25_423 -  Waiting For Element : [[IOSDriver:  on MAC (b0997cbb-7257-4442-97d7-d05a31f30ab7)] -> accessibility id: A message should be a short, complete sentence.]]]>
    </line>
    <line>
      <![CDATA[09_19_2017_09_13_25_678 -  Fetching the text : [[IOSDriver:  on MAC (b0997cbb-7257-4442-97d7-d05a31f30ab7)] -> accessibility id: A message should be a short, complete sentence.]]]>
    </line>
    <line>
      <![CDATA[09_19_2017_09_13_28_680 -  Waiting For Element : [[IOSDriver:  on MAC (b0997cbb-7257-4442-97d7-d05a31f30ab7)] -> xpath: //XCUIElementTypeAlert[@name='A Short Title Is Best']//XCUIElementTypeTextField]]]>
    </line>
    <line>
      <![CDATA[09_19_2017_09_13_28_883 -  Is the Element Displayed on Screen : [[IOSDriver:  on MAC (b0997cbb-7257-4442-97d7-d05a31f30ab7)] -> xpath: //XCUIElementTypeAlert[@name='A Short Title Is Best']//XCUIElementTypeTextField]]]>
    </line>
    <line>
      <![CDATA[09_19_2017_09_13_32_758 -  Waiting for : 1 second(s)]]>
    </line>
    <line>
      <![CDATA[09_19_2017_09_13_33_825 -  Capturing Screenshot and Adding to Extent Reports]]>
    </line>
    <line>
      <![CDATA[09_19_2017_09_13_35_883 -  Accepted Alert]]>
    </line>
    <line>
      <![CDATA[09_19_2017_09_13_36_342 -  Waiting For Element : [[IOSDriver:  on MAC (b0997cbb-7257-4442-97d7-d05a31f30ab7)] -> accessibility id: Text Entry]]]>
    </line>
    <line>
      <![CDATA[09_19_2017_09_13_37_305 -  Clicked :  [[IOSDriver:  on MAC (b0997cbb-7257-4442-97d7-d05a31f30ab7)] -> accessibility id: Text Entry]]]>
    </line>
    <line>
      <![CDATA[09_19_2017_09_13_37_305 -  Waiting For alert to be displayed ]]>
    </line>
    <line>
      <![CDATA[09_19_2017_09_13_44_328 -  Dismissed Alert]]>
    </line>
    <line>
      <![CDATA[09_19_2017_09_13_44_710 -  Waiting For Element : [[IOSDriver:  on MAC (b0997cbb-7257-4442-97d7-d05a31f30ab7)] -> accessibility id: Secure Text Entry]]]>
    </line>
    <line>
      <![CDATA[09_19_2017_09_13_45_668 -  Clicked :  [[IOSDriver:  on MAC (b0997cbb-7257-4442-97d7-d05a31f30ab7)] -> accessibility id: Secure Text Entry]]]>
    </line>
    <line>
      <![CDATA[09_19_2017_09_13_45_668 -  Waiting For alert to be displayed ]]>
    </line>
    <line>
      <![CDATA[09_19_2017_09_13_46_574 -  Waiting For Element : [[IOSDriver:  on MAC (b0997cbb-7257-4442-97d7-d05a31f30ab7)] -> accessibility id: A Short Title Is Best]]]>
    </line>
    <line>
      <![CDATA[09_19_2017_09_13_46_831 -  Fetching the text : [[IOSDriver:  on MAC (b0997cbb-7257-4442-97d7-d05a31f30ab7)] -> accessibility id: A Short Title Is Best]]]>
    </line>
    <line>
      <![CDATA[09_19_2017_09_13_47_111 -  Waiting For Element : [[IOSDriver:  on MAC (b0997cbb-7257-4442-97d7-d05a31f30ab7)] -> accessibility id: A message should be a short, complete sentence.]]]>
    </line>
    <line>
      <![CDATA[09_19_2017_09_13_47_406 -  Fetching the text : [[IOSDriver:  on MAC (b0997cbb-7257-4442-97d7-d05a31f30ab7)] -> accessibility id: A message should be a short, complete sentence.]]]>
    </line>
    <line>
      <![CDATA[09_19_2017_09_13_49_955 -  Waiting For Element : [[IOSDriver:  on MAC (b0997cbb-7257-4442-97d7-d05a31f30ab7)] -> xpath: //XCUIElementTypeAlert[@name='A Short Title Is Best']//XCUIElementTypeSecureTextField]]]>
    </line>
    <line>
      <![CDATA[09_19_2017_09_13_50_183 -  Is the Element Displayed on Screen : [[IOSDriver:  on MAC (b0997cbb-7257-4442-97d7-d05a31f30ab7)] -> xpath: //XCUIElementTypeAlert[@name='A Short Title Is Best']//XCUIElementTypeSecureTextField]]]>
    </line>
    <line>
      <![CDATA[09_19_2017_09_13_53_965 -  Waiting for : 1 second(s)]]>
    </line>
    <line>
      <![CDATA[09_19_2017_09_13_55_036 -  Capturing Screenshot and Adding to Extent Reports]]>
    </line>
    <line>
      <![CDATA[09_19_2017_09_13_57_043 -  Accepted Alert]]>
    </line>
    <line>
      <![CDATA[09_19_2017_09_13_57_492 -  Waiting For Element : [[IOSDriver:  on MAC (b0997cbb-7257-4442-97d7-d05a31f30ab7)] -> accessibility id: Secure Text Entry]]]>
    </line>
    <line>
      <![CDATA[09_19_2017_09_13_58_433 -  Clicked :  [[IOSDriver:  on MAC (b0997cbb-7257-4442-97d7-d05a31f30ab7)] -> accessibility id: Secure Text Entry]]]>
    </line>
    <line>
      <![CDATA[09_19_2017_09_13_58_434 -  Waiting For alert to be displayed ]]>
    </line>
    <line>
      <![CDATA[09_19_2017_09_14_04_664 -  Dismissed Alert]]>
    </line>
    <line>
      <![CDATA[09_19_2017_09_14_06_125 -  Go Back]]>
    </line>
    <line>
      <![CDATA[09_19_2017_09_14_06_125 -  Test Passed :  test_04_UI_Catalog_AlertViews]]>
    </line>
    <line>
      <![CDATA[09_19_2017_09_14_06_126    ***************** Execution Complete : TEST_04_UI_CATALOG_ALERTVIEWS ******************]]>
    </line>
    <line>
      <![CDATA[Bundle Id for the Application :  /Users/sambeetmohapatra/Downloads/GIT/iOS_Multi_Apps_Project/App_Data_Objects/UI_Catalog/UI_Catalog_PageObjects.json]]>
    </line>
    <line>
      <![CDATA[09_19_2017_09_14_06_127 -  Setting Desired Capabilities - iOS on : iPhone]]>
    </line>
    <line>
      <![CDATA[09_19_2017_09_14_06_127 -  Launching iOSDriver with Capabilities : Capabilities [{noReset=true, platformVersion=10.3, bundleId=com.example.apple-samplecode.UICatalog, platformName=iOS, deviceName=iPhone 7}]]]>
    </line>
    <line>
      <![CDATA[09_19_2017_09_14_26_319    ***************** Execution Started : IOS.UI_CATALOG.SCRIPTS.TEST_05_UI_CATALOG_BUTTONS *********************]]>
    </line>
    <line>
      <![CDATA[09_19_2017_09_14_26_319 -  Started Test : test_05_UI_Catalog_Buttons]]>
    </line>
    <line>
      <![CDATA[09_19_2017_09_14_26_631 -  Waiting For Element : [[IOSDriver:  on MAC (1a113e24-735a-44ba-a1a4-4ab31f7626b3)] -> accessibility id: Buttons]]]>
    </line>
    <line>
      <![CDATA[09_19_2017_09_14_26_926 -  Is the Element Displayed on Screen : [[IOSDriver:  on MAC (1a113e24-735a-44ba-a1a4-4ab31f7626b3)] -> accessibility id: Buttons]]]>
    </line>
    <line>
      <![CDATA[09_19_2017_09_14_27_224 -  Waiting For Element : [[IOSDriver:  on MAC (1a113e24-735a-44ba-a1a4-4ab31f7626b3)] -> accessibility id: Buttons]]]>
    </line>
    <line>
      <![CDATA[09_19_2017_09_14_27_532 -  Fetching the text : [[IOSDriver:  on MAC (1a113e24-735a-44ba-a1a4-4ab31f7626b3)] -> accessibility id: Buttons]]]>
    </line>
    <line>
      <![CDATA[09_19_2017_09_14_27_818 -  Waiting For Element : [[IOSDriver:  on MAC (1a113e24-735a-44ba-a1a4-4ab31f7626b3)] -> accessibility id: Buttons]]]>
    </line>
    <line>
      <![CDATA[09_19_2017_09_14_28_781 -  Clicked :  [[IOSDriver:  on MAC (1a113e24-735a-44ba-a1a4-4ab31f7626b3)] -> accessibility id: Buttons]]]>
    </line>
    <line>
      <![CDATA[09_19_2017_09_14_28_782 -  Waiting for : 1 second(s)]]>
    </line>
    <line>
      <![CDATA[09_19_2017_09_14_29_838 -  Capturing Screenshot and Adding to Extent Reports]]>
    </line>
    <line>
      <![CDATA[09_19_2017_09_14_29_908 -  Is the Element Displayed on Screen : [[IOSDriver:  on MAC (1a113e24-735a-44ba-a1a4-4ab31f7626b3)] -> accessibility id: Buttons]]]>
    </line>
    <line>
      <![CDATA[09_19_2017_09_14_31_291 -  Waiting For Element : [[IOSDriver:  on MAC (1a113e24-735a-44ba-a1a4-4ab31f7626b3)] -> xpath: //XCUIElementTypeOther[@label='SYSTEM (TEXT)']]]]>
    </line>
    <line>
      <![CDATA[09_19_2017_09_14_31_531 -  Is the Element Displayed on Screen : [[IOSDriver:  on MAC (1a113e24-735a-44ba-a1a4-4ab31f7626b3)] -> xpath: //XCUIElementTypeOther[@label='SYSTEM (TEXT)']]]]>
    </line>
    <line>
      <![CDATA[09_19_2017_09_14_32_876 -  Waiting For Element : [[IOSDriver:  on MAC (1a113e24-735a-44ba-a1a4-4ab31f7626b3)] -> xpath: //XCUIElementTypeButton[@name='Button']]]]>
    </line>
    <line>
      <![CDATA[09_19_2017_09_14_33_094 -  Is the Element Displayed on Screen : [[IOSDriver:  on MAC (1a113e24-735a-44ba-a1a4-4ab31f7626b3)] -> xpath: //XCUIElementTypeButton[@name='Button']]]]>
    </line>
    <line>
      <![CDATA[09_19_2017_09_14_34_451 -  Waiting For Element : [[IOSDriver:  on MAC (1a113e24-735a-44ba-a1a4-4ab31f7626b3)] -> xpath: //XCUIElementTypeOther[@label='SYSTEM (CONTACT ADD)']]]]>
    </line>
    <line>
      <![CDATA[09_19_2017_09_14_34_699 -  Is the Element Displayed on Screen : [[IOSDriver:  on MAC (1a113e24-735a-44ba-a1a4-4ab31f7626b3)] -> xpath: //XCUIElementTypeOther[@label='SYSTEM (CONTACT ADD)']]]]>
    </line>
    <line>
      <![CDATA[09_19_2017_09_14_35_229 -  Waiting For Element : [[IOSDriver:  on MAC (1a113e24-735a-44ba-a1a4-4ab31f7626b3)] -> accessibility id: SYSTEM (DETAIL DISCLOSURE)]]]>
    </line>
    <line>
      <![CDATA[09_19_2017_09_14_35_520 -  Is the Element Displayed on Screen : [[IOSDriver:  on MAC (1a113e24-735a-44ba-a1a4-4ab31f7626b3)] -> accessibility id: SYSTEM (DETAIL DISCLOSURE)]]]>
    </line>
    <line>
      <![CDATA[09_19_2017_09_14_36_057 -  Waiting For Element : [[IOSDriver:  on MAC (1a113e24-735a-44ba-a1a4-4ab31f7626b3)] -> accessibility id: More Info]]]>
    </line>
    <line>
      <![CDATA[09_19_2017_09_14_36_301 -  Is the Element Displayed on Screen : [[IOSDriver:  on MAC (1a113e24-735a-44ba-a1a4-4ab31f7626b3)] -> accessibility id: More Info]]]>
    </line>
    <line>
      <![CDATA[09_19_2017_09_14_36_846 -  Waiting For Element : [[IOSDriver:  on MAC (1a113e24-735a-44ba-a1a4-4ab31f7626b3)] -> accessibility id: X Button]]]>
    </line>
    <line>
      <![CDATA[09_19_2017_09_14_37_104 -  Is the Element Displayed on Screen : [[IOSDriver:  on MAC (1a113e24-735a-44ba-a1a4-4ab31f7626b3)] -> accessibility id: X Button]]]>
    </line>
    <line>
      <![CDATA[09_19_2017_09_14_37_637 -  Waiting For Element : [[IOSDriver:  on MAC (1a113e24-735a-44ba-a1a4-4ab31f7626b3)] -> accessibility id: IMAGE]]]>
    </line>
    <line>
      <![CDATA[09_19_2017_09_14_37_891 -  Is the Element Displayed on Screen : [[IOSDriver:  on MAC (1a113e24-735a-44ba-a1a4-4ab31f7626b3)] -> accessibility id: IMAGE]]]>
    </line>
    <line>
      <![CDATA[09_19_2017_09_14_38_438 -  Waiting For Element : [[IOSDriver:  on MAC (1a113e24-735a-44ba-a1a4-4ab31f7626b3)] -> accessibility id: ATTRIBUTED TEXT]]]>
    </line>
    <line>
      <![CDATA[09_19_2017_09_14_38_704 -  Is the Element Displayed on Screen : [[IOSDriver:  on MAC (1a113e24-735a-44ba-a1a4-4ab31f7626b3)] -> accessibility id: ATTRIBUTED TEXT]]]>
    </line>
    <line>
      <![CDATA[09_19_2017_09_14_39_172 -  Swiping Vertically Down ]]>
    </line>
    <line>
      <![CDATA[09_19_2017_09_14_48_876 -  Go Back]]>
    </line>
    <line>
      <![CDATA[09_19_2017_09_14_48_877 -  Test Passed :  test_05_UI_Catalog_Buttons]]>
    </line>
    <line>
      <![CDATA[09_19_2017_09_14_48_877    ***************** Execution Complete : TEST_05_UI_CATALOG_BUTTONS ******************]]>
    </line>
    <line>
      <![CDATA[Bundle Id for the Application :  /Users/sambeetmohapatra/Downloads/GIT/iOS_Multi_Apps_Project/App_Data_Objects/UI_Catalog/UI_Catalog_PageObjects.json]]>
    </line>
    <line>
      <![CDATA[09_19_2017_09_14_48_879 -  Setting Desired Capabilities - iOS on : iPhone]]>
    </line>
    <line>
      <![CDATA[09_19_2017_09_14_48_880 -  Launching iOSDriver with Capabilities : Capabilities [{noReset=true, platformVersion=10.3, bundleId=com.example.apple-samplecode.UICatalog, platformName=iOS, deviceName=iPhone 7}]]]>
    </line>
    <line>
      <![CDATA[09_19_2017_09_15_08_896    ***************** Execution Started : IOS.UI_CATALOG.SCRIPTS.TEST_06_UI_CATALOG_DATEPICKER *********************]]>
    </line>
    <line>
      <![CDATA[09_19_2017_09_15_08_896 -  Started Test : test_06_UI_Catalog_DatePicker]]>
    </line>
    <line>
      <![CDATA[09_19_2017_09_15_09_211 -  Waiting For Element : [[IOSDriver:  on MAC (d8d81999-6e1b-4258-a75c-e58b60492820)] -> accessibility id: Date Picker]]]>
    </line>
    <line>
      <![CDATA[09_19_2017_09_15_09_522 -  Is the Element Displayed on Screen : [[IOSDriver:  on MAC (d8d81999-6e1b-4258-a75c-e58b60492820)] -> accessibility id: Date Picker]]]>
    </line>
    <line>
      <![CDATA[09_19_2017_09_15_09_822 -  Waiting For Element : [[IOSDriver:  on MAC (d8d81999-6e1b-4258-a75c-e58b60492820)] -> accessibility id: Date Picker]]]>
    </line>
    <line>
      <![CDATA[09_19_2017_09_15_10_104 -  Fetching the text : [[IOSDriver:  on MAC (d8d81999-6e1b-4258-a75c-e58b60492820)] -> accessibility id: Date Picker]]]>
    </line>
    <line>
      <![CDATA[09_19_2017_09_15_10_371 -  Waiting For Element : [[IOSDriver:  on MAC (d8d81999-6e1b-4258-a75c-e58b60492820)] -> accessibility id: Date Picker]]]>
    </line>
    <line>
      <![CDATA[09_19_2017_09_15_11_354 -  Clicked :  [[IOSDriver:  on MAC (d8d81999-6e1b-4258-a75c-e58b60492820)] -> accessibility id: Date Picker]]]>
    </line>
    <line>
      <![CDATA[09_19_2017_09_15_11_355 -  Waiting for : 1 second(s)]]>
    </line>
    <line>
      <![CDATA[09_19_2017_09_15_12_425 -  Capturing Screenshot and Adding to Extent Reports]]>
    </line>
    <line>
      <![CDATA[09_19_2017_09_15_12_513 -  Is the Element Displayed on Screen : [[IOSDriver:  on MAC (d8d81999-6e1b-4258-a75c-e58b60492820)] -> accessibility id: Date Picker]]]>
    </line>
    <line>
      <![CDATA[09_19_2017_09_15_13_434 -  Waiting For Element : [[IOSDriver:  on MAC (d8d81999-6e1b-4258-a75c-e58b60492820)] -> xpath: //XCUIElementTypeStaticText[contains(@name,'2017')]]]]>
    </line>
    <line>
      <![CDATA[09_19_2017_09_15_13_615 -  Is the Element Displayed on Screen : [[IOSDriver:  on MAC (d8d81999-6e1b-4258-a75c-e58b60492820)] -> xpath: //XCUIElementTypeStaticText[contains(@name,'2017')]]]]>
    </line>
    <line>
      <![CDATA[09_19_2017_09_15_14_549 -  Waiting For Elements : [[[IOSDriver:  on MAC (d8d81999-6e1b-4258-a75c-e58b60492820)] -> xpath: //XCUIElementTypeDatePicker/XCUIElementTypeOther/XCUIElementTypePickerWheel], [[IOSDriver:  on MAC (d8d81999-6e1b-4258-a75c-e58b60492820)] -> xpath: //XCUIElementTypeDatePicker/XCUIElementTypeOther/XCUIElementTypePickerWheel], [[IOSDriver:  on MAC (d8d81999-6e1b-4258-a75c-e58b60492820)] -> xpath: //XCUIElementTypeDatePicker/XCUIElementTypeOther/XCUIElementTypePickerWheel], [[IOSDriver:  on MAC (d8d81999-6e1b-4258-a75c-e58b60492820)] -> xpath: //XCUIElementTypeDatePicker/XCUIElementTypeOther/XCUIElementTypePickerWheel]]]]>
    </line>
    <line>
      <![CDATA[09_19_2017_09_15_15_547 -  Is the Element Displayed on Screen : [[IOSDriver:  on MAC (d8d81999-6e1b-4258-a75c-e58b60492820)] -> xpath: //XCUIElementTypeDatePicker/XCUIElementTypeOther/XCUIElementTypePickerWheel]]]>
    </line>
    <line>
      <![CDATA[09_19_2017_09_15_15_735 - Swiping ]]>
    </line>
    <line>
      <![CDATA[09_19_2017_09_15_18_532 -  Is the Element Displayed on Screen : [[IOSDriver:  on MAC (d8d81999-6e1b-4258-a75c-e58b60492820)] -> xpath: //XCUIElementTypeDatePicker/XCUIElementTypeOther/XCUIElementTypePickerWheel]]]>
    </line>
    <line>
      <![CDATA[09_19_2017_09_15_18_699 - Swiping ]]>
    </line>
    <line>
      <![CDATA[09_19_2017_09_15_21_464 -  Is the Element Displayed on Screen : [[IOSDriver:  on MAC (d8d81999-6e1b-4258-a75c-e58b60492820)] -> xpath: //XCUIElementTypeDatePicker/XCUIElementTypeOther/XCUIElementTypePickerWheel]]]>
    </line>
    <line>
      <![CDATA[09_19_2017_09_15_21_630 - Swiping ]]>
    </line>
    <line>
      <![CDATA[09_19_2017_09_15_24_399 -  Is the Element Displayed on Screen : [[IOSDriver:  on MAC (d8d81999-6e1b-4258-a75c-e58b60492820)] -> xpath: //XCUIElementTypeDatePicker/XCUIElementTypeOther/XCUIElementTypePickerWheel]]]>
    </line>
    <line>
      <![CDATA[09_19_2017_09_15_24_580 - Swiping ]]>
    </line>
    <line>
      <![CDATA[09_19_2017_09_15_27_855 -  Waiting for : 1 second(s)]]>
    </line>
    <line>
      <![CDATA[09_19_2017_09_15_28_897 -  Capturing Screenshot and Adding to Extent Reports]]>
    </line>
    <line>
      <![CDATA[09_19_2017_09_15_30_412 -  Go Back]]>
    </line>
    <line>
      <![CDATA[09_19_2017_09_15_30_412 -  Test Passed :  test_06_UI_Catalog_DatePicker]]>
    </line>
    <line>
      <![CDATA[09_19_2017_09_15_30_413    ***************** Execution Complete : TEST_06_UI_CATALOG_DATEPICKER ******************]]>
    </line>
    <line>
      <![CDATA[Bundle Id for the Application :  /Users/sambeetmohapatra/Downloads/GIT/iOS_Multi_Apps_Project/App_Data_Objects/UI_Catalog/UI_Catalog_PageObjects.json]]>
    </line>
    <line>
      <![CDATA[09_19_2017_09_15_30_413 -  Setting Desired Capabilities - iOS on : iPhone]]>
    </line>
    <line>
      <![CDATA[09_19_2017_09_15_30_414 -  Launching iOSDriver with Capabilities : Capabilities [{noReset=true, platformVersion=10.3, bundleId=com.example.apple-samplecode.UICatalog, platformName=iOS, deviceName=iPhone 7}]]]>
    </line>
    <line>
      <![CDATA[09_19_2017_09_16_02_800    ***************** Execution Started : IOS.UI_CATALOG.SCRIPTS.TEST_07_UI_CATALOG_SEGMENTEDCONTROLS *********************]]>
    </line>
    <line>
      <![CDATA[09_19_2017_09_16_02_800 -  Started Test : test_07_UI_Catalog_SegmentedControls]]>
    </line>
    <line>
      <![CDATA[09_19_2017_09_16_03_014 -  Swiping Vertically Down ]]>
    </line>
    <line>
      <![CDATA[09_19_2017_09_16_07_094 -  Waiting For Element : [[IOSDriver:  on MAC (b866a254-66ee-4637-baa6-fcf1aa81c439)] -> accessibility id: Segmented Controls]]]>
    </line>
    <line>
      <![CDATA[09_19_2017_09_16_07_377 -  Is the Element Displayed on Screen : [[IOSDriver:  on MAC (b866a254-66ee-4637-baa6-fcf1aa81c439)] -> accessibility id: Segmented Controls]]]>
    </line>
    <line>
      <![CDATA[09_19_2017_09_16_07_644 -  Waiting For Element : [[IOSDriver:  on MAC (b866a254-66ee-4637-baa6-fcf1aa81c439)] -> accessibility id: Segmented Controls]]]>
    </line>
    <line>
      <![CDATA[09_19_2017_09_16_07_905 -  Fetching the text : [[IOSDriver:  on MAC (b866a254-66ee-4637-baa6-fcf1aa81c439)] -> accessibility id: Segmented Controls]]]>
    </line>
    <line>
      <![CDATA[09_19_2017_09_16_08_178 -  Waiting For Element : [[IOSDriver:  on MAC (b866a254-66ee-4637-baa6-fcf1aa81c439)] -> accessibility id: Segmented Controls]]]>
    </line>
    <line>
      <![CDATA[09_19_2017_09_16_09_136 -  Clicked :  [[IOSDriver:  on MAC (b866a254-66ee-4637-baa6-fcf1aa81c439)] -> accessibility id: Segmented Controls]]]>
    </line>
    <line>
      <![CDATA[09_19_2017_09_16_09_136 -  Waiting for : 1 second(s)]]>
    </line>
    <line>
      <![CDATA[09_19_2017_09_16_10_278 -  Capturing Screenshot and Adding to Extent Reports]]>
    </line>
    <line>
      <![CDATA[09_19_2017_09_16_10_373 -  Is the Element Displayed on Screen : [[IOSDriver:  on MAC (b866a254-66ee-4637-baa6-fcf1aa81c439)] -> accessibility id: Segmented Controls]]]>
    </line>
    <line>
      <![CDATA[09_19_2017_09_16_11_798 -  Waiting For Element : [[IOSDriver:  on MAC (b866a254-66ee-4637-baa6-fcf1aa81c439)] -> xpath: //XCUIElementTypeOther[@name='DEFAULT']]]]>
    </line>
    <line>
      <![CDATA[09_19_2017_09_16_12_032 -  Fetching the text : [[IOSDriver:  on MAC (b866a254-66ee-4637-baa6-fcf1aa81c439)] -> xpath: //XCUIElementTypeOther[@name='DEFAULT']]]]>
    </line>
    <line>
      <![CDATA[09_19_2017_09_16_13_457 -  Waiting For Element : [[IOSDriver:  on MAC (b866a254-66ee-4637-baa6-fcf1aa81c439)] -> xpath: //XCUIElementTypeCell[1]//XCUIElementTypeButton[@name='Check']]]]>
    </line>
    <line>
      <![CDATA[09_19_2017_09_16_13_671 -  Waiting For Element : [[IOSDriver:  on MAC (b866a254-66ee-4637-baa6-fcf1aa81c439)] -> xpath: //XCUIElementTypeCell[1]//XCUIElementTypeButton[@name='Check']]]]>
    </line>
    <line>
      <![CDATA[09_19_2017_09_16_13_946 -  Fetching the Attribute : name - Element : [[IOSDriver:  on MAC (b866a254-66ee-4637-baa6-fcf1aa81c439)] -> xpath: //XCUIElementTypeCell[1]//XCUIElementTypeButton[@name='Check']]]]>
    </line>
    <line>
      <![CDATA[09_19_2017_09_16_14_192 -  Waiting For Element : [[IOSDriver:  on MAC (b866a254-66ee-4637-baa6-fcf1aa81c439)] -> xpath: //XCUIElementTypeCell[1]//XCUIElementTypeButton[@name='Check']]]]>
    </line>
    <line>
      <![CDATA[09_19_2017_09_16_15_163 -  Clicked :  [[IOSDriver:  on MAC (b866a254-66ee-4637-baa6-fcf1aa81c439)] -> xpath: //XCUIElementTypeCell[1]//XCUIElementTypeButton[@name='Check']]]]>
    </line>
    <line>
      <![CDATA[09_19_2017_09_16_16_293 -  Waiting For Element : [[IOSDriver:  on MAC (b866a254-66ee-4637-baa6-fcf1aa81c439)] -> xpath: //XCUIElementTypeCell[1]//XCUIElementTypeButton[@name='Search']]]]>
    </line>
    <line>
      <![CDATA[09_19_2017_09_16_16_512 -  Waiting For Element : [[IOSDriver:  on MAC (b866a254-66ee-4637-baa6-fcf1aa81c439)] -> xpath: //XCUIElementTypeCell[1]//XCUIElementTypeButton[@name='Search']]]]>
    </line>
    <line>
      <![CDATA[09_19_2017_09_16_16_742 -  Fetching the Attribute : name - Element : [[IOSDriver:  on MAC (b866a254-66ee-4637-baa6-fcf1aa81c439)] -> xpath: //XCUIElementTypeCell[1]//XCUIElementTypeButton[@name='Search']]]]>
    </line>
    <line>
      <![CDATA[09_19_2017_09_16_16_978 -  Waiting For Element : [[IOSDriver:  on MAC (b866a254-66ee-4637-baa6-fcf1aa81c439)] -> xpath: //XCUIElementTypeCell[1]//XCUIElementTypeButton[@name='Search']]]]>
    </line>
    <line>
      <![CDATA[09_19_2017_09_16_17_860 -  Clicked :  [[IOSDriver:  on MAC (b866a254-66ee-4637-baa6-fcf1aa81c439)] -> xpath: //XCUIElementTypeCell[1]//XCUIElementTypeButton[@name='Search']]]]>
    </line>
    <line>
      <![CDATA[09_19_2017_09_16_18_997 -  Waiting For Element : [[IOSDriver:  on MAC (b866a254-66ee-4637-baa6-fcf1aa81c439)] -> xpath: //XCUIElementTypeCell[1]//XCUIElementTypeButton[@name='Tools']]]]>
    </line>
    <line>
      <![CDATA[09_19_2017_09_16_19_230 -  Waiting For Element : [[IOSDriver:  on MAC (b866a254-66ee-4637-baa6-fcf1aa81c439)] -> xpath: //XCUIElementTypeCell[1]//XCUIElementTypeButton[@name='Tools']]]]>
    </line>
    <line>
      <![CDATA[09_19_2017_09_16_19_490 -  Fetching the Attribute : name - Element : [[IOSDriver:  on MAC (b866a254-66ee-4637-baa6-fcf1aa81c439)] -> xpath: //XCUIElementTypeCell[1]//XCUIElementTypeButton[@name='Tools']]]]>
    </line>
    <line>
      <![CDATA[09_19_2017_09_16_19_729 -  Waiting For Element : [[IOSDriver:  on MAC (b866a254-66ee-4637-baa6-fcf1aa81c439)] -> xpath: //XCUIElementTypeCell[1]//XCUIElementTypeButton[@name='Tools']]]]>
    </line>
    <line>
      <![CDATA[09_19_2017_09_16_20_644 -  Clicked :  [[IOSDriver:  on MAC (b866a254-66ee-4637-baa6-fcf1aa81c439)] -> xpath: //XCUIElementTypeCell[1]//XCUIElementTypeButton[@name='Tools']]]]>
    </line>
    <line>
      <![CDATA[09_19_2017_09_16_21_788 -  Waiting For Element : [[IOSDriver:  on MAC (b866a254-66ee-4637-baa6-fcf1aa81c439)] -> xpath: //XCUIElementTypeOther[@name='TINTED']]]]>
    </line>
    <line>
      <![CDATA[09_19_2017_09_16_22_022 -  Fetching the text : [[IOSDriver:  on MAC (b866a254-66ee-4637-baa6-fcf1aa81c439)] -> xpath: //XCUIElementTypeOther[@name='TINTED']]]]>
    </line>
    <line>
      <![CDATA[09_19_2017_09_16_23_325 -  Waiting For Element : [[IOSDriver:  on MAC (b866a254-66ee-4637-baa6-fcf1aa81c439)] -> xpath: //XCUIElementTypeCell[2]//XCUIElementTypeButton[@name='Check']]]]>
    </line>
    <line>
      <![CDATA[09_19_2017_09_16_23_552 -  Waiting For Element : [[IOSDriver:  on MAC (b866a254-66ee-4637-baa6-fcf1aa81c439)] -> xpath: //XCUIElementTypeCell[2]//XCUIElementTypeButton[@name='Check']]]]>
    </line>
    <line>
      <![CDATA[09_19_2017_09_16_23_817 -  Fetching the Attribute : name - Element : [[IOSDriver:  on MAC (b866a254-66ee-4637-baa6-fcf1aa81c439)] -> xpath: //XCUIElementTypeCell[2]//XCUIElementTypeButton[@name='Check']]]]>
    </line>
    <line>
      <![CDATA[09_19_2017_09_16_24_053 -  Waiting For Element : [[IOSDriver:  on MAC (b866a254-66ee-4637-baa6-fcf1aa81c439)] -> xpath: //XCUIElementTypeCell[2]//XCUIElementTypeButton[@name='Check']]]]>
    </line>
    <line>
      <![CDATA[09_19_2017_09_16_24_971 -  Clicked :  [[IOSDriver:  on MAC (b866a254-66ee-4637-baa6-fcf1aa81c439)] -> xpath: //XCUIElementTypeCell[2]//XCUIElementTypeButton[@name='Check']]]]>
    </line>
    <line>
      <![CDATA[09_19_2017_09_16_26_096 -  Waiting For Element : [[IOSDriver:  on MAC (b866a254-66ee-4637-baa6-fcf1aa81c439)] -> xpath: //XCUIElementTypeCell[2]//XCUIElementTypeButton[@name='Search']]]]>
    </line>
    <line>
      <![CDATA[09_19_2017_09_16_26_347 -  Waiting For Element : [[IOSDriver:  on MAC (b866a254-66ee-4637-baa6-fcf1aa81c439)] -> xpath: //XCUIElementTypeCell[2]//XCUIElementTypeButton[@name='Search']]]]>
    </line>
    <line>
      <![CDATA[09_19_2017_09_16_26_604 -  Fetching the Attribute : name - Element : [[IOSDriver:  on MAC (b866a254-66ee-4637-baa6-fcf1aa81c439)] -> xpath: //XCUIElementTypeCell[2]//XCUIElementTypeButton[@name='Search']]]]>
    </line>
    <line>
      <![CDATA[09_19_2017_09_16_26_856 -  Waiting For Element : [[IOSDriver:  on MAC (b866a254-66ee-4637-baa6-fcf1aa81c439)] -> xpath: //XCUIElementTypeCell[2]//XCUIElementTypeButton[@name='Search']]]]>
    </line>
    <line>
      <![CDATA[09_19_2017_09_16_27_742 -  Clicked :  [[IOSDriver:  on MAC (b866a254-66ee-4637-baa6-fcf1aa81c439)] -> xpath: //XCUIElementTypeCell[2]//XCUIElementTypeButton[@name='Search']]]]>
    </line>
    <line>
      <![CDATA[09_19_2017_09_16_27_742 -  Waiting for : 1 second(s)]]>
    </line>
    <line>
      <![CDATA[09_19_2017_09_16_28_888 -  Capturing Screenshot and Adding to Extent Reports]]>
    </line>
    <line>
      <![CDATA[09_19_2017_09_16_30_145 -  Waiting For Element : [[IOSDriver:  on MAC (b866a254-66ee-4637-baa6-fcf1aa81c439)] -> xpath: //XCUIElementTypeCell[2]//XCUIElementTypeButton[@name='Tools']]]]>
    </line>
    <line>
      <![CDATA[09_19_2017_09_16_30_397 -  Waiting For Element : [[IOSDriver:  on MAC (b866a254-66ee-4637-baa6-fcf1aa81c439)] -> xpath: //XCUIElementTypeCell[2]//XCUIElementTypeButton[@name='Tools']]]]>
    </line>
    <line>
      <![CDATA[09_19_2017_09_16_30_680 -  Fetching the Attribute : name - Element : [[IOSDriver:  on MAC (b866a254-66ee-4637-baa6-fcf1aa81c439)] -> xpath: //XCUIElementTypeCell[2]//XCUIElementTypeButton[@name='Tools']]]]>
    </line>
    <line>
      <![CDATA[09_19_2017_09_16_30_944 -  Waiting For Element : [[IOSDriver:  on MAC (b866a254-66ee-4637-baa6-fcf1aa81c439)] -> xpath: //XCUIElementTypeCell[2]//XCUIElementTypeButton[@name='Tools']]]]>
    </line>
    <line>
      <![CDATA[09_19_2017_09_16_31_926 -  Clicked :  [[IOSDriver:  on MAC (b866a254-66ee-4637-baa6-fcf1aa81c439)] -> xpath: //XCUIElementTypeCell[2]//XCUIElementTypeButton[@name='Tools']]]]>
    </line>
    <line>
      <![CDATA[09_19_2017_09_16_33_114 -  Waiting For Element : [[IOSDriver:  on MAC (b866a254-66ee-4637-baa6-fcf1aa81c439)] -> xpath: //XCUIElementTypeOther[@name='CUSTOM SEGMENTS']]]]>
    </line>
    <line>
      <![CDATA[09_19_2017_09_16_33_414 -  Fetching the text : [[IOSDriver:  on MAC (b866a254-66ee-4637-baa6-fcf1aa81c439)] -> xpath: //XCUIElementTypeOther[@name='CUSTOM SEGMENTS']]]]>
    </line>
    <line>
      <![CDATA[09_19_2017_09_16_34_867 -  Waiting For Element : [[IOSDriver:  on MAC (b866a254-66ee-4637-baa6-fcf1aa81c439)] -> xpath: //XCUIElementTypeCell[3]//XCUIElementTypeButton[@name='Done']]]]>
    </line>
    <line>
      <![CDATA[09_19_2017_09_16_35_153 -  Waiting For Element : [[IOSDriver:  on MAC (b866a254-66ee-4637-baa6-fcf1aa81c439)] -> xpath: //XCUIElementTypeCell[3]//XCUIElementTypeButton[@name='Done']]]]>
    </line>
    <line>
      <![CDATA[09_19_2017_09_16_35_431 -  Fetching the Attribute : name - Element : [[IOSDriver:  on MAC (b866a254-66ee-4637-baa6-fcf1aa81c439)] -> xpath: //XCUIElementTypeCell[3]//XCUIElementTypeButton[@name='Done']]]]>
    </line>
    <line>
      <![CDATA[09_19_2017_09_16_35_672 -  Waiting For Element : [[IOSDriver:  on MAC (b866a254-66ee-4637-baa6-fcf1aa81c439)] -> xpath: //XCUIElementTypeCell[3]//XCUIElementTypeButton[@name='Done']]]]>
    </line>
    <line>
      <![CDATA[09_19_2017_09_16_36_580 -  Clicked :  [[IOSDriver:  on MAC (b866a254-66ee-4637-baa6-fcf1aa81c439)] -> xpath: //XCUIElementTypeCell[3]//XCUIElementTypeButton[@name='Done']]]]>
    </line>
    <line>
      <![CDATA[09_19_2017_09_16_37_773 -  Waiting For Element : [[IOSDriver:  on MAC (b866a254-66ee-4637-baa6-fcf1aa81c439)] -> xpath: //XCUIElementTypeCell[3]//XCUIElementTypeButton[@name='Search']]]]>
    </line>
    <line>
      <![CDATA[09_19_2017_09_16_38_009 -  Waiting For Element : [[IOSDriver:  on MAC (b866a254-66ee-4637-baa6-fcf1aa81c439)] -> xpath: //XCUIElementTypeCell[3]//XCUIElementTypeButton[@name='Search']]]]>
    </line>
    <line>
      <![CDATA[09_19_2017_09_16_38_277 -  Fetching the Attribute : name - Element : [[IOSDriver:  on MAC (b866a254-66ee-4637-baa6-fcf1aa81c439)] -> xpath: //XCUIElementTypeCell[3]//XCUIElementTypeButton[@name='Search']]]]>
    </line>
    <line>
      <![CDATA[09_19_2017_09_16_38_525 -  Waiting For Element : [[IOSDriver:  on MAC (b866a254-66ee-4637-baa6-fcf1aa81c439)] -> xpath: //XCUIElementTypeCell[3]//XCUIElementTypeButton[@name='Search']]]]>
    </line>
    <line>
      <![CDATA[09_19_2017_09_16_39_454 -  Clicked :  [[IOSDriver:  on MAC (b866a254-66ee-4637-baa6-fcf1aa81c439)] -> xpath: //XCUIElementTypeCell[3]//XCUIElementTypeButton[@name='Search']]]]>
    </line>
    <line>
      <![CDATA[09_19_2017_09_16_40_675 -  Waiting For Element : [[IOSDriver:  on MAC (b866a254-66ee-4637-baa6-fcf1aa81c439)] -> xpath: //XCUIElementTypeCell[3]//XCUIElementTypeButton[@name='Settings']]]]>
    </line>
    <line>
      <![CDATA[09_19_2017_09_16_40_953 -  Waiting For Element : [[IOSDriver:  on MAC (b866a254-66ee-4637-baa6-fcf1aa81c439)] -> xpath: //XCUIElementTypeCell[3]//XCUIElementTypeButton[@name='Settings']]]]>
    </line>
    <line>
      <![CDATA[09_19_2017_09_16_41_204 -  Fetching the Attribute : name - Element : [[IOSDriver:  on MAC (b866a254-66ee-4637-baa6-fcf1aa81c439)] -> xpath: //XCUIElementTypeCell[3]//XCUIElementTypeButton[@name='Settings']]]]>
    </line>
    <line>
      <![CDATA[09_19_2017_09_16_41_443 -  Waiting For Element : [[IOSDriver:  on MAC (b866a254-66ee-4637-baa6-fcf1aa81c439)] -> xpath: //XCUIElementTypeCell[3]//XCUIElementTypeButton[@name='Settings']]]]>
    </line>
    <line>
      <![CDATA[09_19_2017_09_16_42_364 -  Clicked :  [[IOSDriver:  on MAC (b866a254-66ee-4637-baa6-fcf1aa81c439)] -> xpath: //XCUIElementTypeCell[3]//XCUIElementTypeButton[@name='Settings']]]]>
    </line>
    <line>
      <![CDATA[09_19_2017_09_16_42_598 -  Swiping Vertically Down ]]>
    </line>
    <line>
      <![CDATA[09_19_2017_09_16_47_878 -  Is the Element Displayed on Screen : [[IOSDriver:  on MAC (b866a254-66ee-4637-baa6-fcf1aa81c439)] -> xpath: //XCUIElementTypeOther[@name='CUSTOM SEGMENTS']/../following-sibling::XCUIElementTypeOther[1]]]]>
    </line>
    <line>
      <![CDATA[09_19_2017_09_16_49_352 -  Waiting For Element : [[IOSDriver:  on MAC (b866a254-66ee-4637-baa6-fcf1aa81c439)] -> xpath: //XCUIElementTypeCell[4]//XCUIElementTypeButton[@name='Check']]]]>
    </line>
    <line>
      <![CDATA[09_19_2017_09_16_49_608 -  Waiting For Element : [[IOSDriver:  on MAC (b866a254-66ee-4637-baa6-fcf1aa81c439)] -> xpath: //XCUIElementTypeCell[4]//XCUIElementTypeButton[@name='Check']]]]>
    </line>
    <line>
      <![CDATA[09_19_2017_09_16_49_885 -  Fetching the Attribute : name - Element : [[IOSDriver:  on MAC (b866a254-66ee-4637-baa6-fcf1aa81c439)] -> xpath: //XCUIElementTypeCell[4]//XCUIElementTypeButton[@name='Check']]]]>
    </line>
    <line>
      <![CDATA[09_19_2017_09_16_50_134 -  Waiting For Element : [[IOSDriver:  on MAC (b866a254-66ee-4637-baa6-fcf1aa81c439)] -> xpath: //XCUIElementTypeCell[4]//XCUIElementTypeButton[@name='Check']]]]>
    </line>
    <line>
      <![CDATA[09_19_2017_09_16_51_076 -  Clicked :  [[IOSDriver:  on MAC (b866a254-66ee-4637-baa6-fcf1aa81c439)] -> xpath: //XCUIElementTypeCell[4]//XCUIElementTypeButton[@name='Check']]]]>
    </line>
    <line>
      <![CDATA[09_19_2017_09_16_52_311 -  Waiting For Element : [[IOSDriver:  on MAC (b866a254-66ee-4637-baa6-fcf1aa81c439)] -> xpath: //XCUIElementTypeCell[4]//XCUIElementTypeButton[@name='Search']]]]>
    </line>
    <line>
      <![CDATA[09_19_2017_09_16_52_580 -  Waiting For Element : [[IOSDriver:  on MAC (b866a254-66ee-4637-baa6-fcf1aa81c439)] -> xpath: //XCUIElementTypeCell[4]//XCUIElementTypeButton[@name='Search']]]]>
    </line>
    <line>
      <![CDATA[09_19_2017_09_16_52_873 -  Fetching the Attribute : name - Element : [[IOSDriver:  on MAC (b866a254-66ee-4637-baa6-fcf1aa81c439)] -> xpath: //XCUIElementTypeCell[4]//XCUIElementTypeButton[@name='Search']]]]>
    </line>
    <line>
      <![CDATA[09_19_2017_09_16_53_119 -  Waiting For Element : [[IOSDriver:  on MAC (b866a254-66ee-4637-baa6-fcf1aa81c439)] -> xpath: //XCUIElementTypeCell[4]//XCUIElementTypeButton[@name='Search']]]]>
    </line>
    <line>
      <![CDATA[09_19_2017_09_16_54_034 -  Clicked :  [[IOSDriver:  on MAC (b866a254-66ee-4637-baa6-fcf1aa81c439)] -> xpath: //XCUIElementTypeCell[4]//XCUIElementTypeButton[@name='Search']]]]>
    </line>
    <line>
      <![CDATA[09_19_2017_09_16_55_309 -  Waiting For Element : [[IOSDriver:  on MAC (b866a254-66ee-4637-baa6-fcf1aa81c439)] -> xpath: //XCUIElementTypeCell[4]//XCUIElementTypeButton[@name='Tools']]]]>
    </line>
    <line>
      <![CDATA[09_19_2017_09_16_55_579 -  Waiting For Element : [[IOSDriver:  on MAC (b866a254-66ee-4637-baa6-fcf1aa81c439)] -> xpath: //XCUIElementTypeCell[4]//XCUIElementTypeButton[@name='Tools']]]]>
    </line>
    <line>
      <![CDATA[09_19_2017_09_16_55_821 -  Fetching the Attribute : name - Element : [[IOSDriver:  on MAC (b866a254-66ee-4637-baa6-fcf1aa81c439)] -> xpath: //XCUIElementTypeCell[4]//XCUIElementTypeButton[@name='Tools']]]]>
    </line>
    <line>
      <![CDATA[09_19_2017_09_16_56_056 -  Waiting For Element : [[IOSDriver:  on MAC (b866a254-66ee-4637-baa6-fcf1aa81c439)] -> xpath: //XCUIElementTypeCell[4]//XCUIElementTypeButton[@name='Tools']]]]>
    </line>
    <line>
      <![CDATA[09_19_2017_09_16_56_996 -  Clicked :  [[IOSDriver:  on MAC (b866a254-66ee-4637-baa6-fcf1aa81c439)] -> xpath: //XCUIElementTypeCell[4]//XCUIElementTypeButton[@name='Tools']]]]>
    </line>
    <line>
      <![CDATA[09_19_2017_09_16_56_996 -  Waiting for : 1 second(s)]]>
    </line>
    <line>
      <![CDATA[09_19_2017_09_16_58_135 -  Capturing Screenshot and Adding to Extent Reports]]>
    </line>
    <line>
      <![CDATA[09_19_2017_09_17_00_245 -  Go Back]]>
    </line>
    <line>
      <![CDATA[09_19_2017_09_17_00_245 -  Test Passed :  test_07_UI_Catalog_SegmentedControls]]>
    </line>
    <line>
      <![CDATA[09_19_2017_09_17_00_246    ***************** Execution Complete : TEST_07_UI_CATALOG_SEGMENTEDCONTROLS ******************]]>
    </line>
    <line>
      <![CDATA[Bundle Id for the Application :  /Users/sambeetmohapatra/Downloads/GIT/iOS_Multi_Apps_Project/App_Data_Objects/UI_Catalog/UI_Catalog_PageObjects.json]]>
    </line>
    <line>
      <![CDATA[09_19_2017_09_17_00_246 -  Setting Desired Capabilities - iOS on : iPhone]]>
    </line>
    <line>
      <![CDATA[09_19_2017_09_17_00_246 -  Launching iOSDriver with Capabilities : Capabilities [{noReset=true, platformVersion=10.3, bundleId=com.example.apple-samplecode.UICatalog, platformName=iOS, deviceName=iPhone 7}]]]>
    </line>
    <line>
      <![CDATA[09_19_2017_09_17_30_308    ***************** Execution Started : IOS.UI_CATALOG.SCRIPTS.TEST_08_UI_CATALOG_SLIDERS *********************]]>
    </line>
    <line>
      <![CDATA[09_19_2017_09_17_30_308 -  Started Test : test_08_UI_Catalog_Sliders]]>
    </line>
    <line>
      <![CDATA[09_19_2017_09_17_30_538 -  Swiping Vertically Down ]]>
    </line>
    <line>
      <![CDATA[09_19_2017_09_17_34_639 -  Waiting For Element : [[IOSDriver:  on MAC (cec4f0f6-dbb8-4def-a9b1-b30bf196ddd2)] -> accessibility id: Sliders]]]>
    </line>
    <line>
      <![CDATA[09_19_2017_09_17_34_935 -  Is the Element Displayed on Screen : [[IOSDriver:  on MAC (cec4f0f6-dbb8-4def-a9b1-b30bf196ddd2)] -> accessibility id: Sliders]]]>
    </line>
    <line>
      <![CDATA[09_19_2017_09_17_35_193 -  Waiting For Element : [[IOSDriver:  on MAC (cec4f0f6-dbb8-4def-a9b1-b30bf196ddd2)] -> accessibility id: Sliders]]]>
    </line>
    <line>
      <![CDATA[09_19_2017_09_17_35_471 -  Fetching the text : [[IOSDriver:  on MAC (cec4f0f6-dbb8-4def-a9b1-b30bf196ddd2)] -> accessibility id: Sliders]]]>
    </line>
    <line>
      <![CDATA[09_19_2017_09_17_35_738 -  Waiting For Element : [[IOSDriver:  on MAC (cec4f0f6-dbb8-4def-a9b1-b30bf196ddd2)] -> accessibility id: Sliders]]]>
    </line>
    <line>
      <![CDATA[09_19_2017_09_17_36_694 -  Clicked :  [[IOSDriver:  on MAC (cec4f0f6-dbb8-4def-a9b1-b30bf196ddd2)] -> accessibility id: Sliders]]]>
    </line>
    <line>
      <![CDATA[09_19_2017_09_17_36_694 -  Waiting for : 1 second(s)]]>
    </line>
    <line>
      <![CDATA[09_19_2017_09_17_37_785 -  Capturing Screenshot and Adding to Extent Reports]]>
    </line>
    <line>
      <![CDATA[09_19_2017_09_17_37_858 -  Is the Element Displayed on Screen : [[IOSDriver:  on MAC (cec4f0f6-dbb8-4def-a9b1-b30bf196ddd2)] -> accessibility id: Sliders]]]>
    </line>
    <line>
      <![CDATA[09_19_2017_09_17_38_955 -  Waiting For Element : [[IOSDriver:  on MAC (cec4f0f6-dbb8-4def-a9b1-b30bf196ddd2)] -> xpath: //XCUIElementTypeCell[1]/XCUIElementTypeSlider]]]>
    </line>
    <line>
      <![CDATA[09_19_2017_09_17_39_160 -  Is the Element Displayed on Screen : [[IOSDriver:  on MAC (cec4f0f6-dbb8-4def-a9b1-b30bf196ddd2)] -> xpath: //XCUIElementTypeCell[1]/XCUIElementTypeSlider]]]>
    </line>
    <line>
      <![CDATA[09_19_2017_09_17_40_263 -  Waiting For Element : [[IOSDriver:  on MAC (cec4f0f6-dbb8-4def-a9b1-b30bf196ddd2)] -> xpath: //XCUIElementTypeCell[2]/XCUIElementTypeSlider]]]>
    </line>
    <line>
      <![CDATA[09_19_2017_09_17_40_472 -  Is the Element Displayed on Screen : [[IOSDriver:  on MAC (cec4f0f6-dbb8-4def-a9b1-b30bf196ddd2)] -> xpath: //XCUIElementTypeCell[2]/XCUIElementTypeSlider]]]>
    </line>
    <line>
      <![CDATA[09_19_2017_09_17_41_541 -  Waiting For Element : [[IOSDriver:  on MAC (cec4f0f6-dbb8-4def-a9b1-b30bf196ddd2)] -> xpath: //XCUIElementTypeCell[3]/XCUIElementTypeSlider]]]>
    </line>
    <line>
      <![CDATA[09_19_2017_09_17_41_762 -  Is the Element Displayed on Screen : [[IOSDriver:  on MAC (cec4f0f6-dbb8-4def-a9b1-b30bf196ddd2)] -> xpath: //XCUIElementTypeCell[3]/XCUIElementTypeSlider]]]>
    </line>
    <line>
      <![CDATA[09_19_2017_09_17_41_985 -  Waiting For Element : [[IOSDriver:  on MAC (cec4f0f6-dbb8-4def-a9b1-b30bf196ddd2)] -> xpath: //XCUIElementTypeCell[1]/XCUIElementTypeSlider]]]>
    </line>
    <line>
      <![CDATA[09_19_2017_09_17_42_195 -  Fetching the Attribute : value - Element : [[IOSDriver:  on MAC (cec4f0f6-dbb8-4def-a9b1-b30bf196ddd2)] -> xpath: //XCUIElementTypeCell[1]/XCUIElementTypeSlider]]]>
    </line>
    <line>
      <![CDATA[09_19_2017_09_17_42_393 -  Waiting For Element : [[IOSDriver:  on MAC (cec4f0f6-dbb8-4def-a9b1-b30bf196ddd2)] -> xpath: //XCUIElementTypeCell[2]/XCUIElementTypeSlider]]]>
    </line>
    <line>
      <![CDATA[09_19_2017_09_17_42_643 -  Fetching the Attribute : value - Element : [[IOSDriver:  on MAC (cec4f0f6-dbb8-4def-a9b1-b30bf196ddd2)] -> xpath: //XCUIElementTypeCell[2]/XCUIElementTypeSlider]]]>
    </line>
    <line>
      <![CDATA[09_19_2017_09_17_42_852 -  Waiting For Element : [[IOSDriver:  on MAC (cec4f0f6-dbb8-4def-a9b1-b30bf196ddd2)] -> xpath: //XCUIElementTypeCell[3]/XCUIElementTypeSlider]]]>
    </line>
    <line>
      <![CDATA[09_19_2017_09_17_43_088 -  Fetching the Attribute : value - Element : [[IOSDriver:  on MAC (cec4f0f6-dbb8-4def-a9b1-b30bf196ddd2)] -> xpath: //XCUIElementTypeCell[3]/XCUIElementTypeSlider]]]>
    </line>
    <line>
      <![CDATA[09_19_2017_09_17_44_583 -  Go Back]]>
    </line>
    <line>
      <![CDATA[09_19_2017_09_17_44_584 -  Test Passed :  test_08_UI_Catalog_Sliders]]>
    </line>
    <line>
      <![CDATA[09_19_2017_09_17_44_584    ***************** Execution Complete : TEST_08_UI_CATALOG_SLIDERS ******************]]>
    </line>
    <line>
      <![CDATA[Bundle Id for the Application :  /Users/sambeetmohapatra/Downloads/GIT/iOS_Multi_Apps_Project/App_Data_Objects/UI_Catalog/UI_Catalog_PageObjects.json]]>
    </line>
    <line>
      <![CDATA[09_19_2017_09_17_44_585 -  Setting Desired Capabilities - iOS on : iPhone]]>
    </line>
    <line>
      <![CDATA[09_19_2017_09_17_44_586 -  Launching iOSDriver with Capabilities : Capabilities [{noReset=true, platformVersion=10.3, bundleId=com.example.apple-samplecode.UICatalog, platformName=iOS, deviceName=iPhone 7}]]]>
    </line>
    <line>
      <![CDATA[09_19_2017_09_18_14_928    ***************** Execution Started : IOS.UI_CATALOG.SCRIPTS.TEST_09_UI_CATALOG_STEPPERS *********************]]>
    </line>
    <line>
      <![CDATA[09_19_2017_09_18_14_928 -  Started Test : test_09_UI_Catalog_Steppers]]>
    </line>
    <line>
      <![CDATA[09_19_2017_09_18_15_148 -  Swiping Vertically Down ]]>
    </line>
    <line>
      <![CDATA[09_19_2017_09_18_19_247 -  Waiting For Element : [[IOSDriver:  on MAC (f44429f5-b4b5-4847-88f4-4d870b72bde3)] -> accessibility id: Steppers]]]>
    </line>
    <line>
      <![CDATA[09_19_2017_09_18_19_534 -  Is the Element Displayed on Screen : [[IOSDriver:  on MAC (f44429f5-b4b5-4847-88f4-4d870b72bde3)] -> accessibility id: Steppers]]]>
    </line>
    <line>
      <![CDATA[09_19_2017_09_18_19_804 -  Waiting For Element : [[IOSDriver:  on MAC (f44429f5-b4b5-4847-88f4-4d870b72bde3)] -> accessibility id: Steppers]]]>
    </line>
    <line>
      <![CDATA[09_19_2017_09_18_20_098 -  Fetching the text : [[IOSDriver:  on MAC (f44429f5-b4b5-4847-88f4-4d870b72bde3)] -> accessibility id: Steppers]]]>
    </line>
    <line>
      <![CDATA[09_19_2017_09_18_20_363 -  Waiting For Element : [[IOSDriver:  on MAC (f44429f5-b4b5-4847-88f4-4d870b72bde3)] -> accessibility id: Steppers]]]>
    </line>
    <line>
      <![CDATA[09_19_2017_09_18_21_323 -  Clicked :  [[IOSDriver:  on MAC (f44429f5-b4b5-4847-88f4-4d870b72bde3)] -> accessibility id: Steppers]]]>
    </line>
    <line>
      <![CDATA[09_19_2017_09_18_21_323 -  Is the Element Displayed on Screen : [[IOSDriver:  on MAC (f44429f5-b4b5-4847-88f4-4d870b72bde3)] -> accessibility id: Steppers]]]>
    </line>
    <line>
      <![CDATA[09_19_2017_09_18_21_749 -  Waiting For Element : [[IOSDriver:  on MAC (f44429f5-b4b5-4847-88f4-4d870b72bde3)] -> accessibility id: Steppers]]]>
    </line>
    <line>
      <![CDATA[09_19_2017_09_18_22_055 -  Fetching the Attribute : name - Element : [[IOSDriver:  on MAC (f44429f5-b4b5-4847-88f4-4d870b72bde3)] -> accessibility id: Steppers]]]>
    </line>
    <line>
      <![CDATA[09_19_2017_09_18_23_169 -  Waiting For Element : [[IOSDriver:  on MAC (f44429f5-b4b5-4847-88f4-4d870b72bde3)] -> xpath: //XCUIElementTypeOther[@name='DEFAULT']]]]>
    </line>
    <line>
      <![CDATA[09_19_2017_09_18_23_393 -  Is the Element Displayed on Screen : [[IOSDriver:  on MAC (f44429f5-b4b5-4847-88f4-4d870b72bde3)] -> xpath: //XCUIElementTypeOther[@name='DEFAULT']]]]>
    </line>
    <line>
      <![CDATA[09_19_2017_09_18_23_611 -  Waiting For Element : [[IOSDriver:  on MAC (f44429f5-b4b5-4847-88f4-4d870b72bde3)] -> xpath: //XCUIElementTypeOther[@name='DEFAULT']]]]>
    </line>
    <line>
      <![CDATA[09_19_2017_09_18_23_809 -  Fetching the text : [[IOSDriver:  on MAC (f44429f5-b4b5-4847-88f4-4d870b72bde3)] -> xpath: //XCUIElementTypeOther[@name='DEFAULT']]]]>
    </line>
    <line>
[...]
            </line>
          </reporter-output>
        </test-method> <!-- before_Method -->
        <test-method status="PASS" signature="test_02_Validate_PlaceOrder_Add_Items(java.util.Map)[pri:0, instance:iOS.ShoppingCart.scripts.Test_02_Validate_PlaceOrder_Add_Items@604ed9f0]" name="test_02_Validate_PlaceOrder_Add_Items" duration-ms="49943" started-at="2017-09-19T21:34:22Z" data-provider="dp_Test_02_Validate_PlaceOrder_Add_Items" finished-at="2017-09-19T21:35:12Z">
          <params>
            <param index="0">
              <value>
                <![CDATA[{Script_name=Test_02_Validate_PlaceOrder_Add_Items, TestData_2=total Including taxes, TestData_1=Cart, TestData_10=, TestData_11=, TestData_12=, TestData_13=, TestData_14=, TestData_15=, TestData_4=$15.00, TestData_3=Free, TestData_6=, TestData_5=Place Order ->, TestData_8=, TestData_7=, TestData_9=}]]>
              </value>
            </param>
          </params>
          <reporter-output>
            <line>
              <![CDATA[09_19_2017_09_34_22_953 -  Started Test : test_02_Validate_PlaceOrder_Add_Items]]>
            </line>
            <line>
              <![CDATA[09_19_2017_09_34_23_995 -  Waiting For Element : [[IOSDriver:  on MAC (47a46f97-84f7-426c-8eb7-5e1743cbc1c9)] -> xpath: //XCUIElementTypeNavigationBar[@name='Cart']]]]>
            </line>
            <line>
              <![CDATA[09_19_2017_09_34_24_235 -  Is the Element Displayed on Screen : [[IOSDriver:  on MAC (47a46f97-84f7-426c-8eb7-5e1743cbc1c9)] -> xpath: //XCUIElementTypeNavigationBar[@name='Cart']]]]>
            </line>
            <line>
              <![CDATA[09_19_2017_09_34_24_483 -  Waiting For Element : [[IOSDriver:  on MAC (47a46f97-84f7-426c-8eb7-5e1743cbc1c9)] -> xpath: //XCUIElementTypeNavigationBar[@name='Cart']]]]>
            </line>
            <line>
              <![CDATA[09_19_2017_09_34_24_737 -  Fetching the Attribute : name - Element : [[IOSDriver:  on MAC (47a46f97-84f7-426c-8eb7-5e1743cbc1c9)] -> xpath: //XCUIElementTypeNavigationBar[@name='Cart']]]]>
            </line>
            <line>
              <![CDATA[09_19_2017_09_34_24_984 -  Waiting for : 1 second(s)]]>
            </line>
            <line>
              <![CDATA[09_19_2017_09_34_26_132 -  Capturing Screenshot and Adding to Extent Reports]]>
            </line>
            <line>
              <![CDATA[09_19_2017_09_34_27_691 -  Waiting For Element : [[IOSDriver:  on MAC (47a46f97-84f7-426c-8eb7-5e1743cbc1c9)] -> xpath: //XCUIElementTypeImage[@name='img_watch']]]]>
            </line>
            <line>
              <![CDATA[09_19_2017_09_34_27_934 -  Is the Element Displayed on Screen : [[IOSDriver:  on MAC (47a46f97-84f7-426c-8eb7-5e1743cbc1c9)] -> xpath: //XCUIElementTypeImage[@name='img_watch']]]]>
            </line>
            <line>
              <![CDATA[09_19_2017_09_34_29_390 -  Waiting For Element : [[IOSDriver:  on MAC (47a46f97-84f7-426c-8eb7-5e1743cbc1c9)] -> xpath: //XCUIElementTypeImage[@name='img_ipad']]]]>
            </line>
            <line>
              <![CDATA[09_19_2017_09_34_29_648 -  Is the Element Displayed on Screen : [[IOSDriver:  on MAC (47a46f97-84f7-426c-8eb7-5e1743cbc1c9)] -> xpath: //XCUIElementTypeImage[@name='img_ipad']]]]>
            </line>
            <line>
              <![CDATA[09_19_2017_09_34_31_034 -  Waiting For Element : [[IOSDriver:  on MAC (47a46f97-84f7-426c-8eb7-5e1743cbc1c9)] -> xpath: //XCUIElementTypeImage[@name='img_tv']]]]>
            </line>
            <line>
              <![CDATA[09_19_2017_09_34_31_270 -  Is the Element Displayed on Screen : [[IOSDriver:  on MAC (47a46f97-84f7-426c-8eb7-5e1743cbc1c9)] -> xpath: //XCUIElementTypeImage[@name='img_tv']]]]>
            </line>
            <line>
              <![CDATA[09_19_2017_09_34_32_691 -  Waiting For Element : [[IOSDriver:  on MAC (47a46f97-84f7-426c-8eb7-5e1743cbc1c9)] -> xpath: //XCUIElementTypeStaticText[@name='Apple Watch']/following-sibling::XCUIElementTypeStepper[1]/XCUIElementTypeButton[@label='Increment']]]]>
            </line>
            <line>
              <![CDATA[09_19_2017_09_34_33_584 -  Clicked :  [[IOSDriver:  on MAC (47a46f97-84f7-426c-8eb7-5e1743cbc1c9)] -> xpath: //XCUIElementTypeStaticText[@name='Apple Watch']/following-sibling::XCUIElementTypeStepper[1]/XCUIElementTypeButton[@label='Increment']]]]>
            </line>
            <line>
              <![CDATA[09_19_2017_09_34_34_656 -  Waiting For Element : [[IOSDriver:  on MAC (47a46f97-84f7-426c-8eb7-5e1743cbc1c9)] -> xpath: //XCUIElementTypeStaticText[@name='399.99']]]]>
            </line>
            <line>
              <![CDATA[09_19_2017_09_34_34_900 -  Waiting For Element : [[IOSDriver:  on MAC (47a46f97-84f7-426c-8eb7-5e1743cbc1c9)] -> xpath: //XCUIElementTypeStaticText[@name='399.99']]]]>
            </line>
            <line>
              <![CDATA[09_19_2017_09_34_35_139 -  Fetching the Attribute : value - Element : [[IOSDriver:  on MAC (47a46f97-84f7-426c-8eb7-5e1743cbc1c9)] -> xpath: //XCUIElementTypeStaticText[@name='399.99']]]]>
            </line>
            <line>
              <![CDATA[09_19_2017_09_34_36_442 -  Waiting For Element : [[IOSDriver:  on MAC (47a46f97-84f7-426c-8eb7-5e1743cbc1c9)] -> xpath: //XCUIElementTypeStaticText[@name='Ipad Mini']/following-sibling::XCUIElementTypeStepper[1]/XCUIElementTypeButton[@label='Increment']]]]>
            </line>
            <line>
              <![CDATA[09_19_2017_09_34_37_334 -  Clicked :  [[IOSDriver:  on MAC (47a46f97-84f7-426c-8eb7-5e1743cbc1c9)] -> xpath: //XCUIElementTypeStaticText[@name='Ipad Mini']/following-sibling::XCUIElementTypeStepper[1]/XCUIElementTypeButton[@label='Increment']]]]>
            </line>
            <line>
              <![CDATA[09_19_2017_09_34_38_439 -  Waiting For Element : [[IOSDriver:  on MAC (47a46f97-84f7-426c-8eb7-5e1743cbc1c9)] -> xpath: //XCUIElementTypeStaticText[@name='420.99']]]]>
            </line>
            <line>
              <![CDATA[09_19_2017_09_34_38_685 -  Waiting For Element : [[IOSDriver:  on MAC (47a46f97-84f7-426c-8eb7-5e1743cbc1c9)] -> xpath: //XCUIElementTypeStaticText[@name='420.99']]]]>
            </line>
            <line>
              <![CDATA[09_19_2017_09_34_38_935 -  Fetching the Attribute : value - Element : [[IOSDriver:  on MAC (47a46f97-84f7-426c-8eb7-5e1743cbc1c9)] -> xpath: //XCUIElementTypeStaticText[@name='420.99']]]]>
            </line>
            <line>
              <![CDATA[09_19_2017_09_34_40_263 -  Waiting For Element : [[IOSDriver:  on MAC (47a46f97-84f7-426c-8eb7-5e1743cbc1c9)] -> xpath: //XCUIElementTypeStaticText[@name='Apple TV']/following-sibling::XCUIElementTypeStepper[1]/XCUIElementTypeButton[@label='Increment']]]]>
            </line>
            <line>
              <![CDATA[09_19_2017_09_34_41_185 -  Clicked :  [[IOSDriver:  on MAC (47a46f97-84f7-426c-8eb7-5e1743cbc1c9)] -> xpath: //XCUIElementTypeStaticText[@name='Apple TV']/following-sibling::XCUIElementTypeStepper[1]/XCUIElementTypeButton[@label='Increment']]]]>
            </line>
            <line>
              <![CDATA[09_19_2017_09_34_42_286 -  Waiting For Element : [[IOSDriver:  on MAC (47a46f97-84f7-426c-8eb7-5e1743cbc1c9)] -> xpath: //XCUIElementTypeStaticText[@name='209.99']]]]>
            </line>
            <line>
              <![CDATA[09_19_2017_09_34_42_536 -  Waiting For Element : [[IOSDriver:  on MAC (47a46f97-84f7-426c-8eb7-5e1743cbc1c9)] -> xpath: //XCUIElementTypeStaticText[@name='209.99']]]]>
            </line>
            <line>
              <![CDATA[09_19_2017_09_34_42_786 -  Fetching the Attribute : value - Element : [[IOSDriver:  on MAC (47a46f97-84f7-426c-8eb7-5e1743cbc1c9)] -> xpath: //XCUIElementTypeStaticText[@name='209.99']]]]>
            </line>
            <line>
              <![CDATA[09_19_2017_09_34_44_158 -  Waiting For Element : [[IOSDriver:  on MAC (47a46f97-84f7-426c-8eb7-5e1743cbc1c9)] -> xpath: //XCUIElementTypeStaticText[@name='Total']]]]>
            </line>
            <line>
              <![CDATA[09_19_2017_09_34_44_436 -  Is the Element Displayed on Screen : [[IOSDriver:  on MAC (47a46f97-84f7-426c-8eb7-5e1743cbc1c9)] -> xpath: //XCUIElementTypeStaticText[@name='Total']]]]>
            </line>
            <line>
              <![CDATA[09_19_2017_09_34_45_837 -  Waiting For Element : [[IOSDriver:  on MAC (47a46f97-84f7-426c-8eb7-5e1743cbc1c9)] -> xpath: //XCUIElementTypeStaticText[@name='Total']/following-sibling::XCUIElementTypeStaticText[1]]]]>
            </line>
            <line>
              <![CDATA[09_19_2017_09_34_46_087 -  Waiting For Element : [[IOSDriver:  on MAC (47a46f97-84f7-426c-8eb7-5e1743cbc1c9)] -> xpath: //XCUIElementTypeStaticText[@name='Total']/following-sibling::XCUIElementTypeStaticText[1]]]]>
            </line>
            <line>
              <![CDATA[09_19_2017_09_34_46_337 -  Fetching the Attribute : value - Element : [[IOSDriver:  on MAC (47a46f97-84f7-426c-8eb7-5e1743cbc1c9)] -> xpath: //XCUIElementTypeStaticText[@name='Total']/following-sibling::XCUIElementTypeStaticText[1]]]]>
            </line>
            <line>
              <![CDATA[09_19_2017_09_34_47_737 -  Waiting For Element : [[IOSDriver:  on MAC (47a46f97-84f7-426c-8eb7-5e1743cbc1c9)] -> xpath: //XCUIElementTypeButton[@label='Place Order ->']]]]>
            </line>
            <line>
              <![CDATA[09_19_2017_09_34_48_053 -  Is the Button Enabled on Screen : [[IOSDriver:  on MAC (47a46f97-84f7-426c-8eb7-5e1743cbc1c9)] -> xpath: //XCUIElementTypeButton[@label='Place Order ->']]]]>
            </line>
            <line>
              <![CDATA[09_19_2017_09_34_48_296 -  Waiting For Element : [[IOSDriver:  on MAC (47a46f97-84f7-426c-8eb7-5e1743cbc1c9)] -> xpath: //XCUIElementTypeButton[@label='Place Order ->']]]]>
            </line>
            <line>
              <![CDATA[09_19_2017_09_34_48_554 -  Fetching the Attribute : name - Element : [[IOSDriver:  on MAC (47a46f97-84f7-426c-8eb7-5e1743cbc1c9)] -> xpath: //XCUIElementTypeButton[@label='Place Order ->']]]]>
            </line>
            <line>
              <![CDATA[09_19_2017_09_34_48_790 -  Waiting for : 1 second(s)]]>
            </line>
            <line>
              <![CDATA[09_19_2017_09_34_49_940 -  Capturing Screenshot and Adding to Extent Reports]]>
            </line>
            <line>
              <![CDATA[09_19_2017_09_34_53_314 -  Single Tap On Element : [[IOSDriver:  on MAC (47a46f97-84f7-426c-8eb7-5e1743cbc1c9)] -> xpath: //XCUIElementTypeButton[@label='Place Order ->']]]]>
            </line>
            <line>
              <![CDATA[09_19_2017_09_34_54_150 -  Waiting For Element : [[IOSDriver:  on MAC (47a46f97-84f7-426c-8eb7-5e1743cbc1c9)] -> xpath: //XCUIElementTypeNavigationBar[@name='shoppingCartIOS.ShoppingOrder']]]]>
            </line>
            <line>
              <![CDATA[09_19_2017_09_34_54_391 -  Is the Element Displayed on Screen : [[IOSDriver:  on MAC (47a46f97-84f7-426c-8eb7-5e1743cbc1c9)] -> xpath: //XCUIElementTypeNavigationBar[@name='shoppingCartIOS.ShoppingOrder']]]]>
            </line>
            <line>
              <![CDATA[09_19_2017_09_34_55_400 -  Waiting For Element : [[IOSDriver:  on MAC (47a46f97-84f7-426c-8eb7-5e1743cbc1c9)] -> xpath: //XCUIElementTypeStaticText[@label='total Including taxes']]]]>
            </line>
            <line>
              <![CDATA[09_19_2017_09_34_55_639 -  Is the Element Displayed on Screen : [[IOSDriver:  on MAC (47a46f97-84f7-426c-8eb7-5e1743cbc1c9)] -> xpath: //XCUIElementTypeStaticText[@label='total Including taxes']]]]>
            </line>
            <line>
              <![CDATA[09_19_2017_09_34_55_860 -  Waiting For Element : [[IOSDriver:  on MAC (47a46f97-84f7-426c-8eb7-5e1743cbc1c9)] -> xpath: //XCUIElementTypeStaticText[@label='total Including taxes']]]]>
            </line>
            <line>
              <![CDATA[09_19_2017_09_34_56_115 -  Fetching the Attribute : name - Element : [[IOSDriver:  on MAC (47a46f97-84f7-426c-8eb7-5e1743cbc1c9)] -> xpath: //XCUIElementTypeStaticText[@label='total Including taxes']]]]>
            </line>
            <line>
              <![CDATA[09_19_2017_09_34_57_119 -  Waiting For Element : [[IOSDriver:  on MAC (47a46f97-84f7-426c-8eb7-5e1743cbc1c9)] -> xpath: //XCUIElementTypeStaticText[@label='total Including taxes']/preceding-sibling::XCUIElementTypeStaticText[1]]]]>
            </line>
            <line>
              <![CDATA[09_19_2017_09_34_57_355 -  Waiting For Element : [[IOSDriver:  on MAC (47a46f97-84f7-426c-8eb7-5e1743cbc1c9)] -> xpath: //XCUIElementTypeStaticText[@label='total Including taxes']/preceding-sibling::XCUIElementTypeStaticText[1]]]]>
            </line>
            <line>
              <![CDATA[09_19_2017_09_34_57_565 -  Fetching the Attribute : value - Element : [[IOSDriver:  on MAC (47a46f97-84f7-426c-8eb7-5e1743cbc1c9)] -> xpath: //XCUIElementTypeStaticText[@label='total Including taxes']/preceding-sibling::XCUIElementTypeStaticText[1]]]]>
            </line>
            <line>
              <![CDATA[09_19_2017_09_34_58_558 -  Waiting For Element : [[IOSDriver:  on MAC (47a46f97-84f7-426c-8eb7-5e1743cbc1c9)] -> xpath: //XCUIElementTypeButton[@name='icon standard']]]]>
            </line>
            <line>
              <![CDATA[09_19_2017_09_34_58_789 -  Is the Element Displayed on Screen : [[IOSDriver:  on MAC (47a46f97-84f7-426c-8eb7-5e1743cbc1c9)] -> xpath: //XCUIElementTypeButton[@name='icon standard']]]]>
            </line>
            <line>
              <![CDATA[09_19_2017_09_34_59_814 -  Waiting For Element : [[IOSDriver:  on MAC (47a46f97-84f7-426c-8eb7-5e1743cbc1c9)] -> xpath: //XCUIElementTypeStaticText[@name='Free']]]]>
            </line>
            <line>
              <![CDATA[09_19_2017_09_35_00_066 -  Is the Element Displayed on Screen : [[IOSDriver:  on MAC (47a46f97-84f7-426c-8eb7-5e1743cbc1c9)] -> xpath: //XCUIElementTypeStaticText[@name='Free']]]]>
            </line>
            <line>
              <![CDATA[09_19_2017_09_35_00_307 -  Waiting For Element : [[IOSDriver:  on MAC (47a46f97-84f7-426c-8eb7-5e1743cbc1c9)] -> xpath: //XCUIElementTypeStaticText[@name='Free']]]]>
            </line>
            <line>
              <![CDATA[09_19_2017_09_35_00_547 -  Fetching the Attribute : name - Element : [[IOSDriver:  on MAC (47a46f97-84f7-426c-8eb7-5e1743cbc1c9)] -> xpath: //XCUIElementTypeStaticText[@name='Free']]]]>
            </line>
            <line>
              <![CDATA[09_19_2017_09_35_01_492 -  Waiting For Element : [[IOSDriver:  on MAC (47a46f97-84f7-426c-8eb7-5e1743cbc1c9)] -> xpath: //XCUIElementTypeButton[@name='icon express']]]]>
            </line>
            <line>
              <![CDATA[09_19_2017_09_35_01_708 -  Is the Element Displayed on Screen : [[IOSDriver:  on MAC (47a46f97-84f7-426c-8eb7-5e1743cbc1c9)] -> xpath: //XCUIElementTypeButton[@name='icon express']]]]>
            </line>
            <line>
              <![CDATA[09_19_2017_09_35_02_739 -  Waiting For Element : [[IOSDriver:  on MAC (47a46f97-84f7-426c-8eb7-5e1743cbc1c9)] -> xpath: //XCUIElementTypeStaticText[@name='Free']/following-sibling::XCUIElementTypeStaticText[1]]]]>
            </line>
            <line>
              <![CDATA[09_19_2017_09_35_02_964 -  Is the Element Displayed on Screen : [[IOSDriver:  on MAC (47a46f97-84f7-426c-8eb7-5e1743cbc1c9)] -> xpath: //XCUIElementTypeStaticText[@name='Free']/following-sibling::XCUIElementTypeStaticText[1]]]]>
            </line>
            <line>
              <![CDATA[09_19_2017_09_35_03_189 -  Waiting For Element : [[IOSDriver:  on MAC (47a46f97-84f7-426c-8eb7-5e1743cbc1c9)] -> xpath: //XCUIElementTypeStaticText[@name='Free']/following-sibling::XCUIElementTypeStaticText[1]]]]>
            </line>
            <line>
              <![CDATA[09_19_2017_09_35_03_423 -  Fetching the Attribute : name - Element : [[IOSDriver:  on MAC (47a46f97-84f7-426c-8eb7-5e1743cbc1c9)] -> xpath: //XCUIElementTypeStaticText[@name='Free']/following-sibling::XCUIElementTypeStaticText[1]]]]>
            </line>
            <line>
              <![CDATA[09_19_2017_09_35_05_740 -  Single Tap On Element : [[IOSDriver:  on MAC (47a46f97-84f7-426c-8eb7-5e1743cbc1c9)] -> xpath: //XCUIElementTypeStaticText[@name='Free']/following-sibling::XCUIElementTypeStaticText[1]]]]>
            </line>
            <line>
              <![CDATA[09_19_2017_09_35_05_740 -  Waiting for : 1 second(s)]]>
            </line>
            <line>
              <![CDATA[09_19_2017_09_35_06_888 -  Capturing Screenshot and Adding to Extent Reports]]>
            </line>
            <line>
              <![CDATA[09_19_2017_09_35_09_305 -  Single Tap On Element : [[IOSDriver:  on MAC (47a46f97-84f7-426c-8eb7-5e1743cbc1c9)] -> xpath: //XCUIElementTypeStaticText[@name='Free']]]]>
            </line>
            <line>
              <![CDATA[09_19_2017_09_35_10_119 -  Waiting For Element : [[IOSDriver:  on MAC (47a46f97-84f7-426c-8eb7-5e1743cbc1c9)] -> xpath: //XCUIElementTypeButton[@label='Place Order ->']]]]>
            </line>
            <line>
              <![CDATA[09_19_2017_09_35_10_362 -  Is the Element Displayed on Screen : [[IOSDriver:  on MAC (47a46f97-84f7-426c-8eb7-5e1743cbc1c9)] -> xpath: //XCUIElementTypeButton[@label='Place Order ->']]]]>
            </line>
            <line>
              <![CDATA[09_19_2017_09_35_10_640 -  Waiting For Element : [[IOSDriver:  on MAC (47a46f97-84f7-426c-8eb7-5e1743cbc1c9)] -> xpath: //XCUIElementTypeButton[@label='Place Order ->']]]]>
            </line>
            <line>
              <![CDATA[09_19_2017_09_35_10_903 -  Fetching the Attribute : name - Element : [[IOSDriver:  on MAC (47a46f97-84f7-426c-8eb7-5e1743cbc1c9)] -> xpath: //XCUIElementTypeButton[@label='Place Order ->']]]]>
            </line>
            <line>
              <![CDATA[09_19_2017_09_35_11_123 -  Waiting For Element : [[IOSDriver:  on MAC (47a46f97-84f7-426c-8eb7-5e1743cbc1c9)] -> xpath: //XCUIElementTypeButton[@label='Place Order ->']]]]>
            </line>
            <line>
              <![CDATA[09_19_2017_09_35_11_340 -  Fetching the text : [[IOSDriver:  on MAC (47a46f97-84f7-426c-8eb7-5e1743cbc1c9)] -> xpath: //XCUIElementTypeButton[@label='Place Order ->']]]]>
            </line>
            <line>
              <![CDATA[09_19_2017_09_35_12_896 -  Go Back]]>
            </line>
            <line>
              <![CDATA[09_19_2017_09_35_12_896 -  Test Passed :  test_02_Validate_PlaceOrder_Add_Items]]>
            </line>
          </reporter-output>
        </test-method> <!-- test_02_Validate_PlaceOrder_Add_Items -->
        <test-method status="PASS" signature="after_Method(org.testng.ITestResult)[pri:0, instance:iOS.ShoppingCart.scripts.Test_02_Validate_PlaceOrder_Add_Items@604ed9f0]" name="after_Method" is-config="true" duration-ms="1" started-at="2017-09-19T21:35:12Z" finished-at="2017-09-19T21:35:12Z">
          <params>
            <param index="0">
              <value>
                <![CDATA[[TestResult name=test_02_Validate_PlaceOrder_Add_Items status=SUCCESS method=Test_02_Validate_PlaceOrder_Add_Items.test_02_Validate_PlaceOrder_Add_Items(java.util.Map)[pri:0, instance:iOS.ShoppingCart.scripts.Test_02_Validate_PlaceOrder_Add_Items@604ed9f0] output=09_19_2017_09_34_22_953 -  Started Test : test_02_Validate_PlaceOrder_Add_Items]]]>
              </value>
            </param>
          </params>
          <reporter-output>
            <line>
              <![CDATA[09_19_2017_09_35_12_897    ***************** Execution Complete : TEST_02_VALIDATE_PLACEORDER_ADD_ITEMS ******************]]>
            </line>
          </reporter-output>
        </test-method> <!-- after_Method -->
      </class> <!-- iOS.ShoppingCart.scripts.Test_02_Validate_PlaceOrder_Add_Items -->
    </test> <!-- ShoppingCart_Test -->
  </suite> <!-- ShoppingCart_Suite -->
</testng-results>
