<?xml version="1.0" encoding="UTF-8"?>
<testsuite name="UI_Catalog_Test"
           tests="1"
           failures="1"
           errors="0"
           skipped="0"
           time="0.001">
  <properties />
            <testcase name="test_15_UI_Catalog_WebView" time="0.001" classname="iOS.UI_Catalog.scripts.Test_15_UI_Catalog_WebView">
                <failure type="org.openqa.selenium.WebDriverException"
                  message="org.apache.http.conn.HttpHostConnectException: Connect to 127.0.0.1:4723 [/127.0.0.1] failed: Connection refused (Connection refused)
Build info: version: &apos;3.3.1&apos;, revision: &apos;5234b32&apos;, time: &apos;2017-03-10 09:04:52 -0800&apos;
System info: host: &apos;Sambeets-MacBook-Air.local&apos;, ip: &apos;fe80:0:0:0:c4:4fd:8ddb:f3db%en0&apos;, os.name: &apos;Mac OS X&apos;, os.arch: &apos;x86_64&apos;, os.version: &apos;10.13.2&apos;, java.version: &apos;1.8.0_131&apos;
Driver info: driver.version: AppiumDriver"
              >
<![CDATA[org.openqa.selenium.WebDriverException: org.apache.http.conn.HttpHostConnectException: Connect to 127.0.0.1:4723 [/127.0.0.1] failed: Connection refused (Connection refused)
Build info: version: '3.3.1', revision: '5234b32', time: '2017-03-10 09:04:52 -0800'
System info: host: 'Sambeets-MacBook-Air.local', ip: 'fe80:0:0:0:c4:4fd:8ddb:f3db%en0', os.name: 'Mac OS X', os.arch: 'x86_64', os.version: '10.13.2', java.version: '1.8.0_131'
Driver info: driver.version: AppiumDriver
  io.appium.java_client.remote.AppiumCommandExecutor.execute(AppiumCommandExecutor.java:84)
  org.openqa.selenium.remote.RemoteWebDriver.execute(RemoteWebDriver.java:604)
  io.appium.java_client.DefaultGenericMobileDriver.execute(DefaultGenericMobileDriver.java:40)
  io.appium.java_client.AppiumDriver.execute(AppiumDriver.java:235)
  org.openqa.selenium.remote.RemoteWebDriver$RemoteWebDriverOptions$RemoteWindow.getSize(RemoteWebDriver.java:871)
  iOS.Utilities.Utility.swipeDown_Vertical(Unknown Source)
  iOS.UI_Catalog.scripts.Test_15_UI_Catalog_WebView.test_15_UI_Catalog_WebView(Unknown Source)
  sun.reflect.NativeMethodAccessorImpl.invoke0(Native Method)
  sun.reflect.NativeMethodAccessorImpl.invoke(NativeMethodAccessorImpl.java:62)
  sun.reflect.DelegatingMethodAccessorImpl.invoke(DelegatingMethodAccessorImpl.java:43)
  java.lang.reflect.Method.invoke(Method.java:498)
  org.testng.internal.MethodInvocationHelper.invokeMethod(MethodInvocationHelper.java:104)
  org.testng.internal.Invoker.invokeMethod(Invoker.java:645)
  org.testng.internal.Invoker.invokeTestMethod(Invoker.java:851)
  org.testng.internal.Invoker.invokeTestMethods(Invoker.java:1177)
  org.testng.internal.TestMethodWorker.invokeTestMethods(TestMethodWorker.java:129)
  org.testng.internal.TestMethodWorker.run(TestMethodWorker.java:112)
  org.testng.TestRunner.privateRun(TestRunner.java:756)
  org.testng.TestRunner.run(TestRunner.java:610)
  org.testng.SuiteRunner.runTest(SuiteRunner.java:387)
  org.testng.SuiteRunner.runSequentially(SuiteRunner.java:382)
  org.testng.SuiteRunner.privateRun(SuiteRunner.java:340)
  org.testng.SuiteRunner.run(SuiteRunner.java:289)
  org.testng.SuiteRunnerWorker.runSuite(SuiteRunnerWorker.java:52)
  org.testng.SuiteRunnerWorker.run(SuiteRunnerWorker.java:86)
  org.testng.TestNG.runSuitesSequentially(TestNG.java:1293)
  org.testng.TestNG.runSuitesSequentially(TestNG.java:1289)
  org.testng.TestNG.runSuitesLocally(TestNG.java:1218)
  org.testng.TestNG.runSuites(TestNG.java:1133)
  org.testng.TestNG.run(TestNG.java:1104)
  org.testng.TestNG.privateMain(TestNG.java:1434)
  org.testng.TestNG.main(TestNG.java:1403)
Caused by: org.apache.http.conn.HttpHostConnectException: Connect to 127.0.0.1:4723 [/127.0.0.1] failed: Connection refused (Connection refused)
  org.apache.http.impl.conn.DefaultHttpClientConnectionOperator.connect(DefaultHttpClientConnectionOperator.java:158)
  org.apache.http.impl.conn.PoolingHttpClientConnectionManager.connect(PoolingHttpClientConnectionManager.java:353)
  org.apache.http.impl.execchain.MainClientExec.establishRoute(MainClientExec.java:380)
  org.apache.http.impl.execchain.MainClientExec.execute(MainClientExec.java:236)
  org.apache.http.impl.execchain.ProtocolExec.execute(ProtocolExec.java:184)
  org.apache.http.impl.execchain.RetryExec.execute(RetryExec.java:88)
  org.apache.http.impl.execchain.RedirectExec.execute(RedirectExec.java:110)
  org.apache.http.impl.client.InternalHttpClient.doExecute(InternalHttpClient.java:184)
  org.apache.http.impl.client.CloseableHttpClient.execute(CloseableHttpClient.java:71)
  org.apache.http.impl.client.CloseableHttpClient.execute(CloseableHttpClient.java:55)
  org.openqa.selenium.remote.internal.ApacheHttpClient.fallBackExecute(ApacheHttpClient.java:142)
  org.openqa.selenium.remote.internal.ApacheHttpClient.execute(ApacheHttpClient.java:88)
  org.openqa.selenium.remote.HttpCommandExecutor.execute(HttpCommandExecutor.java:160)
  io.appium.java_client.remote.AppiumCommandExecutor.execute(AppiumCommandExecutor.java:69)
  org.openqa.selenium.remote.RemoteWebDriver.execute(RemoteWebDriver.java:604)
  io.appium.java_client.DefaultGenericMobileDriver.execute(DefaultGenericMobileDriver.java:40)
  io.appium.java_client.AppiumDriver.execute(AppiumDriver.java:235)
  org.openqa.selenium.remote.RemoteWebDriver$RemoteWebDriverOptions$RemoteWindow.getSize(RemoteWebDriver.java:871)
  iOS.Utilities.Utility.swipeDown_Vertical(Unknown Source)
  iOS.UI_Catalog.scripts.Test_15_UI_Catalog_WebView.test_15_UI_Catalog_WebView(Unknown Source)
  sun.reflect.NativeMethodAccessorImpl.invoke0(Native Method)
  sun.reflect.NativeMethodAccessorImpl.invoke(NativeMethodAccessorImpl.java:62)
  sun.reflect.DelegatingMethodAccessorImpl.invoke(DelegatingMethodAccessorImpl.java:43)
  java.lang.reflect.Method.invoke(Method.java:498)
  org.testng.internal.MethodInvocationHelper.invokeMethod(MethodInvocationHelper.java:104)
  org.testng.internal.Invoker.invokeMethod(Invoker.java:645)
  org.testng.internal.Invoker.invokeTestMethod(Invoker.java:851)
  org.testng.internal.Invoker.invokeTestMethods(Invoker.java:1177)
  org.testng.internal.TestMethodWorker.invokeTestMethods(TestMethodWorker.java:129)
  org.testng.internal.TestMethodWorker.run(TestMethodWorker.java:112)
  org.testng.TestRunner.privateRun(TestRunner.java:756)
  org.testng.TestRunner.run(TestRunner.java:610)
  org.testng.SuiteRunner.runTest(SuiteRunner.java:387)
  org.testng.SuiteRunner.runSequentially(SuiteRunner.java:382)
  org.testng.SuiteRunner.privateRun(SuiteRunner.java:340)
  org.testng.SuiteRunner.run(SuiteRunner.java:289)
  org.testng.SuiteRunnerWorker.runSuite(SuiteRunnerWorker.java:52)
  org.testng.SuiteRunnerWorker.run(SuiteRunnerWorker.java:86)
  org.testng.TestNG.runSuitesSequentially(TestNG.java:1293)
  org.testng.TestNG.runSuitesSequentially(TestNG.java:1289)
  org.testng.TestNG.runSuitesLocally(TestNG.java:1218)
  org.testng.TestNG.runSuites(TestNG.java:1133)
  org.testng.TestNG.run(TestNG.java:1104)
  org.testng.TestNG.privateMain(TestNG.java:1434)
  org.testng.TestNG.main(TestNG.java:1403)
Caused by: java.net.ConnectException: Connection refused (Connection refused)
  java.net.PlainSocketImpl.socketConnect(Native Method)
  java.net.AbstractPlainSocketImpl.doConnect(AbstractPlainSocketImpl.java:350)
  java.net.AbstractPlainSocketImpl.connectToAddress(AbstractPlainSocketImpl.java:206)
  java.net.AbstractPlainSocketImpl.connect(AbstractPlainSocketImpl.java:188)
  java.net.SocksSocketImpl.connect(SocksSocketImpl.java:392)
  java.net.Socket.connect(Socket.java:589)
  org.apache.http.conn.socket.PlainConnectionSocketFactory.connectSocket(PlainConnectionSocketFactory.java:74)
  org.apache.http.impl.conn.DefaultHttpClientConnectionOperator.connect(DefaultHttpClientConnectionOperator.java:141)
  org.apache.http.impl.conn.PoolingHttpClientConnectionManager.connect(PoolingHttpClientConnectionManager.java:353)
  org.apache.http.impl.execchain.MainClientExec.establishRoute(MainClientExec.java:380)
  org.apache.http.impl.execchain.MainClientExec.execute(MainClientExec.java:236)
  org.apache.http.impl.execchain.ProtocolExec.execute(ProtocolExec.java:184)
  org.apache.http.impl.execchain.RetryExec.execute(RetryExec.java:88)
  org.apache.http.impl.execchain.RedirectExec.execute(RedirectExec.java:110)
  org.apache.http.impl.client.InternalHttpClient.doExecute(InternalHttpClient.java:184)
  org.apache.http.impl.client.CloseableHttpClient.execute(CloseableHttpClient.java:71)
  org.apache.http.impl.client.CloseableHttpClient.execute(CloseableHttpClient.java:55)
  org.openqa.selenium.remote.internal.ApacheHttpClient.fallBackExecute(ApacheHttpClient.java:142)
  org.openqa.selenium.remote.internal.ApacheHttpClient.execute(ApacheHttpClient.java:88)
  org.openqa.selenium.remote.HttpCommandExecutor.execute(HttpCommandExecutor.java:160)
  io.appium.java_client.remote.AppiumCommandExecutor.execute(AppiumCommandExecutor.java:69)
  org.openqa.selenium.remote.RemoteWebDriver.execute(RemoteWebDriver.java:604)
  io.appium.java_client.DefaultGenericMobileDriver.execute(DefaultGenericMobileDriver.java:40)
  io.appium.java_client.AppiumDriver.execute(AppiumDriver.java:235)
  org.openqa.selenium.remote.RemoteWebDriver$RemoteWebDriverOptions$RemoteWindow.getSize(RemoteWebDriver.java:871)
  iOS.Utilities.Utility.swipeDown_Vertical(Unknown Source)
  iOS.UI_Catalog.scripts.Test_15_UI_Catalog_WebView.test_15_UI_Catalog_WebView(Unknown Source)
  sun.reflect.NativeMethodAccessorImpl.invoke0(Native Method)
  sun.reflect.NativeMethodAccessorImpl.invoke(NativeMethodAccessorImpl.java:62)
  sun.reflect.DelegatingMethodAccessorImpl.invoke(DelegatingMethodAccessorImpl.java:43)
  java.lang.reflect.Method.invoke(Method.java:498)
  org.testng.internal.MethodInvocationHelper.invokeMethod(MethodInvocationHelper.java:104)
  org.testng.internal.Invoker.invokeMethod(Invoker.java:645)
  org.testng.internal.Invoker.invokeTestMethod(Invoker.java:851)
  org.testng.internal.Invoker.invokeTestMethods(Invoker.java:1177)
  org.testng.internal.TestMethodWorker.invokeTestMethods(TestMethodWorker.java:129)
  org.testng.internal.TestMethodWorker.run(TestMethodWorker.java:112)
  org.testng.TestRunner.privateRun(TestRunner.java:756)
  org.testng.TestRunner.run(TestRunner.java:610)
  org.testng.SuiteRunner.runTest(SuiteRunner.java:387)
  org.testng.SuiteRunner.runSequentially(SuiteRunner.java:382)
  org.testng.SuiteRunner.privateRun(SuiteRunner.java:340)
  org.testng.SuiteRunner.run(SuiteRunner.java:289)
  org.testng.SuiteRunnerWorker.runSuite(SuiteRunnerWorker.java:52)
  org.testng.SuiteRunnerWorker.run(SuiteRunnerWorker.java:86)
  org.testng.TestNG.runSuitesSequentially(TestNG.java:1293)
  org.testng.TestNG.runSuitesSequentially(TestNG.java:1289)
  org.testng.TestNG.runSuitesLocally(TestNG.java:1218)
  org.testng.TestNG.runSuites(TestNG.java:1133)
  org.testng.TestNG.run(TestNG.java:1104)
  org.testng.TestNG.privateMain(TestNG.java:1434)
  org.testng.TestNG.main(TestNG.java:1403)
]]>
      </failure>

          </testcase>
  
  
  
</testsuite>
