<?xml version="1.0" encoding="UTF-8"?>
<!-- Generated by org.testng.reporters.JUnitXMLReporter -->
<testsuite hostname="Sambeets-MacBook-Air.local" ignored="2" name="HomeSafetyApp_Test" tests="2" failures="0" timestamp="21 Sep 2017 17:40:41 GMT" time="162.827" errors="0">
  <testcase name="test_01_HomeSafety_LaunchPage" time="38.503" classname="iOS.HomeSafetyApp.scripts.Test_01_HomeSafety_LaunchPage"/>
  <testcase name="test_02_HomeSafety_Bedroom" time="83.252" classname="iOS.HomeSafetyApp.scripts.Test_02_HomeSafety_Bedroom"/>
  <testcase name="@BeforeSuite before_Suite" time="0.0" classname="iOS.BaseClass.Base_Class">
    <ignored/>
  </testcase> <!-- @BeforeSuite before_Suite -->
  <testcase name="@AfterSuite after_Suite" time="0.0" classname="iOS.BaseClass.Base_Class">
    <ignored/>
  </testcase> <!-- @AfterSuite after_Suite -->
</testsuite> <!-- HomeSafetyApp_Test -->
