<?xml version="1.0" encoding="UTF-8"?>
<testng-results skipped="0" failed="0" ignored="0" total="1" passed="1">
  <reporter-output>
    <line>
      <![CDATA[Worksheet for TestData :  /Users/sambeetmohapatra/Downloads/GIT/iOS_Multi_Apps_Project/App_Data_Objects/HomeSafetyApp/TestData.xls]]>
    </line>
    <line>
      <![CDATA[Page Objects for Test :  /Users/sambeetmohapatra/Downloads/GIT/iOS_Multi_Apps_Project/App_Data_Objects/HomeSafetyApp/PageObjects.xml]]>
    </line>
    <line>
      <![CDATA[09_20_2017_09_03_19_274    ****** Suite Execution Started ****** ]]>
    </line>
    <line>
      <![CDATA[09_20_2017_09_03_19_661 -  Waiting for : 10 second(s)]]>
    </line>
    <line>
      <![CDATA[Bundle Id for the Application :  /Users/sambeetmohapatra/Downloads/GIT/iOS_Multi_Apps_Project/App_Data_Objects/HomeSafetyApp/PageObjects.xml]]>
    </line>
    <line>
      <![CDATA[09_20_2017_09_03_29_678 -  Setting Desired Capabilities - iOS on : iPhone]]>
    </line>
    <line>
      <![CDATA[09_20_2017_09_03_29_681 -  Launching iOSDriver with Capabilities : Capabilities [{noReset=true, platformVersion=10.3, bundleId=edu.unm.emed.homesafetytools, platformName=iOS, deviceName=iPhone 7}]]]>
    </line>
    <line>
      <![CDATA[09_20_2017_09_03_46_354    ***************** Execution Started : IOS.HOMESAFETYAPP.SCRIPTS.TEST_01_HOMESAFETY_LAUNCHPAGE *********************]]>
    </line>
    <line>
      <![CDATA[09_20_2017_09_03_46_406 -  Started Test : test_01_HomeSafety_LaunchPage]]>
    </line>
    <line>
      <![CDATA[09_20_2017_09_03_47_016 -  Waiting For Element : [[IOSDriver:  on MAC (fff889e9-bb01-42c1-b1bb-ba4451359056)] -> xpath: //XCUIElementTypeButton[@label='start']]]]>
    </line>
    <line>
      <![CDATA[09_20_2017_09_03_47_202 -  Is the Element Displayed on Screen : [[IOSDriver:  on MAC (fff889e9-bb01-42c1-b1bb-ba4451359056)] -> xpath: //XCUIElementTypeButton[@label='start']]]]>
    </line>
    <line>
      <![CDATA[09_20_2017_09_03_47_933 -  Waiting For Element : [[IOSDriver:  on MAC (fff889e9-bb01-42c1-b1bb-ba4451359056)] -> xpath: //XCUIElementTypeButton[@label='About']]]]>
    </line>
    <line>
      <![CDATA[09_20_2017_09_03_48_101 -  Is the Element Displayed on Screen : [[IOSDriver:  on MAC (fff889e9-bb01-42c1-b1bb-ba4451359056)] -> xpath: //XCUIElementTypeButton[@label='About']]]]>
    </line>
    <line>
      <![CDATA[09_20_2017_09_03_48_308 -  Waiting for : 1 second(s)]]>
    </line>
    <line>
      <![CDATA[09_20_2017_09_03_49_313 -  Capturing Screenshot and Adding to Extent Reports]]>
    </line>
    <line>
      <![CDATA[09_20_2017_09_03_50_483 -  Waiting For Element : [[IOSDriver:  on MAC (fff889e9-bb01-42c1-b1bb-ba4451359056)] -> xpath: //XCUIElementTypeButton[@label='start']]]]>
    </line>
    <line>
      <![CDATA[09_20_2017_09_03_51_232 -  Clicked :  [[IOSDriver:  on MAC (fff889e9-bb01-42c1-b1bb-ba4451359056)] -> xpath: //XCUIElementTypeButton[@label='start']]]]>
    </line>
    <line>
      <![CDATA[09_20_2017_09_03_52_196 -  Waiting For Element : [[IOSDriver:  on MAC (fff889e9-bb01-42c1-b1bb-ba4451359056)] -> xpath: //XCUIElementTypeStaticText[contains(@label,'Choose a room or area to learn')]]]]>
    </line>
    <line>
      <![CDATA[09_20_2017_09_03_52_426 -  Validating Element by Displayed [[IOSDriver:  on MAC (fff889e9-bb01-42c1-b1bb-ba4451359056)] -> xpath: //XCUIElementTypeStaticText[contains(@label,'Choose a room or area to learn')]]]]>
    </line>
    <line>
      <![CDATA[09_20_2017_09_03_52_426 -  Is the Element Displayed on Screen : [[IOSDriver:  on MAC (fff889e9-bb01-42c1-b1bb-ba4451359056)] -> xpath: //XCUIElementTypeStaticText[contains(@label,'Choose a room or area to learn')]]]]>
    </line>
    <line>
      <![CDATA[09_20_2017_09_03_52_673 -  Waiting For Element : [[IOSDriver:  on MAC (fff889e9-bb01-42c1-b1bb-ba4451359056)] -> xpath: //XCUIElementTypeStaticText[contains(@label,'Choose a room or area to learn')]]]]>
    </line>
    <line>
      <![CDATA[09_20_2017_09_03_52_897 -  Fetching the Attribute : name - Element : [[IOSDriver:  on MAC (fff889e9-bb01-42c1-b1bb-ba4451359056)] -> xpath: //XCUIElementTypeStaticText[contains(@label,'Choose a room or area to learn')]]]]>
    </line>
    <line>
      <![CDATA[09_20_2017_09_03_53_093 -  Waiting for : 1 second(s)]]>
    </line>
    <line>
      <![CDATA[09_20_2017_09_03_54_096 -  Capturing Screenshot and Adding to Extent Reports]]>
    </line>
    <line>
      <![CDATA[09_20_2017_09_03_55_253 -  Waiting For Element : [[IOSDriver:  on MAC (fff889e9-bb01-42c1-b1bb-ba4451359056)] -> xpath: //XCUIElementTypeButton[@label='btnupst']]]]>
    </line>
    <line>
      <![CDATA[09_20_2017_09_03_55_469 -  Is the Element Displayed on Screen : [[IOSDriver:  on MAC (fff889e9-bb01-42c1-b1bb-ba4451359056)] -> xpath: //XCUIElementTypeButton[@label='btnupst']]]]>
    </line>
    <line>
      <![CDATA[09_20_2017_09_03_55_743 -  Waiting For Element : [[IOSDriver:  on MAC (fff889e9-bb01-42c1-b1bb-ba4451359056)] -> xpath: //XCUIElementTypeButton[@label='btnupst']]]]>
    </line>
    <line>
      <![CDATA[09_20_2017_09_03_55_996 -  Fetching the Attribute : name - Element : [[IOSDriver:  on MAC (fff889e9-bb01-42c1-b1bb-ba4451359056)] -> xpath: //XCUIElementTypeButton[@label='btnupst']]]]>
    </line>
    <line>
      <![CDATA[09_20_2017_09_03_56_945 -  Waiting For Element : [[IOSDriver:  on MAC (fff889e9-bb01-42c1-b1bb-ba4451359056)] -> xpath: //XCUIElementTypeButton[@label='btnback']]]]>
    </line>
    <line>
      <![CDATA[09_20_2017_09_03_57_158 -  Is the Element Displayed on Screen : [[IOSDriver:  on MAC (fff889e9-bb01-42c1-b1bb-ba4451359056)] -> xpath: //XCUIElementTypeButton[@label='btnback']]]]>
    </line>
    <line>
      <![CDATA[09_20_2017_09_03_57_413 -  Waiting For Element : [[IOSDriver:  on MAC (fff889e9-bb01-42c1-b1bb-ba4451359056)] -> xpath: //XCUIElementTypeButton[@label='btnback']]]]>
    </line>
    <line>
      <![CDATA[09_20_2017_09_03_57_656 -  Fetching the Attribute : name - Element : [[IOSDriver:  on MAC (fff889e9-bb01-42c1-b1bb-ba4451359056)] -> xpath: //XCUIElementTypeButton[@label='btnback']]]]>
    </line>
    <line>
      <![CDATA[09_20_2017_09_03_58_599 -  Waiting For Element : [[IOSDriver:  on MAC (fff889e9-bb01-42c1-b1bb-ba4451359056)] -> xpath: //XCUIElementTypeButton[@label='btnlaund']]]]>
    </line>
    <line>
      <![CDATA[09_20_2017_09_03_58_811 -  Is the Element Displayed on Screen : [[IOSDriver:  on MAC (fff889e9-bb01-42c1-b1bb-ba4451359056)] -> xpath: //XCUIElementTypeButton[@label='btnlaund']]]]>
    </line>
    <line>
      <![CDATA[09_20_2017_09_03_59_079 -  Waiting For Element : [[IOSDriver:  on MAC (fff889e9-bb01-42c1-b1bb-ba4451359056)] -> xpath: //XCUIElementTypeButton[@label='btnlaund']]]]>
    </line>
    <line>
      <![CDATA[09_20_2017_09_03_59_349 -  Fetching the Attribute : name - Element : [[IOSDriver:  on MAC (fff889e9-bb01-42c1-b1bb-ba4451359056)] -> xpath: //XCUIElementTypeButton[@label='btnlaund']]]]>
    </line>
    <line>
      <![CDATA[09_20_2017_09_04_00_406 -  Waiting For Element : [[IOSDriver:  on MAC (fff889e9-bb01-42c1-b1bb-ba4451359056)] -> xpath: //XCUIElementTypeButton[@label='btnliving']]]]>
    </line>
    <line>
      <![CDATA[09_20_2017_09_04_00_684 -  Is the Element Displayed on Screen : [[IOSDriver:  on MAC (fff889e9-bb01-42c1-b1bb-ba4451359056)] -> xpath: //XCUIElementTypeButton[@label='btnliving']]]]>
    </line>
    <line>
      <![CDATA[09_20_2017_09_04_00_915 -  Waiting For Element : [[IOSDriver:  on MAC (fff889e9-bb01-42c1-b1bb-ba4451359056)] -> xpath: //XCUIElementTypeButton[@label='btnliving']]]]>
    </line>
    <line>
      <![CDATA[09_20_2017_09_04_01_193 -  Fetching the Attribute : name - Element : [[IOSDriver:  on MAC (fff889e9-bb01-42c1-b1bb-ba4451359056)] -> xpath: //XCUIElementTypeButton[@label='btnliving']]]]>
    </line>
    <line>
      <![CDATA[09_20_2017_09_04_02_326 -  Waiting For Element : [[IOSDriver:  on MAC (fff889e9-bb01-42c1-b1bb-ba4451359056)] -> xpath: //XCUIElementTypeButton[@label='btnkitchen']]]]>
    </line>
    <line>
      <![CDATA[09_20_2017_09_04_02_597 -  Is the Element Displayed on Screen : [[IOSDriver:  on MAC (fff889e9-bb01-42c1-b1bb-ba4451359056)] -> xpath: //XCUIElementTypeButton[@label='btnkitchen']]]]>
    </line>
    <line>
      <![CDATA[09_20_2017_09_04_02_819 -  Waiting For Element : [[IOSDriver:  on MAC (fff889e9-bb01-42c1-b1bb-ba4451359056)] -> xpath: //XCUIElementTypeButton[@label='btnkitchen']]]]>
    </line>
    <line>
      <![CDATA[09_20_2017_09_04_03_093 -  Fetching the Attribute : name - Element : [[IOSDriver:  on MAC (fff889e9-bb01-42c1-b1bb-ba4451359056)] -> xpath: //XCUIElementTypeButton[@label='btnkitchen']]]]>
    </line>
    <line>
      <![CDATA[09_20_2017_09_04_04_116 -  Waiting For Element : [[IOSDriver:  on MAC (fff889e9-bb01-42c1-b1bb-ba4451359056)] -> xpath: //XCUIElementTypeButton[@label='btnbath']]]]>
    </line>
    <line>
      <![CDATA[09_20_2017_09_04_04_348 -  Is the Element Displayed on Screen : [[IOSDriver:  on MAC (fff889e9-bb01-42c1-b1bb-ba4451359056)] -> xpath: //XCUIElementTypeButton[@label='btnbath']]]]>
    </line>
    <line>
      <![CDATA[09_20_2017_09_04_04_573 -  Waiting For Element : [[IOSDriver:  on MAC (fff889e9-bb01-42c1-b1bb-ba4451359056)] -> xpath: //XCUIElementTypeButton[@label='btnbath']]]]>
    </line>
    <line>
      <![CDATA[09_20_2017_09_04_04_825 -  Fetching the Attribute : name - Element : [[IOSDriver:  on MAC (fff889e9-bb01-42c1-b1bb-ba4451359056)] -> xpath: //XCUIElementTypeButton[@label='btnbath']]]]>
    </line>
    <line>
      <![CDATA[09_20_2017_09_04_05_805 -  Waiting For Element : [[IOSDriver:  on MAC (fff889e9-bb01-42c1-b1bb-ba4451359056)] -> xpath: //XCUIElementTypeButton[@label='btnfront']]]]>
    </line>
    <line>
      <![CDATA[09_20_2017_09_04_06_025 -  Is the Element Displayed on Screen : [[IOSDriver:  on MAC (fff889e9-bb01-42c1-b1bb-ba4451359056)] -> xpath: //XCUIElementTypeButton[@label='btnfront']]]]>
    </line>
    <line>
      <![CDATA[09_20_2017_09_04_06_268 -  Waiting For Element : [[IOSDriver:  on MAC (fff889e9-bb01-42c1-b1bb-ba4451359056)] -> xpath: //XCUIElementTypeButton[@label='btnfront']]]]>
    </line>
    <line>
      <![CDATA[09_20_2017_09_04_06_509 -  Fetching the Attribute : name - Element : [[IOSDriver:  on MAC (fff889e9-bb01-42c1-b1bb-ba4451359056)] -> xpath: //XCUIElementTypeButton[@label='btnfront']]]]>
    </line>
    <line>
      <![CDATA[09_20_2017_09_04_07_490 -  Waiting For Element : [[IOSDriver:  on MAC (fff889e9-bb01-42c1-b1bb-ba4451359056)] -> xpath: //XCUIElementTypeButton[@label='btnnurs']]]]>
    </line>
    <line>
      <![CDATA[09_20_2017_09_04_07_704 -  Is the Element Displayed on Screen : [[IOSDriver:  on MAC (fff889e9-bb01-42c1-b1bb-ba4451359056)] -> xpath: //XCUIElementTypeButton[@label='btnnurs']]]]>
    </line>
    <line>
      <![CDATA[09_20_2017_09_04_07_964 -  Waiting For Element : [[IOSDriver:  on MAC (fff889e9-bb01-42c1-b1bb-ba4451359056)] -> xpath: //XCUIElementTypeButton[@label='btnnurs']]]]>
    </line>
    <line>
      <![CDATA[09_20_2017_09_04_08_221 -  Fetching the Attribute : name - Element : [[IOSDriver:  on MAC (fff889e9-bb01-42c1-b1bb-ba4451359056)] -> xpath: //XCUIElementTypeButton[@label='btnnurs']]]]>
    </line>
    <line>
      <![CDATA[09_20_2017_09_04_09_190 -  Waiting For Element : [[IOSDriver:  on MAC (fff889e9-bb01-42c1-b1bb-ba4451359056)] -> xpath: //XCUIElementTypeButton[contains(@label,'BACK TO START')]]]]>
    </line>
    <line>
      <![CDATA[09_20_2017_09_04_09_399 -  Is the Element Displayed on Screen : [[IOSDriver:  on MAC (fff889e9-bb01-42c1-b1bb-ba4451359056)] -> xpath: //XCUIElementTypeButton[contains(@label,'BACK TO START')]]]]>
    </line>
    <line>
      <![CDATA[09_20_2017_09_04_09_646 -  Waiting For Element : [[IOSDriver:  on MAC (fff889e9-bb01-42c1-b1bb-ba4451359056)] -> xpath: //XCUIElementTypeButton[contains(@label,'BACK TO START')]]]]>
    </line>
    <line>
      <![CDATA[09_20_2017_09_04_09_890 -  Fetching the Attribute : name - Element : [[IOSDriver:  on MAC (fff889e9-bb01-42c1-b1bb-ba4451359056)] -> xpath: //XCUIElementTypeButton[contains(@label,'BACK TO START')]]]]>
    </line>
    <line>
      <![CDATA[09_20_2017_09_04_13_385 -  Single Tap On Element : [[IOSDriver:  on MAC (fff889e9-bb01-42c1-b1bb-ba4451359056)] -> xpath: //XCUIElementTypeButton[contains(@label,'BACK TO START')]]]]>
    </line>
    <line>
      <![CDATA[09_20_2017_09_04_13_979 -  Waiting For Element : [[IOSDriver:  on MAC (fff889e9-bb01-42c1-b1bb-ba4451359056)] -> xpath: //XCUIElementTypeButton[@label='About']]]]>
    </line>
    <line>
      <![CDATA[09_20_2017_09_04_14_159 -  Is the Element Displayed on Screen : [[IOSDriver:  on MAC (fff889e9-bb01-42c1-b1bb-ba4451359056)] -> xpath: //XCUIElementTypeButton[@label='About']]]]>
    </line>
    <line>
      <![CDATA[09_20_2017_09_04_17_417 -  Single Tap On Element : [[IOSDriver:  on MAC (fff889e9-bb01-42c1-b1bb-ba4451359056)] -> xpath: //XCUIElementTypeButton[@label='About']]]]>
    </line>
    <line>
      <![CDATA[09_20_2017_09_04_17_418 -  Waiting for : 1 second(s)]]>
    </line>
    <line>
      <![CDATA[09_20_2017_09_04_18_421 -  Capturing Screenshot and Adding to Extent Reports]]>
    </line>
    <line>
      <![CDATA[09_20_2017_09_04_19_225 -  Waiting For Element : [[IOSDriver:  on MAC (fff889e9-bb01-42c1-b1bb-ba4451359056)] -> xpath: //XCUIElementTypeImage[@name='aboutpage']]]]>
    </line>
    <line>
      <![CDATA[09_20_2017_09_04_19_407 -  Is the Element Displayed on Screen : [[IOSDriver:  on MAC (fff889e9-bb01-42c1-b1bb-ba4451359056)] -> xpath: //XCUIElementTypeImage[@name='aboutpage']]]]>
    </line>
    <line>
      <![CDATA[09_20_2017_09_04_20_148 -  Waiting For Element : [[IOSDriver:  on MAC (fff889e9-bb01-42c1-b1bb-ba4451359056)] -> xpath: //XCUIElementTypeStaticText[@label='version 1.1']]]]>
    </line>
    <line>
      <![CDATA[09_20_2017_09_04_20_300 -  Is the Element Displayed on Screen : [[IOSDriver:  on MAC (fff889e9-bb01-42c1-b1bb-ba4451359056)] -> xpath: //XCUIElementTypeStaticText[@label='version 1.1']]]]>
    </line>
    <line>
      <![CDATA[09_20_2017_09_04_20_532 -  Test Passed :  test_01_HomeSafety_LaunchPage]]>
    </line>
    <line>
      <![CDATA[09_20_2017_09_04_20_535    ***************** Execution Complete : TEST_01_HOMESAFETY_LAUNCHPAGE ******************]]>
    </line>
    <line>
      <![CDATA[09_20_2017_09_04_21_304 - App Closed ]]>
    </line>
    <line>
      <![CDATA[09_20_2017_09_04_21_734  *** iPhone |  ***** Suite Execution Completed *****]]>
    </line>
  </reporter-output>
  <suite name="HomeSafetyApp_Suite" duration-ms="50872" started-at="2017-09-20T15:33:29Z" finished-at="2017-09-20T15:34:20Z">
    <groups>
    </groups>
    <test name="HomeSafetyApp_Test" duration-ms="50872" started-at="2017-09-20T15:33:29Z" finished-at="2017-09-20T15:34:20Z">
      <class name="iOS.HomeSafetyApp.scripts.Test_01_HomeSafety_LaunchPage">
        <test-method status="PASS" signature="before_Suite(java.lang.String, java.lang.String, java.lang.String)[pri:0, instance:iOS.HomeSafetyApp.scripts.Test_01_HomeSafety_LaunchPage@55d56113]" name="before_Suite" is-config="true" duration-ms="10406" started-at="2017-09-20T21:03:19Z" finished-at="2017-09-20T21:03:29Z">
          <params>
            <param index="0">
              <value>
                <![CDATA[edu.unm.emed.homesafetytools]]>
              </value>
            </param>
            <param index="1">
              <value>
                <![CDATA[/App_Data_Objects/HomeSafetyApp/TestData.xls]]>
              </value>
            </param>
            <param index="2">
              <value>
                <![CDATA[/App_Data_Objects/HomeSafetyApp/PageObjects.xml]]>
              </value>
            </param>
          </params>
          <reporter-output>
            <line>
              <![CDATA[Worksheet for TestData :  /Users/sambeetmohapatra/Downloads/GIT/iOS_Multi_Apps_Project/App_Data_Objects/HomeSafetyApp/TestData.xls]]>
            </line>
            <line>
              <![CDATA[Page Objects for Test :  /Users/sambeetmohapatra/Downloads/GIT/iOS_Multi_Apps_Project/App_Data_Objects/HomeSafetyApp/PageObjects.xml]]>
            </line>
            <line>
              <![CDATA[09_20_2017_09_03_19_274    ****** Suite Execution Started ****** ]]>
            </line>
            <line>
              <![CDATA[09_20_2017_09_03_19_661 -  Waiting for : 10 second(s)]]>
            </line>
          </reporter-output>
        </test-method> <!-- before_Suite -->
        <test-method status="PASS" signature="before_Class()[pri:0, instance:iOS.HomeSafetyApp.scripts.Test_01_HomeSafety_LaunchPage@55d56113]" name="before_Class" is-config="true" duration-ms="16456" started-at="2017-09-20T21:03:29Z" finished-at="2017-09-20T21:03:46Z">
          <reporter-output>
            <line>
              <![CDATA[Bundle Id for the Application :  /Users/sambeetmohapatra/Downloads/GIT/iOS_Multi_Apps_Project/App_Data_Objects/HomeSafetyApp/PageObjects.xml]]>
            </line>
            <line>
              <![CDATA[09_20_2017_09_03_29_678 -  Setting Desired Capabilities - iOS on : iPhone]]>
            </line>
            <line>
              <![CDATA[09_20_2017_09_03_29_681 -  Launching iOSDriver with Capabilities : Capabilities [{noReset=true, platformVersion=10.3, bundleId=edu.unm.emed.homesafetytools, platformName=iOS, deviceName=iPhone 7}]]]>
            </line>
          </reporter-output>
        </test-method> <!-- before_Class -->
        <test-method status="PASS" signature="before_Method()[pri:0, instance:iOS.HomeSafetyApp.scripts.Test_01_HomeSafety_LaunchPage@55d56113]" name="before_Method" is-config="true" duration-ms="5" started-at="2017-09-20T21:03:46Z" finished-at="2017-09-20T21:03:46Z">
          <reporter-output>
            <line>
              <![CDATA[09_20_2017_09_03_46_354    ***************** Execution Started : IOS.HOMESAFETYAPP.SCRIPTS.TEST_01_HOMESAFETY_LAUNCHPAGE *********************]]>
            </line>
          </reporter-output>
        </test-method> <!-- before_Method -->
        <test-method status="PASS" signature="test_01_HomeSafety_LaunchPage(java.util.Map)[pri:0, instance:iOS.HomeSafetyApp.scripts.Test_01_HomeSafety_LaunchPage@55d56113]" name="test_01_HomeSafety_LaunchPage" duration-ms="34177" started-at="2017-09-20T21:03:46Z" data-provider="dp_Test_01_HomeSafety_LaunchPage" finished-at="2017-09-20T21:04:20Z">
          <params>
            <param index="0">
              <value>
                <![CDATA[{Script_name=Test_01_HomeSafety_LaunchPage, TestData_2=, TestData_1=Choose a room or area to learn about common hazards in these locations and how to make them safe for children., TestData_10=, TestData_11=, TestData_12=, TestData_13=, TestData_14=, TestData_4=, TestData_3=, TestData_6=, TestData_5=, TestData_8=, TestData_7=, TestData_9=}]]>
              </value>
            </param>
          </params>
          <reporter-output>
            <line>
              <![CDATA[09_20_2017_09_03_46_406 -  Started Test : test_01_HomeSafety_LaunchPage]]>
            </line>
            <line>
              <![CDATA[09_20_2017_09_03_47_016 -  Waiting For Element : [[IOSDriver:  on MAC (fff889e9-bb01-42c1-b1bb-ba4451359056)] -> xpath: //XCUIElementTypeButton[@label='start']]]]>
            </line>
            <line>
              <![CDATA[09_20_2017_09_03_47_202 -  Is the Element Displayed on Screen : [[IOSDriver:  on MAC (fff889e9-bb01-42c1-b1bb-ba4451359056)] -> xpath: //XCUIElementTypeButton[@label='start']]]]>
            </line>
            <line>
              <![CDATA[09_20_2017_09_03_47_933 -  Waiting For Element : [[IOSDriver:  on MAC (fff889e9-bb01-42c1-b1bb-ba4451359056)] -> xpath: //XCUIElementTypeButton[@label='About']]]]>
            </line>
            <line>
              <![CDATA[09_20_2017_09_03_48_101 -  Is the Element Displayed on Screen : [[IOSDriver:  on MAC (fff889e9-bb01-42c1-b1bb-ba4451359056)] -> xpath: //XCUIElementTypeButton[@label='About']]]]>
            </line>
            <line>
              <![CDATA[09_20_2017_09_03_48_308 -  Waiting for : 1 second(s)]]>
            </line>
            <line>
              <![CDATA[09_20_2017_09_03_49_313 -  Capturing Screenshot and Adding to Extent Reports]]>
            </line>
            <line>
              <![CDATA[09_20_2017_09_03_50_483 -  Waiting For Element : [[IOSDriver:  on MAC (fff889e9-bb01-42c1-b1bb-ba4451359056)] -> xpath: //XCUIElementTypeButton[@label='start']]]]>
            </line>
            <line>
              <![CDATA[09_20_2017_09_03_51_232 -  Clicked :  [[IOSDriver:  on MAC (fff889e9-bb01-42c1-b1bb-ba4451359056)] -> xpath: //XCUIElementTypeButton[@label='start']]]]>
            </line>
            <line>
              <![CDATA[09_20_2017_09_03_52_196 -  Waiting For Element : [[IOSDriver:  on MAC (fff889e9-bb01-42c1-b1bb-ba4451359056)] -> xpath: //XCUIElementTypeStaticText[contains(@label,'Choose a room or area to learn')]]]]>
            </line>
            <line>
              <![CDATA[09_20_2017_09_03_52_426 -  Validating Element by Displayed [[IOSDriver:  on MAC (fff889e9-bb01-42c1-b1bb-ba4451359056)] -> xpath: //XCUIElementTypeStaticText[contains(@label,'Choose a room or area to learn')]]]]>
            </line>
            <line>
              <![CDATA[09_20_2017_09_03_52_426 -  Is the Element Displayed on Screen : [[IOSDriver:  on MAC (fff889e9-bb01-42c1-b1bb-ba4451359056)] -> xpath: //XCUIElementTypeStaticText[contains(@label,'Choose a room or area to learn')]]]]>
            </line>
            <line>
              <![CDATA[09_20_2017_09_03_52_673 -  Waiting For Element : [[IOSDriver:  on MAC (fff889e9-bb01-42c1-b1bb-ba4451359056)] -> xpath: //XCUIElementTypeStaticText[contains(@label,'Choose a room or area to learn')]]]]>
            </line>
            <line>
              <![CDATA[09_20_2017_09_03_52_897 -  Fetching the Attribute : name - Element : [[IOSDriver:  on MAC (fff889e9-bb01-42c1-b1bb-ba4451359056)] -> xpath: //XCUIElementTypeStaticText[contains(@label,'Choose a room or area to learn')]]]]>
            </line>
            <line>
              <![CDATA[09_20_2017_09_03_53_093 -  Waiting for : 1 second(s)]]>
            </line>
            <line>
              <![CDATA[09_20_2017_09_03_54_096 -  Capturing Screenshot and Adding to Extent Reports]]>
            </line>
            <line>
              <![CDATA[09_20_2017_09_03_55_253 -  Waiting For Element : [[IOSDriver:  on MAC (fff889e9-bb01-42c1-b1bb-ba4451359056)] -> xpath: //XCUIElementTypeButton[@label='btnupst']]]]>
            </line>
            <line>
              <![CDATA[09_20_2017_09_03_55_469 -  Is the Element Displayed on Screen : [[IOSDriver:  on MAC (fff889e9-bb01-42c1-b1bb-ba4451359056)] -> xpath: //XCUIElementTypeButton[@label='btnupst']]]]>
            </line>
            <line>
              <![CDATA[09_20_2017_09_03_55_743 -  Waiting For Element : [[IOSDriver:  on MAC (fff889e9-bb01-42c1-b1bb-ba4451359056)] -> xpath: //XCUIElementTypeButton[@label='btnupst']]]]>
            </line>
            <line>
              <![CDATA[09_20_2017_09_03_55_996 -  Fetching the Attribute : name - Element : [[IOSDriver:  on MAC (fff889e9-bb01-42c1-b1bb-ba4451359056)] -> xpath: //XCUIElementTypeButton[@label='btnupst']]]]>
            </line>
            <line>
              <![CDATA[09_20_2017_09_03_56_945 -  Waiting For Element : [[IOSDriver:  on MAC (fff889e9-bb01-42c1-b1bb-ba4451359056)] -> xpath: //XCUIElementTypeButton[@label='btnback']]]]>
            </line>
            <line>
              <![CDATA[09_20_2017_09_03_57_158 -  Is the Element Displayed on Screen : [[IOSDriver:  on MAC (fff889e9-bb01-42c1-b1bb-ba4451359056)] -> xpath: //XCUIElementTypeButton[@label='btnback']]]]>
            </line>
            <line>
              <![CDATA[09_20_2017_09_03_57_413 -  Waiting For Element : [[IOSDriver:  on MAC (fff889e9-bb01-42c1-b1bb-ba4451359056)] -> xpath: //XCUIElementTypeButton[@label='btnback']]]]>
            </line>
            <line>
              <![CDATA[09_20_2017_09_03_57_656 -  Fetching the Attribute : name - Element : [[IOSDriver:  on MAC (fff889e9-bb01-42c1-b1bb-ba4451359056)] -> xpath: //XCUIElementTypeButton[@label='btnback']]]]>
            </line>
            <line>
              <![CDATA[09_20_2017_09_03_58_599 -  Waiting For Element : [[IOSDriver:  on MAC (fff889e9-bb01-42c1-b1bb-ba4451359056)] -> xpath: //XCUIElementTypeButton[@label='btnlaund']]]]>
            </line>
            <line>
              <![CDATA[09_20_2017_09_03_58_811 -  Is the Element Displayed on Screen : [[IOSDriver:  on MAC (fff889e9-bb01-42c1-b1bb-ba4451359056)] -> xpath: //XCUIElementTypeButton[@label='btnlaund']]]]>
            </line>
            <line>
              <![CDATA[09_20_2017_09_03_59_079 -  Waiting For Element : [[IOSDriver:  on MAC (fff889e9-bb01-42c1-b1bb-ba4451359056)] -> xpath: //XCUIElementTypeButton[@label='btnlaund']]]]>
            </line>
            <line>
              <![CDATA[09_20_2017_09_03_59_349 -  Fetching the Attribute : name - Element : [[IOSDriver:  on MAC (fff889e9-bb01-42c1-b1bb-ba4451359056)] -> xpath: //XCUIElementTypeButton[@label='btnlaund']]]]>
            </line>
            <line>
              <![CDATA[09_20_2017_09_04_00_406 -  Waiting For Element : [[IOSDriver:  on MAC (fff889e9-bb01-42c1-b1bb-ba4451359056)] -> xpath: //XCUIElementTypeButton[@label='btnliving']]]]>
            </line>
            <line>
              <![CDATA[09_20_2017_09_04_00_684 -  Is the Element Displayed on Screen : [[IOSDriver:  on MAC (fff889e9-bb01-42c1-b1bb-ba4451359056)] -> xpath: //XCUIElementTypeButton[@label='btnliving']]]]>
            </line>
            <line>
              <![CDATA[09_20_2017_09_04_00_915 -  Waiting For Element : [[IOSDriver:  on MAC (fff889e9-bb01-42c1-b1bb-ba4451359056)] -> xpath: //XCUIElementTypeButton[@label='btnliving']]]]>
            </line>
            <line>
              <![CDATA[09_20_2017_09_04_01_193 -  Fetching the Attribute : name - Element : [[IOSDriver:  on MAC (fff889e9-bb01-42c1-b1bb-ba4451359056)] -> xpath: //XCUIElementTypeButton[@label='btnliving']]]]>
            </line>
            <line>
              <![CDATA[09_20_2017_09_04_02_326 -  Waiting For Element : [[IOSDriver:  on MAC (fff889e9-bb01-42c1-b1bb-ba4451359056)] -> xpath: //XCUIElementTypeButton[@label='btnkitchen']]]]>
            </line>
            <line>
              <![CDATA[09_20_2017_09_04_02_597 -  Is the Element Displayed on Screen : [[IOSDriver:  on MAC (fff889e9-bb01-42c1-b1bb-ba4451359056)] -> xpath: //XCUIElementTypeButton[@label='btnkitchen']]]]>
            </line>
            <line>
              <![CDATA[09_20_2017_09_04_02_819 -  Waiting For Element : [[IOSDriver:  on MAC (fff889e9-bb01-42c1-b1bb-ba4451359056)] -> xpath: //XCUIElementTypeButton[@label='btnkitchen']]]]>
            </line>
            <line>
              <![CDATA[09_20_2017_09_04_03_093 -  Fetching the Attribute : name - Element : [[IOSDriver:  on MAC (fff889e9-bb01-42c1-b1bb-ba4451359056)] -> xpath: //XCUIElementTypeButton[@label='btnkitchen']]]]>
            </line>
            <line>
              <![CDATA[09_20_2017_09_04_04_116 -  Waiting For Element : [[IOSDriver:  on MAC (fff889e9-bb01-42c1-b1bb-ba4451359056)] -> xpath: //XCUIElementTypeButton[@label='btnbath']]]]>
            </line>
            <line>
              <![CDATA[09_20_2017_09_04_04_348 -  Is the Element Displayed on Screen : [[IOSDriver:  on MAC (fff889e9-bb01-42c1-b1bb-ba4451359056)] -> xpath: //XCUIElementTypeButton[@label='btnbath']]]]>
            </line>
            <line>
              <![CDATA[09_20_2017_09_04_04_573 -  Waiting For Element : [[IOSDriver:  on MAC (fff889e9-bb01-42c1-b1bb-ba4451359056)] -> xpath: //XCUIElementTypeButton[@label='btnbath']]]]>
            </line>
            <line>
              <![CDATA[09_20_2017_09_04_04_825 -  Fetching the Attribute : name - Element : [[IOSDriver:  on MAC (fff889e9-bb01-42c1-b1bb-ba4451359056)] -> xpath: //XCUIElementTypeButton[@label='btnbath']]]]>
            </line>
            <line>
              <![CDATA[09_20_2017_09_04_05_805 -  Waiting For Element : [[IOSDriver:  on MAC (fff889e9-bb01-42c1-b1bb-ba4451359056)] -> xpath: //XCUIElementTypeButton[@label='btnfront']]]]>
            </line>
            <line>
              <![CDATA[09_20_2017_09_04_06_025 -  Is the Element Displayed on Screen : [[IOSDriver:  on MAC (fff889e9-bb01-42c1-b1bb-ba4451359056)] -> xpath: //XCUIElementTypeButton[@label='btnfront']]]]>
            </line>
            <line>
              <![CDATA[09_20_2017_09_04_06_268 -  Waiting For Element : [[IOSDriver:  on MAC (fff889e9-bb01-42c1-b1bb-ba4451359056)] -> xpath: //XCUIElementTypeButton[@label='btnfront']]]]>
            </line>
            <line>
              <![CDATA[09_20_2017_09_04_06_509 -  Fetching the Attribute : name - Element : [[IOSDriver:  on MAC (fff889e9-bb01-42c1-b1bb-ba4451359056)] -> xpath: //XCUIElementTypeButton[@label='btnfront']]]]>
            </line>
            <line>
              <![CDATA[09_20_2017_09_04_07_490 -  Waiting For Element : [[IOSDriver:  on MAC (fff889e9-bb01-42c1-b1bb-ba4451359056)] -> xpath: //XCUIElementTypeButton[@label='btnnurs']]]]>
            </line>
            <line>
              <![CDATA[09_20_2017_09_04_07_704 -  Is the Element Displayed on Screen : [[IOSDriver:  on MAC (fff889e9-bb01-42c1-b1bb-ba4451359056)] -> xpath: //XCUIElementTypeButton[@label='btnnurs']]]]>
            </line>
            <line>
              <![CDATA[09_20_2017_09_04_07_964 -  Waiting For Element : [[IOSDriver:  on MAC (fff889e9-bb01-42c1-b1bb-ba4451359056)] -> xpath: //XCUIElementTypeButton[@label='btnnurs']]]]>
            </line>
            <line>
              <![CDATA[09_20_2017_09_04_08_221 -  Fetching the Attribute : name - Element : [[IOSDriver:  on MAC (fff889e9-bb01-42c1-b1bb-ba4451359056)] -> xpath: //XCUIElementTypeButton[@label='btnnurs']]]]>
            </line>
            <line>
              <![CDATA[09_20_2017_09_04_09_190 -  Waiting For Element : [[IOSDriver:  on MAC (fff889e9-bb01-42c1-b1bb-ba4451359056)] -> xpath: //XCUIElementTypeButton[contains(@label,'BACK TO START')]]]]>
            </line>
            <line>
              <![CDATA[09_20_2017_09_04_09_399 -  Is the Element Displayed on Screen : [[IOSDriver:  on MAC (fff889e9-bb01-42c1-b1bb-ba4451359056)] -> xpath: //XCUIElementTypeButton[contains(@label,'BACK TO START')]]]]>
            </line>
            <line>
              <![CDATA[09_20_2017_09_04_09_646 -  Waiting For Element : [[IOSDriver:  on MAC (fff889e9-bb01-42c1-b1bb-ba4451359056)] -> xpath: //XCUIElementTypeButton[contains(@label,'BACK TO START')]]]]>
            </line>
            <line>
              <![CDATA[09_20_2017_09_04_09_890 -  Fetching the Attribute : name - Element : [[IOSDriver:  on MAC (fff889e9-bb01-42c1-b1bb-ba4451359056)] -> xpath: //XCUIElementTypeButton[contains(@label,'BACK TO START')]]]]>
            </line>
            <line>
              <![CDATA[09_20_2017_09_04_13_385 -  Single Tap On Element : [[IOSDriver:  on MAC (fff889e9-bb01-42c1-b1bb-ba4451359056)] -> xpath: //XCUIElementTypeButton[contains(@label,'BACK TO START')]]]]>
            </line>
            <line>
              <![CDATA[09_20_2017_09_04_13_979 -  Waiting For Element : [[IOSDriver:  on MAC (fff889e9-bb01-42c1-b1bb-ba4451359056)] -> xpath: //XCUIElementTypeButton[@label='About']]]]>
            </line>
            <line>
              <![CDATA[09_20_2017_09_04_14_159 -  Is the Element Displayed on Screen : [[IOSDriver:  on MAC (fff889e9-bb01-42c1-b1bb-ba4451359056)] -> xpath: //XCUIElementTypeButton[@label='About']]]]>
            </line>
            <line>
              <![CDATA[09_20_2017_09_04_17_417 -  Single Tap On Element : [[IOSDriver:  on MAC (fff889e9-bb01-42c1-b1bb-ba4451359056)] -> xpath: //XCUIElementTypeButton[@label='About']]]]>
            </line>
            <line>
              <![CDATA[09_20_2017_09_04_17_418 -  Waiting for : 1 second(s)]]>
            </line>
            <line>
              <![CDATA[09_20_2017_09_04_18_421 -  Capturing Screenshot and Adding to Extent Reports]]>
            </line>
            <line>
              <![CDATA[09_20_2017_09_04_19_225 -  Waiting For Element : [[IOSDriver:  on MAC (fff889e9-bb01-42c1-b1bb-ba4451359056)] -> xpath: //XCUIElementTypeImage[@name='aboutpage']]]]>
            </line>
            <line>
              <![CDATA[09_20_2017_09_04_19_407 -  Is the Element Displayed on Screen : [[IOSDriver:  on MAC (fff889e9-bb01-42c1-b1bb-ba4451359056)] -> xpath: //XCUIElementTypeImage[@name='aboutpage']]]]>
            </line>
            <line>
              <![CDATA[09_20_2017_09_04_20_148 -  Waiting For Element : [[IOSDriver:  on MAC (fff889e9-bb01-42c1-b1bb-ba4451359056)] -> xpath: //XCUIElementTypeStaticText[@label='version 1.1']]]]>
            </line>
            <line>
              <![CDATA[09_20_2017_09_04_20_300 -  Is the Element Displayed on Screen : [[IOSDriver:  on MAC (fff889e9-bb01-42c1-b1bb-ba4451359056)] -> xpath: //XCUIElementTypeStaticText[@label='version 1.1']]]]>
            </line>
            <line>
              <![CDATA[09_20_2017_09_04_20_532 -  Test Passed :  test_01_HomeSafety_LaunchPage]]>
            </line>
          </reporter-output>
        </test-method> <!-- test_01_HomeSafety_LaunchPage -->
        <test-method status="PASS" signature="after_Method(org.testng.ITestResult)[pri:0, instance:iOS.HomeSafetyApp.scripts.Test_01_HomeSafety_LaunchPage@55d56113]" name="after_Method" is-config="true" duration-ms="3" started-at="2017-09-20T21:04:20Z" finished-at="2017-09-20T21:04:20Z">
          <params>
            <param index="0">
              <value>
                <![CDATA[[TestResult name=test_01_HomeSafety_LaunchPage status=SUCCESS method=Test_01_HomeSafety_LaunchPage.test_01_HomeSafety_LaunchPage(java.util.Map)[pri:0, instance:iOS.HomeSafetyApp.scripts.Test_01_HomeSafety_LaunchPage@55d56113] output=09_20_2017_09_03_46_406 -  Started Test : test_01_HomeSafety_LaunchPage]]]>
              </value>
            </param>
          </params>
          <reporter-output>
            <line>
              <![CDATA[09_20_2017_09_04_20_535    ***************** Execution Complete : TEST_01_HOMESAFETY_LAUNCHPAGE ******************]]>
            </line>
          </reporter-output>
        </test-method> <!-- after_Method -->
        <test-method status="PASS" signature="after_Suite()[pri:0, instance:iOS.HomeSafetyApp.scripts.Test_01_HomeSafety_LaunchPage@55d56113]" name="after_Suite" is-config="true" duration-ms="960" started-at="2017-09-20T21:04:20Z" finished-at="2017-09-20T21:04:21Z">
          <reporter-output>
            <line>
              <![CDATA[09_20_2017_09_04_21_304 - App Closed ]]>
            </line>
            <line>
              <![CDATA[09_20_2017_09_04_21_734  *** iPhone |  ***** Suite Execution Completed *****]]>
            </line>
          </reporter-output>
        </test-method> <!-- after_Suite -->
      </class> <!-- iOS.HomeSafetyApp.scripts.Test_01_HomeSafety_LaunchPage -->
    </test> <!-- HomeSafetyApp_Test -->
  </suite> <!-- HomeSafetyApp_Suite -->
</testng-results>
